#
# There is insufficient memory for the Java Runtime Environment to continue.
# Native memory allocation (malloc) failed to allocate 382288 bytes for Chunk::new
# Possible reasons:
#   The system is out of physical RAM or swap space
#   The process is running with CompressedOops enabled, and the Java Heap may be blocking the growth of the native heap
# Possible solutions:
#   Reduce memory load on the system
#   Increase physical memory or swap space
#   Check if swap backing store is full
#   Decrease Java heap size (-Xmx/-Xms)
#   Decrease number of Java threads
#   Decrease Java thread stack sizes (-Xss)
#   Set larger code cache with -XX:ReservedCodeCacheSize=
#   JVM is running with Unscaled Compressed Oops mode in which the Java heap is
#     placed in the first 4GB address space. The Java Heap base address is the
#     maximum limit for the native heap growth. Please use -XX:HeapBaseMinAddress
#     to set the Java Heap base and to place the Java Heap above 4GB virtual address.
# This output file may be truncated or incomplete.
#
#  Out of Memory Error (arena.cpp:189), pid=13636, tid=13972
#
# JRE version: Java(TM) SE Runtime Environment (17.0.2+8) (build 17.0.2+8-LTS-86)
# Java VM: Java HotSpot(TM) 64-Bit Server VM (17.0.2+8-LTS-86, mixed mode, sharing, tiered, compressed oops, compressed class ptrs, g1 gc, windows-amd64)
# No core dump will be written. Minidumps are not enabled by default on client versions of Windows
#

---------------  S U M M A R Y ------------

Command Line: --add-opens=java.base/java.util=ALL-UNNAMED --add-opens=java.base/java.lang=ALL-UNNAMED --add-opens=java.base/java.lang.invoke=ALL-UNNAMED --add-opens=java.base/java.util=ALL-UNNAMED --add-opens=java.prefs/java.util.prefs=ALL-UNNAMED --add-opens=java.prefs/java.util.prefs=ALL-UNNAMED --add-opens=java.base/java.nio.charset=ALL-UNNAMED --add-opens=java.base/java.net=ALL-UNNAMED --add-opens=java.base/java.util.concurrent.atomic=ALL-UNNAMED -Xmx1536M -Dfile.encoding=utf8 -Duser.country=US -Duser.language=en -Duser.variant org.gradle.launcher.daemon.bootstrap.GradleDaemon 7.5

Host: Intel(R) Core(TM) i5-7300U CPU @ 2.60GHz, 4 cores, 7G,  Windows 10 , 64 bit Build 19041 (10.0.19041.3636)
Time: Fri Feb  2 18:32:05 2024 Pakistan Standard Time elapsed time: 4.761409 seconds (0d 0h 0m 4s)

---------------  T H R E A D  ---------------

Current thread (0x000001cb77f20ef0):  JavaThread "C2 CompilerThread0" daemon [_thread_in_native, id=13972, stack(0x00000097c5900000,0x00000097c5a00000)]


Current CompileTask:
C2:   4761 2003       4       java.util.LinkedHashMap::get (29 bytes)

Stack: [0x00000097c5900000,0x00000097c5a00000]
Native frames: (J=compiled Java code, j=interpreted, Vv=VM code, C=native code)
V  [jvm.dll+0x670baa]
V  [jvm.dll+0x7cfcb4]
V  [jvm.dll+0x7d145e]
V  [jvm.dll+0x7d1ac3]
V  [jvm.dll+0x242bc5]
V  [jvm.dll+0xaa57b]
V  [jvm.dll+0xaab0c]
V  [jvm.dll+0x35fd07]
V  [jvm.dll+0x1b9982]
V  [jvm.dll+0x215de9]
V  [jvm.dll+0x2150b1]
V  [jvm.dll+0x1a1bbd]
V  [jvm.dll+0x224908]
V  [jvm.dll+0x222a6c]
V  [jvm.dll+0x7859bb]
V  [jvm.dll+0x77ff7a]
V  [jvm.dll+0x66fa35]
C  [ucrtbase.dll+0x21bb2]
C  [KERNEL32.DLL+0x17344]
C  [ntdll.dll+0x526b1]


---------------  P R O C E S S  ---------------

Threads class SMR info:
_java_thread_list=0x000001cb7a358620, length=24, elements={
0x000001cb5b94a720, 0x000001cb77f00e10, 0x000001cb77f01b90, 0x000001cb77f14970,
0x000001cb77f165a0, 0x000001cb77f17060, 0x000001cb77f1ad40, 0x000001cb77f20ef0,
0x000001cb77f298b0, 0x000001cb77f2a1b0, 0x000001cb78992e00, 0x000001cb789936e0,
0x000001cb793d1d20, 0x000001cb79a66c90, 0x000001cb796fc890, 0x000001cb79f840a0,
0x000001cb7a2e6010, 0x000001cb7a08f9b0, 0x000001cb7a090ea0, 0x000001cb7942fa90,
0x000001cb7942d410, 0x000001cb7942e750, 0x000001cb7942f5c0, 0x000001cb7942f0f0
}

Java Threads: ( => current thread )
  0x000001cb5b94a720 JavaThread "main" [_thread_blocked, id=14644, stack(0x00000097c4c00000,0x00000097c4d00000)]
  0x000001cb77f00e10 JavaThread "Reference Handler" daemon [_thread_blocked, id=16224, stack(0x00000097c5300000,0x00000097c5400000)]
  0x000001cb77f01b90 JavaThread "Finalizer" daemon [_thread_blocked, id=15548, stack(0x00000097c5400000,0x00000097c5500000)]
  0x000001cb77f14970 JavaThread "Signal Dispatcher" daemon [_thread_blocked, id=824, stack(0x00000097c5500000,0x00000097c5600000)]
  0x000001cb77f165a0 JavaThread "Attach Listener" daemon [_thread_blocked, id=3912, stack(0x00000097c5600000,0x00000097c5700000)]
  0x000001cb77f17060 JavaThread "Service Thread" daemon [_thread_blocked, id=68, stack(0x00000097c5700000,0x00000097c5800000)]
  0x000001cb77f1ad40 JavaThread "Monitor Deflation Thread" daemon [_thread_blocked, id=14952, stack(0x00000097c5800000,0x00000097c5900000)]
=>0x000001cb77f20ef0 JavaThread "C2 CompilerThread0" daemon [_thread_in_native, id=13972, stack(0x00000097c5900000,0x00000097c5a00000)]
  0x000001cb77f298b0 JavaThread "C1 CompilerThread0" daemon [_thread_in_vm, id=6020, stack(0x00000097c5a00000,0x00000097c5b00000)]
  0x000001cb77f2a1b0 JavaThread "Sweeper thread" daemon [_thread_blocked, id=5248, stack(0x00000097c5b00000,0x00000097c5c00000)]
  0x000001cb78992e00 JavaThread "Common-Cleaner" daemon [_thread_blocked, id=5288, stack(0x00000097c5c00000,0x00000097c5d00000)]
  0x000001cb789936e0 JavaThread "Notification Thread" daemon [_thread_blocked, id=8296, stack(0x00000097c5d00000,0x00000097c5e00000)]
  0x000001cb793d1d20 JavaThread "Daemon health stats" [_thread_blocked, id=4964, stack(0x00000097c6200000,0x00000097c6300000)]
  0x000001cb79a66c90 JavaThread "Incoming local TCP Connector on port 50252" [_thread_in_native, id=5080, stack(0x00000097c6300000,0x00000097c6400000)]
  0x000001cb796fc890 JavaThread "Daemon periodic checks" [_thread_blocked, id=3292, stack(0x00000097c6400000,0x00000097c6500000)]
  0x000001cb79f840a0 JavaThread "Daemon" [_thread_blocked, id=13264, stack(0x00000097c6500000,0x00000097c6600000)]
  0x000001cb7a2e6010 JavaThread "Handler for socket connection from /127.0.0.1:50252 to /127.0.0.1:50253" [_thread_in_native, id=16204, stack(0x00000097c6600000,0x00000097c6700000)]
  0x000001cb7a08f9b0 JavaThread "Cancel handler" [_thread_blocked, id=444, stack(0x00000097c6700000,0x00000097c6800000)]
  0x000001cb7a090ea0 JavaThread "Daemon worker" [_thread_in_Java, id=16272, stack(0x00000097c6800000,0x00000097c6900000)]
  0x000001cb7942fa90 JavaThread "Asynchronous log dispatcher for DefaultDaemonConnection: socket connection from /127.0.0.1:50252 to /127.0.0.1:50253" [_thread_blocked, id=6912, stack(0x00000097c6900000,0x00000097c6a00000)]
  0x000001cb7942d410 JavaThread "Stdin handler" [_thread_blocked, id=13940, stack(0x00000097c6a00000,0x00000097c6b00000)]
  0x000001cb7942e750 JavaThread "Daemon client event forwarder" [_thread_blocked, id=2692, stack(0x00000097c6b00000,0x00000097c6c00000)]
  0x000001cb7942f5c0 JavaThread "Cache worker for journal cache (E:\Gradle\gradle-7.5\caches\journal-1)" [_thread_blocked, id=728, stack(0x00000097c6c00000,0x00000097c6d00000)]
  0x000001cb7942f0f0 JavaThread "File lock request listener" [_thread_in_native, id=10852, stack(0x00000097c6d00000,0x00000097c6e00000)]

Other Threads:
  0x000001cb77efaa40 VMThread "VM Thread" [stack: 0x00000097c5200000,0x00000097c5300000] [id=8832]
  0x000001cb5b99e080 WatcherThread [stack: 0x00000097c5e00000,0x00000097c5f00000] [id=120]
  0x000001cb5b97f610 GCTaskThread "GC Thread#0" [stack: 0x00000097c4d00000,0x00000097c4e00000] [id=14480]
  0x000001cb78c32ad0 GCTaskThread "GC Thread#1" [stack: 0x00000097c5f00000,0x00000097c6000000] [id=10796]
  0x000001cb78bdeb90 GCTaskThread "GC Thread#2" [stack: 0x00000097c6000000,0x00000097c6100000] [id=9884]
  0x000001cb794916a0 GCTaskThread "GC Thread#3" [stack: 0x00000097c6100000,0x00000097c6200000] [id=11216]
  0x000001cb5b98c460 ConcurrentGCThread "G1 Main Marker" [stack: 0x00000097c4e00000,0x00000097c4f00000] [id=16344]
  0x000001cb5b98d520 ConcurrentGCThread "G1 Conc#0" [stack: 0x00000097c4f00000,0x00000097c5000000] [id=12740]
  0x000001cb5b9f5390 ConcurrentGCThread "G1 Refine#0" [stack: 0x00000097c5000000,0x00000097c5100000] [id=15788]
  0x000001cb5b9f5cc0 ConcurrentGCThread "G1 Service" [stack: 0x00000097c5100000,0x00000097c5200000] [id=8380]

Threads with active compile tasks:
C2 CompilerThread0     4825 2003       4       java.util.LinkedHashMap::get (29 bytes)
C1 CompilerThread0     4825 2032       3       java.lang.invoke.VarHandleGuards::guard_LLL_Z (86 bytes)

VM state: not at safepoint (normal execution)

VM Mutex/Monitor currently owned by a thread: None

Heap address: 0x00000000a0000000, size: 1536 MB, Compressed Oops mode: 32-bit

CDS archive(s) mapped at: [0x0000000800000000-0x0000000800bc0000-0x0000000800bc0000), size 12320768, SharedBaseAddress: 0x0000000800000000, ArchiveRelocationMode: 0.
Compressed class space mapped at: 0x0000000800c00000-0x0000000840c00000, reserved size: 1073741824
Narrow klass base: 0x0000000800000000, Narrow klass shift: 0, Narrow klass range: 0x100000000

GC Precious Log:
 CPUs: 4 total, 4 available
 Memory: 7813M
 Large Page Support: Disabled
 NUMA Support: Disabled
 Compressed Oops: Enabled (32-bit)
 Heap Region Size: 1M
 Heap Min Capacity: 8M
 Heap Initial Capacity: 124M
 Heap Max Capacity: 1536M
 Pre-touch: Disabled
 Parallel Workers: 4
 Concurrent Workers: 1
 Concurrent Refinement Workers: 4
 Periodic GC: Disabled

Heap:
 garbage-first heap   total 126976K, used 56628K [0x00000000a0000000, 0x0000000100000000)
  region size 1024K, 47 young (48128K), 3 survivors (3072K)
 Metaspace       used 12761K, committed 13120K, reserved 1064960K
  class space    used 1805K, committed 1984K, reserved 1048576K

Heap Regions: E=young(eden), S=young(survivor), O=old, HS=humongous(starts), HC=humongous(continues), CS=collection set, F=free, OA=open archive, CA=closed archive, TAMS=top-at-mark-start (previous, next)
|   0|0x00000000a0000000, 0x00000000a0100000, 0x00000000a0100000|100%|HS|  |TAMS 0x00000000a0000000, 0x00000000a0000000| Complete 
|   1|0x00000000a0100000, 0x00000000a0200000, 0x00000000a0200000|100%|HC|  |TAMS 0x00000000a0100000, 0x00000000a0100000| Complete 
|   2|0x00000000a0200000, 0x00000000a0300000, 0x00000000a0300000|100%|HC|  |TAMS 0x00000000a0200000, 0x00000000a0200000| Complete 
|   3|0x00000000a0300000, 0x00000000a0400000, 0x00000000a0400000|100%| O|  |TAMS 0x00000000a0300000, 0x00000000a0300000| Untracked 
|   4|0x00000000a0400000, 0x00000000a0500000, 0x00000000a0500000|100%| O|  |TAMS 0x00000000a0400000, 0x00000000a0400000| Untracked 
|   5|0x00000000a0500000, 0x00000000a0600000, 0x00000000a0600000|100%| O|  |TAMS 0x00000000a0500000, 0x00000000a0500000| Untracked 
|   6|0x00000000a0600000, 0x00000000a0700000, 0x00000000a0700000|100%| O|  |TAMS 0x00000000a0600000, 0x00000000a0600000| Untracked 
|   7|0x00000000a0700000, 0x00000000a0700000, 0x00000000a0800000|  0%| F|  |TAMS 0x00000000a0700000, 0x00000000a0700000| Untracked 
|   8|0x00000000a0800000, 0x00000000a0900000, 0x00000000a0900000|100%| O|  |TAMS 0x00000000a0800000, 0x00000000a0800000| Untracked 
|   9|0x00000000a0900000, 0x00000000a0a00000, 0x00000000a0a00000|100%| O|  |TAMS 0x00000000a0900000, 0x00000000a0900000| Untracked 
|  10|0x00000000a0a00000, 0x00000000a0a5f400, 0x00000000a0b00000| 37%| O|  |TAMS 0x00000000a0a00000, 0x00000000a0a00000| Untracked 
|  11|0x00000000a0b00000, 0x00000000a0b00000, 0x00000000a0c00000|  0%| F|  |TAMS 0x00000000a0b00000, 0x00000000a0b00000| Untracked 
|  12|0x00000000a0c00000, 0x00000000a0c00000, 0x00000000a0d00000|  0%| F|  |TAMS 0x00000000a0c00000, 0x00000000a0c00000| Untracked 
|  13|0x00000000a0d00000, 0x00000000a0d00000, 0x00000000a0e00000|  0%| F|  |TAMS 0x00000000a0d00000, 0x00000000a0d00000| Untracked 
|  14|0x00000000a0e00000, 0x00000000a0e00000, 0x00000000a0f00000|  0%| F|  |TAMS 0x00000000a0e00000, 0x00000000a0e00000| Untracked 
|  15|0x00000000a0f00000, 0x00000000a0f00000, 0x00000000a1000000|  0%| F|  |TAMS 0x00000000a0f00000, 0x00000000a0f00000| Untracked 
|  16|0x00000000a1000000, 0x00000000a1000000, 0x00000000a1100000|  0%| F|  |TAMS 0x00000000a1000000, 0x00000000a1000000| Untracked 
|  17|0x00000000a1100000, 0x00000000a1100000, 0x00000000a1200000|  0%| F|  |TAMS 0x00000000a1100000, 0x00000000a1100000| Untracked 
|  18|0x00000000a1200000, 0x00000000a1200000, 0x00000000a1300000|  0%| F|  |TAMS 0x00000000a1200000, 0x00000000a1200000| Untracked 
|  19|0x00000000a1300000, 0x00000000a1300000, 0x00000000a1400000|  0%| F|  |TAMS 0x00000000a1300000, 0x00000000a1300000| Untracked 
|  20|0x00000000a1400000, 0x00000000a1400000, 0x00000000a1500000|  0%| F|  |TAMS 0x00000000a1400000, 0x00000000a1400000| Untracked 
|  21|0x00000000a1500000, 0x00000000a1500000, 0x00000000a1600000|  0%| F|  |TAMS 0x00000000a1500000, 0x00000000a1500000| Untracked 
|  22|0x00000000a1600000, 0x00000000a1600000, 0x00000000a1700000|  0%| F|  |TAMS 0x00000000a1600000, 0x00000000a1600000| Untracked 
|  23|0x00000000a1700000, 0x00000000a1700000, 0x00000000a1800000|  0%| F|  |TAMS 0x00000000a1700000, 0x00000000a1700000| Untracked 
|  24|0x00000000a1800000, 0x00000000a1800000, 0x00000000a1900000|  0%| F|  |TAMS 0x00000000a1800000, 0x00000000a1800000| Untracked 
|  25|0x00000000a1900000, 0x00000000a1900000, 0x00000000a1a00000|  0%| F|  |TAMS 0x00000000a1900000, 0x00000000a1900000| Untracked 
|  26|0x00000000a1a00000, 0x00000000a1a00000, 0x00000000a1b00000|  0%| F|  |TAMS 0x00000000a1a00000, 0x00000000a1a00000| Untracked 
|  27|0x00000000a1b00000, 0x00000000a1b00000, 0x00000000a1c00000|  0%| F|  |TAMS 0x00000000a1b00000, 0x00000000a1b00000| Untracked 
|  28|0x00000000a1c00000, 0x00000000a1c00000, 0x00000000a1d00000|  0%| F|  |TAMS 0x00000000a1c00000, 0x00000000a1c00000| Untracked 
|  29|0x00000000a1d00000, 0x00000000a1d00000, 0x00000000a1e00000|  0%| F|  |TAMS 0x00000000a1d00000, 0x00000000a1d00000| Untracked 
|  30|0x00000000a1e00000, 0x00000000a1e00000, 0x00000000a1f00000|  0%| F|  |TAMS 0x00000000a1e00000, 0x00000000a1e00000| Untracked 
|  31|0x00000000a1f00000, 0x00000000a1f00000, 0x00000000a2000000|  0%| F|  |TAMS 0x00000000a1f00000, 0x00000000a1f00000| Untracked 
|  32|0x00000000a2000000, 0x00000000a2000000, 0x00000000a2100000|  0%| F|  |TAMS 0x00000000a2000000, 0x00000000a2000000| Untracked 
|  33|0x00000000a2100000, 0x00000000a2100000, 0x00000000a2200000|  0%| F|  |TAMS 0x00000000a2100000, 0x00000000a2100000| Untracked 
|  34|0x00000000a2200000, 0x00000000a2200000, 0x00000000a2300000|  0%| F|  |TAMS 0x00000000a2200000, 0x00000000a2200000| Untracked 
|  35|0x00000000a2300000, 0x00000000a2300000, 0x00000000a2400000|  0%| F|  |TAMS 0x00000000a2300000, 0x00000000a2300000| Untracked 
|  36|0x00000000a2400000, 0x00000000a2400000, 0x00000000a2500000|  0%| F|  |TAMS 0x00000000a2400000, 0x00000000a2400000| Untracked 
|  37|0x00000000a2500000, 0x00000000a2500000, 0x00000000a2600000|  0%| F|  |TAMS 0x00000000a2500000, 0x00000000a2500000| Untracked 
|  38|0x00000000a2600000, 0x00000000a2600000, 0x00000000a2700000|  0%| F|  |TAMS 0x00000000a2600000, 0x00000000a2600000| Untracked 
|  39|0x00000000a2700000, 0x00000000a2700000, 0x00000000a2800000|  0%| F|  |TAMS 0x00000000a2700000, 0x00000000a2700000| Untracked 
|  40|0x00000000a2800000, 0x00000000a2800000, 0x00000000a2900000|  0%| F|  |TAMS 0x00000000a2800000, 0x00000000a2800000| Untracked 
|  41|0x00000000a2900000, 0x00000000a2900000, 0x00000000a2a00000|  0%| F|  |TAMS 0x00000000a2900000, 0x00000000a2900000| Untracked 
|  42|0x00000000a2a00000, 0x00000000a2a00000, 0x00000000a2b00000|  0%| F|  |TAMS 0x00000000a2a00000, 0x00000000a2a00000| Untracked 
|  43|0x00000000a2b00000, 0x00000000a2b00000, 0x00000000a2c00000|  0%| F|  |TAMS 0x00000000a2b00000, 0x00000000a2b00000| Untracked 
|  44|0x00000000a2c00000, 0x00000000a2c00000, 0x00000000a2d00000|  0%| F|  |TAMS 0x00000000a2c00000, 0x00000000a2c00000| Untracked 
|  45|0x00000000a2d00000, 0x00000000a2d00000, 0x00000000a2e00000|  0%| F|  |TAMS 0x00000000a2d00000, 0x00000000a2d00000| Untracked 
|  46|0x00000000a2e00000, 0x00000000a2e00000, 0x00000000a2f00000|  0%| F|  |TAMS 0x00000000a2e00000, 0x00000000a2e00000| Untracked 
|  47|0x00000000a2f00000, 0x00000000a2f00000, 0x00000000a3000000|  0%| F|  |TAMS 0x00000000a2f00000, 0x00000000a2f00000| Untracked 
|  48|0x00000000a3000000, 0x00000000a3000000, 0x00000000a3100000|  0%| F|  |TAMS 0x00000000a3000000, 0x00000000a3000000| Untracked 
|  49|0x00000000a3100000, 0x00000000a3100000, 0x00000000a3200000|  0%| F|  |TAMS 0x00000000a3100000, 0x00000000a3100000| Untracked 
|  50|0x00000000a3200000, 0x00000000a3200000, 0x00000000a3300000|  0%| F|  |TAMS 0x00000000a3200000, 0x00000000a3200000| Untracked 
|  51|0x00000000a3300000, 0x00000000a3300000, 0x00000000a3400000|  0%| F|  |TAMS 0x00000000a3300000, 0x00000000a3300000| Untracked 
|  52|0x00000000a3400000, 0x00000000a3400000, 0x00000000a3500000|  0%| F|  |TAMS 0x00000000a3400000, 0x00000000a3400000| Untracked 
|  53|0x00000000a3500000, 0x00000000a3500000, 0x00000000a3600000|  0%| F|  |TAMS 0x00000000a3500000, 0x00000000a3500000| Untracked 
|  54|0x00000000a3600000, 0x00000000a3600000, 0x00000000a3700000|  0%| F|  |TAMS 0x00000000a3600000, 0x00000000a3600000| Untracked 
|  55|0x00000000a3700000, 0x00000000a3700000, 0x00000000a3800000|  0%| F|  |TAMS 0x00000000a3700000, 0x00000000a3700000| Untracked 
|  56|0x00000000a3800000, 0x00000000a3800000, 0x00000000a3900000|  0%| F|  |TAMS 0x00000000a3800000, 0x00000000a3800000| Untracked 
|  57|0x00000000a3900000, 0x00000000a3900000, 0x00000000a3a00000|  0%| F|  |TAMS 0x00000000a3900000, 0x00000000a3900000| Untracked 
|  58|0x00000000a3a00000, 0x00000000a3a00000, 0x00000000a3b00000|  0%| F|  |TAMS 0x00000000a3a00000, 0x00000000a3a00000| Untracked 
|  59|0x00000000a3b00000, 0x00000000a3b00000, 0x00000000a3c00000|  0%| F|  |TAMS 0x00000000a3b00000, 0x00000000a3b00000| Untracked 
|  60|0x00000000a3c00000, 0x00000000a3c00000, 0x00000000a3d00000|  0%| F|  |TAMS 0x00000000a3c00000, 0x00000000a3c00000| Untracked 
|  61|0x00000000a3d00000, 0x00000000a3d00000, 0x00000000a3e00000|  0%| F|  |TAMS 0x00000000a3d00000, 0x00000000a3d00000| Untracked 
|  62|0x00000000a3e00000, 0x00000000a3e00000, 0x00000000a3f00000|  0%| F|  |TAMS 0x00000000a3e00000, 0x00000000a3e00000| Untracked 
|  63|0x00000000a3f00000, 0x00000000a3f00000, 0x00000000a4000000|  0%| F|  |TAMS 0x00000000a3f00000, 0x00000000a3f00000| Untracked 
|  64|0x00000000a4000000, 0x00000000a4000000, 0x00000000a4100000|  0%| F|  |TAMS 0x00000000a4000000, 0x00000000a4000000| Untracked 
|  65|0x00000000a4100000, 0x00000000a4100000, 0x00000000a4200000|  0%| F|  |TAMS 0x00000000a4100000, 0x00000000a4100000| Untracked 
|  66|0x00000000a4200000, 0x00000000a4200000, 0x00000000a4300000|  0%| F|  |TAMS 0x00000000a4200000, 0x00000000a4200000| Untracked 
|  67|0x00000000a4300000, 0x00000000a4300000, 0x00000000a4400000|  0%| F|  |TAMS 0x00000000a4300000, 0x00000000a4300000| Untracked 
|  68|0x00000000a4400000, 0x00000000a4400000, 0x00000000a4500000|  0%| F|  |TAMS 0x00000000a4400000, 0x00000000a4400000| Untracked 
|  69|0x00000000a4500000, 0x00000000a4500000, 0x00000000a4600000|  0%| F|  |TAMS 0x00000000a4500000, 0x00000000a4500000| Untracked 
|  70|0x00000000a4600000, 0x00000000a4600000, 0x00000000a4700000|  0%| F|  |TAMS 0x00000000a4600000, 0x00000000a4600000| Untracked 
|  71|0x00000000a4700000, 0x00000000a4700000, 0x00000000a4800000|  0%| F|  |TAMS 0x00000000a4700000, 0x00000000a4700000| Untracked 
|  72|0x00000000a4800000, 0x00000000a4800000, 0x00000000a4900000|  0%| F|  |TAMS 0x00000000a4800000, 0x00000000a4800000| Untracked 
|  73|0x00000000a4900000, 0x00000000a4900000, 0x00000000a4a00000|  0%| F|  |TAMS 0x00000000a4900000, 0x00000000a4900000| Untracked 
|  74|0x00000000a4a00000, 0x00000000a4a00000, 0x00000000a4b00000|  0%| F|  |TAMS 0x00000000a4a00000, 0x00000000a4a00000| Untracked 
|  75|0x00000000a4b00000, 0x00000000a4b00000, 0x00000000a4c00000|  0%| F|  |TAMS 0x00000000a4b00000, 0x00000000a4b00000| Untracked 
|  76|0x00000000a4c00000, 0x00000000a4c00000, 0x00000000a4d00000|  0%| F|  |TAMS 0x00000000a4c00000, 0x00000000a4c00000| Untracked 
|  77|0x00000000a4d00000, 0x00000000a4e00000, 0x00000000a4e00000|100%| E|  |TAMS 0x00000000a4d00000, 0x00000000a4d00000| Complete 
|  78|0x00000000a4e00000, 0x00000000a4f00000, 0x00000000a4f00000|100%| E|CS|TAMS 0x00000000a4e00000, 0x00000000a4e00000| Complete 
|  79|0x00000000a4f00000, 0x00000000a5000000, 0x00000000a5000000|100%| E|CS|TAMS 0x00000000a4f00000, 0x00000000a4f00000| Complete 
|  80|0x00000000a5000000, 0x00000000a5100000, 0x00000000a5100000|100%| E|CS|TAMS 0x00000000a5000000, 0x00000000a5000000| Complete 
|  81|0x00000000a5100000, 0x00000000a5200000, 0x00000000a5200000|100%| E|CS|TAMS 0x00000000a5100000, 0x00000000a5100000| Complete 
|  82|0x00000000a5200000, 0x00000000a5300000, 0x00000000a5300000|100%| E|CS|TAMS 0x00000000a5200000, 0x00000000a5200000| Complete 
|  83|0x00000000a5300000, 0x00000000a5400000, 0x00000000a5400000|100%| E|CS|TAMS 0x00000000a5300000, 0x00000000a5300000| Complete 
|  84|0x00000000a5400000, 0x00000000a5500000, 0x00000000a5500000|100%| E|CS|TAMS 0x00000000a5400000, 0x00000000a5400000| Complete 
|  85|0x00000000a5500000, 0x00000000a5600000, 0x00000000a5600000|100%| E|CS|TAMS 0x00000000a5500000, 0x00000000a5500000| Complete 
|  86|0x00000000a5600000, 0x00000000a5700000, 0x00000000a5700000|100%| E|CS|TAMS 0x00000000a5600000, 0x00000000a5600000| Complete 
|  87|0x00000000a5700000, 0x00000000a5800000, 0x00000000a5800000|100%| E|CS|TAMS 0x00000000a5700000, 0x00000000a5700000| Complete 
|  88|0x00000000a5800000, 0x00000000a5900000, 0x00000000a5900000|100%| E|CS|TAMS 0x00000000a5800000, 0x00000000a5800000| Complete 
|  89|0x00000000a5900000, 0x00000000a5a00000, 0x00000000a5a00000|100%| E|CS|TAMS 0x00000000a5900000, 0x00000000a5900000| Complete 
|  90|0x00000000a5a00000, 0x00000000a5b00000, 0x00000000a5b00000|100%| E|CS|TAMS 0x00000000a5a00000, 0x00000000a5a00000| Complete 
|  91|0x00000000a5b00000, 0x00000000a5c00000, 0x00000000a5c00000|100%| E|CS|TAMS 0x00000000a5b00000, 0x00000000a5b00000| Complete 
|  92|0x00000000a5c00000, 0x00000000a5d00000, 0x00000000a5d00000|100%| E|CS|TAMS 0x00000000a5c00000, 0x00000000a5c00000| Complete 
|  93|0x00000000a5d00000, 0x00000000a5e00000, 0x00000000a5e00000|100%| E|CS|TAMS 0x00000000a5d00000, 0x00000000a5d00000| Complete 
|  94|0x00000000a5e00000, 0x00000000a5f00000, 0x00000000a5f00000|100%| E|CS|TAMS 0x00000000a5e00000, 0x00000000a5e00000| Complete 
|  95|0x00000000a5f00000, 0x00000000a6000000, 0x00000000a6000000|100%| E|CS|TAMS 0x00000000a5f00000, 0x00000000a5f00000| Complete 
|  96|0x00000000a6000000, 0x00000000a6100000, 0x00000000a6100000|100%| E|CS|TAMS 0x00000000a6000000, 0x00000000a6000000| Complete 
|  97|0x00000000a6100000, 0x00000000a61edef8, 0x00000000a6200000| 92%| S|CS|TAMS 0x00000000a6100000, 0x00000000a6100000| Complete 
|  98|0x00000000a6200000, 0x00000000a6300000, 0x00000000a6300000|100%| S|CS|TAMS 0x00000000a6200000, 0x00000000a6200000| Complete 
|  99|0x00000000a6300000, 0x00000000a6400000, 0x00000000a6400000|100%| S|CS|TAMS 0x00000000a6300000, 0x00000000a6300000| Complete 
| 100|0x00000000a6400000, 0x00000000a6500000, 0x00000000a6500000|100%| E|CS|TAMS 0x00000000a6400000, 0x00000000a6400000| Complete 
| 101|0x00000000a6500000, 0x00000000a6600000, 0x00000000a6600000|100%| E|CS|TAMS 0x00000000a6500000, 0x00000000a6500000| Complete 
| 102|0x00000000a6600000, 0x00000000a6700000, 0x00000000a6700000|100%| E|CS|TAMS 0x00000000a6600000, 0x00000000a6600000| Complete 
| 103|0x00000000a6700000, 0x00000000a6800000, 0x00000000a6800000|100%| E|CS|TAMS 0x00000000a6700000, 0x00000000a6700000| Complete 
| 104|0x00000000a6800000, 0x00000000a6900000, 0x00000000a6900000|100%| E|CS|TAMS 0x00000000a6800000, 0x00000000a6800000| Complete 
| 105|0x00000000a6900000, 0x00000000a6a00000, 0x00000000a6a00000|100%| E|CS|TAMS 0x00000000a6900000, 0x00000000a6900000| Complete 
| 106|0x00000000a6a00000, 0x00000000a6b00000, 0x00000000a6b00000|100%| E|CS|TAMS 0x00000000a6a00000, 0x00000000a6a00000| Complete 
| 107|0x00000000a6b00000, 0x00000000a6c00000, 0x00000000a6c00000|100%| E|CS|TAMS 0x00000000a6b00000, 0x00000000a6b00000| Complete 
| 108|0x00000000a6c00000, 0x00000000a6d00000, 0x00000000a6d00000|100%| E|CS|TAMS 0x00000000a6c00000, 0x00000000a6c00000| Complete 
| 109|0x00000000a6d00000, 0x00000000a6e00000, 0x00000000a6e00000|100%| E|CS|TAMS 0x00000000a6d00000, 0x00000000a6d00000| Complete 
| 110|0x00000000a6e00000, 0x00000000a6f00000, 0x00000000a6f00000|100%| E|CS|TAMS 0x00000000a6e00000, 0x00000000a6e00000| Complete 
| 111|0x00000000a6f00000, 0x00000000a7000000, 0x00000000a7000000|100%| E|CS|TAMS 0x00000000a6f00000, 0x00000000a6f00000| Complete 
| 112|0x00000000a7000000, 0x00000000a7100000, 0x00000000a7100000|100%| E|CS|TAMS 0x00000000a7000000, 0x00000000a7000000| Complete 
| 113|0x00000000a7100000, 0x00000000a7200000, 0x00000000a7200000|100%| E|CS|TAMS 0x00000000a7100000, 0x00000000a7100000| Complete 
| 114|0x00000000a7200000, 0x00000000a7300000, 0x00000000a7300000|100%| E|CS|TAMS 0x00000000a7200000, 0x00000000a7200000| Complete 
| 115|0x00000000a7300000, 0x00000000a7400000, 0x00000000a7400000|100%| E|CS|TAMS 0x00000000a7300000, 0x00000000a7300000| Complete 
| 116|0x00000000a7400000, 0x00000000a7500000, 0x00000000a7500000|100%| E|CS|TAMS 0x00000000a7400000, 0x00000000a7400000| Complete 
| 117|0x00000000a7500000, 0x00000000a7600000, 0x00000000a7600000|100%| E|CS|TAMS 0x00000000a7500000, 0x00000000a7500000| Complete 
| 118|0x00000000a7600000, 0x00000000a7700000, 0x00000000a7700000|100%| E|CS|TAMS 0x00000000a7600000, 0x00000000a7600000| Complete 
| 119|0x00000000a7700000, 0x00000000a7800000, 0x00000000a7800000|100%| E|CS|TAMS 0x00000000a7700000, 0x00000000a7700000| Complete 
| 120|0x00000000a7800000, 0x00000000a7900000, 0x00000000a7900000|100%| E|CS|TAMS 0x00000000a7800000, 0x00000000a7800000| Complete 
| 121|0x00000000a7900000, 0x00000000a7a00000, 0x00000000a7a00000|100%| E|CS|TAMS 0x00000000a7900000, 0x00000000a7900000| Complete 
| 122|0x00000000a7a00000, 0x00000000a7b00000, 0x00000000a7b00000|100%| E|CS|TAMS 0x00000000a7a00000, 0x00000000a7a00000| Complete 
| 123|0x00000000a7b00000, 0x00000000a7c00000, 0x00000000a7c00000|100%| E|CS|TAMS 0x00000000a7b00000, 0x00000000a7b00000| Complete 

Card table byte_map: [0x000001cb724a0000,0x000001cb727a0000] _byte_map_base: 0x000001cb71fa0000

Marking Bits (Prev, Next): (CMBitMap*) 0x000001cb5b97fb30, (CMBitMap*) 0x000001cb5b97fb70
 Prev Bits: [0x000001cb72aa0000, 0x000001cb742a0000)
 Next Bits: [0x000001cb742a0000, 0x000001cb75aa0000)

Polling page: 0x000001cb59800000

Metaspace:

Usage:
  Non-class:     10.72 MB used.
      Class:      1.77 MB used.
       Both:     12.49 MB used.

Virtual space:
  Non-class space:       16.00 MB reserved,      10.88 MB ( 68%) committed,  2 nodes.
      Class space:        1.00 GB reserved,       1.94 MB ( <1%) committed,  1 nodes.
             Both:        1.02 GB reserved,      12.81 MB (  1%) committed. 

Chunk freelists:
   Non-Class:  272.00 KB
       Class:  2.06 MB
        Both:  2.33 MB

MaxMetaspaceSize: unlimited
CompressedClassSpaceSize: 1.00 GB
Initial GC threshold: 21.00 MB
Current GC threshold: 21.00 MB
CDS: on
MetaspaceReclaimPolicy: balanced
 - commit_granule_bytes: 65536.
 - commit_granule_words: 8192.
 - virtual_space_node_default_size: 1048576.
 - enlarge_chunks_in_place: 1.
 - new_chunks_are_fully_committed: 0.
 - uncommit_free_chunks: 1.
 - use_allocation_guard: 0.
 - handle_deallocations: 1.


Internal statistics:

num_allocs_failed_limit: 0.
num_arena_births: 142.
num_arena_deaths: 0.
num_vsnodes_births: 3.
num_vsnodes_deaths: 0.
num_space_committed: 205.
num_space_uncommitted: 0.
num_chunks_returned_to_freelist: 0.
num_chunks_taken_from_freelist: 516.
num_chunk_merges: 0.
num_chunk_splits: 349.
num_chunks_enlarged: 259.
num_purges: 0.
num_inconsistent_stats: 0.

CodeHeap 'non-profiled nmethods': size=120000Kb used=889Kb max_used=889Kb free=119110Kb
 bounds [0x000001cb6ac70000, 0x000001cb6aee0000, 0x000001cb721a0000]
CodeHeap 'profiled nmethods': size=120000Kb used=4101Kb max_used=4101Kb free=115899Kb
 bounds [0x000001cb63740000, 0x000001cb63b50000, 0x000001cb6ac70000]
CodeHeap 'non-nmethods': size=5760Kb used=1203Kb max_used=1221Kb free=4556Kb
 bounds [0x000001cb631a0000, 0x000001cb63410000, 0x000001cb63740000]
 total_blobs=2540 nmethods=2031 adapters=422
 compilation: enabled
              stopped_count=0, restarted_count=0
 full_count=0

Compilation events (20 events):
Event: 4.684 Thread 0x000001cb77f298b0 nmethod 2000 0x000001cb63b29390 code [0x000001cb63b29660, 0x000001cb63b2a4f8]
Event: 4.685 Thread 0x000001cb77f298b0 1999       3       org.gradle.internal.service.DefaultServiceRegistry::access$1000 (5 bytes)
Event: 4.685 Thread 0x000001cb77f298b0 nmethod 1999 0x000001cb63b2aa10 code [0x000001cb63b2aba0, 0x000001cb63b2acc8]
Event: 4.685 Thread 0x000001cb77f298b0 2001       3       org.gradle.internal.service.DefaultServiceRegistry$ClassInspector::getHierarchy (9 bytes)
Event: 4.685 Thread 0x000001cb77f298b0 nmethod 2001 0x000001cb63b2ad90 code [0x000001cb63b2af40, 0x000001cb63b2b088]
Event: 4.687 Thread 0x000001cb77f298b0 2002   !   3       java.util.jar.JarFile$JarFileEntry::getCodeSigners (81 bytes)
Event: 4.688 Thread 0x000001cb77f298b0 nmethod 2002 0x000001cb63b2b190 code [0x000001cb63b2b3a0, 0x000001cb63b2b988]
Event: 4.693 Thread 0x000001cb77f20ef0 2003       4       java.util.LinkedHashMap::get (29 bytes)
Event: 4.712 Thread 0x000001cb77f298b0 2004       3       jdk.internal.reflect.ConstantPool::getUTF8At (10 bytes)
Event: 4.712 Thread 0x000001cb77f298b0 nmethod 2004 0x000001cb63b2bb90 code [0x000001cb63b2bd20, 0x000001cb63b2be68]
Event: 4.716 Thread 0x000001cb77f298b0 2007       3       java.lang.reflect.ProxyGenerator::dotToSlash (9 bytes)
Event: 4.716 Thread 0x000001cb77f298b0 nmethod 2007 0x000001cb63b2bf10 code [0x000001cb63b2c0a0, 0x000001cb63b2c1c8]
Event: 4.716 Thread 0x000001cb77f298b0 2008       3       jdk.internal.org.objectweb.asm.MethodWriter::visitTryCatchBlock (67 bytes)
Event: 4.717 Thread 0x000001cb77f298b0 nmethod 2008 0x000001cb63b2c290 code [0x000001cb63b2c480, 0x000001cb63b2cb28]
Event: 4.717 Thread 0x000001cb77f298b0 2009       3       jdk.internal.org.objectweb.asm.Handler::<init> (32 bytes)
Event: 4.717 Thread 0x000001cb77f298b0 nmethod 2009 0x000001cb63b2cd90 code [0x000001cb63b2cf40, 0x000001cb63b2d218]
Event: 4.717 Thread 0x000001cb77f298b0 2010       3       jdk.internal.reflect.DelegatingConstructorAccessorImpl::newInstance (9 bytes)
Event: 4.718 Thread 0x000001cb77f298b0 nmethod 2010 0x000001cb63b2d310 code [0x000001cb63b2d4c0, 0x000001cb63b2d688]
Event: 4.718 Thread 0x000001cb77f298b0 2011       3       java.lang.Class::privateGetDeclaredMethods (64 bytes)
Event: 4.718 Thread 0x000001cb77f298b0 nmethod 2011 0x000001cb63b2d790 code [0x000001cb63b2d9c0, 0x000001cb63b2e1b8]

GC Heap History (6 events):
Event: 0.817 GC heap before
{Heap before GC invocations=0 (full 0):
 garbage-first heap   total 126976K, used 15360K [0x00000000a0000000, 0x0000000100000000)
  region size 1024K, 13 young (13312K), 0 survivors (0K)
 Metaspace       used 962K, committed 1088K, reserved 1056768K
  class space    used 75K, committed 128K, reserved 1048576K
}
Event: 0.823 GC heap after
{Heap after GC invocations=1 (full 0):
 garbage-first heap   total 126976K, used 3528K [0x00000000a0000000, 0x0000000100000000)
  region size 1024K, 2 young (2048K), 2 survivors (2048K)
 Metaspace       used 962K, committed 1088K, reserved 1056768K
  class space    used 75K, committed 128K, reserved 1048576K
}
Event: 1.651 GC heap before
{Heap before GC invocations=1 (full 0):
 garbage-first heap   total 126976K, used 21960K [0x00000000a0000000, 0x0000000100000000)
  region size 1024K, 17 young (17408K), 2 survivors (2048K)
 Metaspace       used 3793K, committed 3968K, reserved 1056768K
  class space    used 474K, committed 576K, reserved 1048576K
}
Event: 1.660 GC heap after
{Heap after GC invocations=2 (full 0):
 garbage-first heap   total 126976K, used 9704K [0x00000000a0000000, 0x0000000100000000)
  region size 1024K, 3 young (3072K), 3 survivors (3072K)
 Metaspace       used 3793K, committed 3968K, reserved 1056768K
  class space    used 474K, committed 576K, reserved 1048576K
}
Event: 1.946 GC heap before
{Heap before GC invocations=2 (full 0):
 garbage-first heap   total 126976K, used 31208K [0x00000000a0000000, 0x0000000100000000)
  region size 1024K, 24 young (24576K), 3 survivors (3072K)
 Metaspace       used 3920K, committed 4096K, reserved 1056768K
  class space    used 475K, committed 576K, reserved 1048576K
}
Event: 1.953 GC heap after
{Heap after GC invocations=3 (full 0):
 garbage-first heap   total 126976K, used 12596K [0x00000000a0000000, 0x0000000100000000)
  region size 1024K, 3 young (3072K), 3 survivors (3072K)
 Metaspace       used 3920K, committed 4096K, reserved 1056768K
  class space    used 475K, committed 576K, reserved 1048576K
}

Deoptimization events (20 events):
Event: 3.459 Thread 0x000001cb79a66c90 Uncommon trap: trap_request=0xffffffc6 fr.pc=0x000001cb6acdfa64 relative=0x0000000000000144
Event: 3.459 Thread 0x000001cb79a66c90 Uncommon trap: reason=bimorphic_or_optimized_type_check action=maybe_recompile pc=0x000001cb6acdfa64 method=java.util.AbstractList$Itr.next()Ljava/lang/Object; @ 14 c2
Event: 3.459 Thread 0x000001cb79a66c90 DEOPT PACKING pc=0x000001cb6acdfa64 sp=0x00000097c63fdd80
Event: 3.459 Thread 0x000001cb79a66c90 DEOPT UNPACKING pc=0x000001cb631f23a3 sp=0x00000097c63fdd18 mode 2
Event: 3.654 Thread 0x000001cb7a090ea0 Uncommon trap: trap_request=0xffffff45 fr.pc=0x000001cb6ad0c430 relative=0x0000000000001290
Event: 3.654 Thread 0x000001cb7a090ea0 Uncommon trap: reason=unstable_if action=reinterpret pc=0x000001cb6ad0c430 method=java.util.concurrent.ConcurrentHashMap.putVal(Ljava/lang/Object;Ljava/lang/Object;Z)Ljava/lang/Object; @ 256 c2
Event: 3.654 Thread 0x000001cb7a090ea0 DEOPT PACKING pc=0x000001cb6ad0c430 sp=0x00000097c68fea40
Event: 3.654 Thread 0x000001cb7a090ea0 DEOPT UNPACKING pc=0x000001cb631f23a3 sp=0x00000097c68fe9b8 mode 2
Event: 4.063 Thread 0x000001cb7a090ea0 Uncommon trap: trap_request=0xffffff45 fr.pc=0x000001cb6ac85644 relative=0x00000000000001a4
Event: 4.063 Thread 0x000001cb7a090ea0 Uncommon trap: reason=unstable_if action=reinterpret pc=0x000001cb6ac85644 method=java.util.regex.Matcher.reset()Ljava/util/regex/Matcher; @ 47 c2
Event: 4.063 Thread 0x000001cb7a090ea0 DEOPT PACKING pc=0x000001cb6ac85644 sp=0x00000097c68faa50
Event: 4.063 Thread 0x000001cb7a090ea0 DEOPT UNPACKING pc=0x000001cb631f23a3 sp=0x00000097c68fa9d8 mode 2
Event: 4.109 Thread 0x000001cb7a090ea0 Uncommon trap: trap_request=0xffffff45 fr.pc=0x000001cb6ad07a7c relative=0x000000000000075c
Event: 4.109 Thread 0x000001cb7a090ea0 Uncommon trap: reason=unstable_if action=reinterpret pc=0x000001cb6ad07a7c method=java.util.ArrayList.grow(I)[Ljava/lang/Object; @ 17 c2
Event: 4.109 Thread 0x000001cb7a090ea0 DEOPT PACKING pc=0x000001cb6ad07a7c sp=0x00000097c68fcb40
Event: 4.109 Thread 0x000001cb7a090ea0 DEOPT UNPACKING pc=0x000001cb631f23a3 sp=0x00000097c68fc9d8 mode 2
Event: 4.278 Thread 0x000001cb7a090ea0 Uncommon trap: trap_request=0xffffff45 fr.pc=0x000001cb6ac8aa68 relative=0x0000000000000ae8
Event: 4.278 Thread 0x000001cb7a090ea0 Uncommon trap: reason=unstable_if action=reinterpret pc=0x000001cb6ac8aa68 method=java.io.WinNTFileSystem.resolve(Ljava/lang/String;Ljava/lang/String;)Ljava/lang/String; @ 19 c2
Event: 4.278 Thread 0x000001cb7a090ea0 DEOPT PACKING pc=0x000001cb6ac8aa68 sp=0x00000097c68fca50
Event: 4.278 Thread 0x000001cb7a090ea0 DEOPT UNPACKING pc=0x000001cb631f23a3 sp=0x00000097c68fc9f8 mode 2

Classes unloaded (0 events):
No events

Classes redefined (0 events):
No events

Internal exceptions (20 events):
Event: 1.069 Thread 0x000001cb5b94a720 Exception <a 'java/lang/NoSuchMethodError'{0x00000000a77b2698}: 'int java.lang.invoke.DirectMethodHandle$Holder.invokeSpecial(java.lang.Object, java.lang.Object, java.lang.Object)'> (0x00000000a77b2698) 
thrown [t:\workspace\open\src\hotspot\share\interpreter\linkResolver.cpp, line 766]
Event: 1.075 Thread 0x000001cb5b94a720 Exception <a 'java/lang/NoSuchMethodError'{0x00000000a77c5f70}: 'java.lang.Object java.lang.invoke.Invokers$Holder.invokeExact_MT(java.lang.Object, java.lang.Object, java.lang.Object, java.lang.Object)'> (0x00000000a77c5f70) 
thrown [t:\workspace\open\src\hotspot\share\interpreter\linkResolver.cpp, line 766]
Event: 1.590 Thread 0x000001cb5b94a720 Exception <a 'java/lang/NoSuchMethodError'{0x00000000a6fda0f0}: 'void java.lang.invoke.DirectMethodHandle$Holder.invokeInterface(java.lang.Object, java.lang.Object, java.lang.Object)'> (0x00000000a6fda0f0) 
thrown [t:\workspace\open\src\hotspot\share\interpreter\linkResolver.cpp, line 766]
Event: 2.384 Thread 0x000001cb5b94a720 Exception <a 'java/lang/NoSuchMethodError'{0x00000000a6f18730}: 'java.lang.Object java.lang.invoke.DirectMethodHandle$Holder.invokeStaticInit(java.lang.Object)'> (0x00000000a6f18730) 
thrown [t:\workspace\open\src\hotspot\share\interpreter\linkResolver.cpp, line 766]
Event: 2.740 Thread 0x000001cb5b94a720 Exception <a 'java/lang/NoSuchMethodError'{0x00000000a6abcfa8}: 'java.lang.Object java.lang.invoke.DirectMethodHandle$Holder.invokeStaticInit(java.lang.Object, int, int, int, int)'> (0x00000000a6abcfa8) 
thrown [t:\workspace\open\src\hotspot\share\interpreter\linkResolver.cpp, line 766]
Event: 2.825 Thread 0x000001cb5b94a720 Exception <a 'java/lang/NoSuchMethodError'{0x00000000a6af4e60}: 'java.lang.Object java.lang.invoke.DirectMethodHandle$Holder.invokeStaticInit(java.lang.Object, java.lang.Object, int, int, int, int)'> (0x00000000a6af4e60) 
thrown [t:\workspace\open\src\hotspot\share\interpreter\linkResolver.cpp, line 766]
Event: 3.276 Thread 0x000001cb5b94a720 Exception <a 'java/lang/NoSuchMethodError'{0x00000000a680bce8}: 'void java.lang.invoke.DirectMethodHandle$Holder.invokeStatic(java.lang.Object, java.lang.Object, java.lang.Object)'> (0x00000000a680bce8) 
thrown [t:\workspace\open\src\hotspot\share\interpreter\linkResolver.cpp, line 766]
Event: 3.345 Thread 0x000001cb5b94a720 Exception <a 'java/io/IOException'{0x00000000a68aa970}> (0x00000000a68aa970) 
thrown [t:\workspace\open\src\hotspot\share\prims\jni.cpp, line 516]
Event: 3.729 Thread 0x000001cb7a090ea0 Exception <a 'java/lang/NoSuchMethodError'{0x00000000a5fa4118}: 'long java.lang.invoke.DirectMethodHandle$Holder.invokeInterface(java.lang.Object, java.lang.Object)'> (0x00000000a5fa4118) 
thrown [t:\workspace\open\src\hotspot\share\interpreter\linkResolver.cpp, line 766]
Event: 3.734 Thread 0x000001cb7a090ea0 Exception <a 'java/lang/NoSuchMethodError'{0x00000000a5fb2290}: 'void java.lang.invoke.DelegatingMethodHandle$Holder.reinvoke_L(java.lang.Object, java.lang.Object, java.lang.Object, java.lang.Object, java.lang.Object, java.lang.Object, java.lang.Object)'> (0x00000000a5fb2290) 
thrown [t:\workspace\open\src\hotspot\share\interpreter\linkResolver.cpp, line 766]
Event: 3.941 Thread 0x000001cb7a090ea0 Exception <a 'java/lang/NoSuchMethodError'{0x00000000a5be0878}: 'void java.lang.invoke.DirectMethodHandle$Holder.invokeStaticInit(java.lang.Object)'> (0x00000000a5be0878) 
thrown [t:\workspace\open\src\hotspot\share\interpreter\linkResolver.cpp, line 766]
Event: 3.945 Thread 0x000001cb7a090ea0 Exception <a 'java/lang/NoSuchMethodError'{0x00000000a5bf43a0}: 'void java.lang.invoke.DirectMethodHandle$Holder.invokeSpecial(java.lang.Object, java.lang.Object, java.lang.Object)'> (0x00000000a5bf43a0) 
thrown [t:\workspace\open\src\hotspot\share\interpreter\linkResolver.cpp, line 766]
Event: 3.974 Thread 0x000001cb7a090ea0 Exception <a 'java/lang/NoSuchMethodError'{0x00000000a5a8cbf0}: 'java.lang.Object java.lang.invoke.DirectMethodHandle$Holder.newInvokeSpecial(java.lang.Object, java.lang.Object, java.lang.Object, int)'> (0x00000000a5a8cbf0) 
thrown [t:\workspace\open\src\hotspot\share\interpreter\linkResolver.cpp, line 766]
Event: 3.975 Thread 0x000001cb7a090ea0 Exception <a 'java/lang/NoSuchMethodError'{0x00000000a5a91520}: 'java.lang.Object java.lang.invoke.DirectMethodHandle$Holder.invokeSpecial(java.lang.Object, java.lang.Object, java.lang.Object, java.lang.Object, int)'> (0x00000000a5a91520) 
thrown [t:\workspace\open\src\hotspot\share\interpreter\linkResolver.cpp, line 766]
Event: 3.975 Thread 0x000001cb7a090ea0 Exception <a 'java/lang/NoSuchMethodError'{0x00000000a5a95638}: 'java.lang.Object java.lang.invoke.Invokers$Holder.linkToTargetMethod(java.lang.Object, java.lang.Object, int, java.lang.Object)'> (0x00000000a5a95638) 
thrown [t:\workspace\open\src\hotspot\share\interpreter\linkResolver.cpp, line 766]
Event: 4.423 Thread 0x000001cb7a090ea0 Exception <a 'java/lang/NoSuchMethodError'{0x00000000a5380f50}: 'java.lang.Object java.lang.invoke.DirectMethodHandle$Holder.newInvokeSpecial(java.lang.Object, java.lang.Object, java.lang.Object, java.lang.Object, java.lang.Object, java.lang.Object)'> (0x00000000a5380f50) 
thrown [t:\workspace\open\src\hotspot\share\interpreter\linkResolver.cpp, line 766]
Event: 4.665 Thread 0x000001cb7942e750 Exception <a 'java/lang/NoSuchMethodError'{0x00000000a6096968}: static Lorg/gradle/internal/build/event/types/DefaultOperationStartedProgressEvent;.<clinit>()V> (0x00000000a6096968) 
thrown [t:\workspace\open\src\hotspot\share\prims\jni.cpp, line 1107]
Event: 4.667 Thread 0x000001cb7942e750 Exception <a 'java/lang/NoSuchMethodError'{0x00000000a6098030}: static Lorg/gradle/internal/build/event/types/AbstractProgressEvent;.<clinit>()V> (0x00000000a6098030) 
thrown [t:\workspace\open\src\hotspot\share\prims\jni.cpp, line 1107]
Event: 4.670 Thread 0x000001cb7942e750 Exception <a 'java/lang/NoSuchMethodError'{0x00000000a60a0620}: static Lorg/gradle/internal/build/event/types/DefaultOperationDescriptor;.<clinit>()V> (0x00000000a60a0620) 
thrown [t:\workspace\open\src\hotspot\share\prims\jni.cpp, line 1107]
Event: 4.675 Thread 0x000001cb7942e750 Exception <a 'java/lang/NoSuchMethodError'{0x00000000a60b2440}: static Lorg/gradle/internal/operations/OperationIdentifier;.<clinit>()V> (0x00000000a60b2440) 
thrown [t:\workspace\open\src\hotspot\share\prims\jni.cpp, line 1107]

VM Operations (20 events):
Event: 2.368 Executing VM operation: HandshakeAllThreads
Event: 2.368 Executing VM operation: HandshakeAllThreads done
Event: 2.601 Executing VM operation: HandshakeAllThreads
Event: 2.601 Executing VM operation: HandshakeAllThreads done
Event: 2.715 Executing VM operation: HandshakeAllThreads
Event: 2.715 Executing VM operation: HandshakeAllThreads done
Event: 2.817 Executing VM operation: HandshakeAllThreads
Event: 2.817 Executing VM operation: HandshakeAllThreads done
Event: 3.273 Executing VM operation: HandshakeAllThreads
Event: 3.273 Executing VM operation: HandshakeAllThreads done
Event: 3.273 Executing VM operation: Cleanup
Event: 3.274 Executing VM operation: Cleanup done
Event: 3.415 Executing VM operation: HandshakeAllThreads
Event: 3.415 Executing VM operation: HandshakeAllThreads done
Event: 4.421 Executing VM operation: Cleanup
Event: 4.421 Executing VM operation: Cleanup done
Event: 4.451 Executing VM operation: HandshakeAllThreads
Event: 4.451 Executing VM operation: HandshakeAllThreads done
Event: 4.451 Executing VM operation: HandshakeAllThreads
Event: 4.451 Executing VM operation: HandshakeAllThreads done

Events (20 events):
Event: 4.658 loading class java/io/ObjectStreamClass$FieldReflector
Event: 4.658 loading class java/io/ObjectStreamClass$FieldReflector done
Event: 4.662 loading class java/io/ObjectStreamClass$1
Event: 4.662 loading class java/io/ObjectStreamClass$1 done
Event: 4.662 loading class java/io/ObjectStreamClass$MemberSignature
Event: 4.663 loading class java/io/ObjectStreamClass$MemberSignature done
Event: 4.663 loading class java/io/ObjectStreamClass$3
Event: 4.663 loading class java/io/ObjectStreamClass$3 done
Event: 4.665 loading class java/io/ObjectStreamClass$4
Event: 4.666 loading class java/io/ObjectStreamClass$4 done
Event: 4.666 loading class java/io/ObjectStreamClass$5
Event: 4.666 loading class java/io/ObjectStreamClass$5 done
Event: 4.667 loading class java/io/ObjectStreamClass$ClassDataSlot
Event: 4.667 loading class java/io/ObjectStreamClass$ClassDataSlot done
Event: 4.671 loading class jdk/internal/reflect/UnsafeQualifiedStaticLongFieldAccessorImpl
Event: 4.671 loading class jdk/internal/reflect/UnsafeQualifiedStaticLongFieldAccessorImpl done
Event: 4.671 loading class java/io/UnsupportedEncodingException
Event: 4.672 loading class java/io/UnsupportedEncodingException done
Event: 4.672 loading class java/nio/charset/CharacterCodingException
Event: 4.672 loading class java/nio/charset/CharacterCodingException done


Dynamic libraries:
0x00007ff7c4f80000 - 0x00007ff7c4f90000 	C:\Program Files\Java\jdk-17.0.2\bin\java.exe
0x00007ffa3dbd0000 - 0x00007ffa3ddc8000 	C:\WINDOWS\SYSTEM32\ntdll.dll
0x00007ffa3d5e0000 - 0x00007ffa3d69d000 	C:\WINDOWS\System32\KERNEL32.DLL
0x00007ffa3b570000 - 0x00007ffa3b866000 	C:\WINDOWS\System32\KERNELBASE.dll
0x00007ffa3b8e0000 - 0x00007ffa3b9e0000 	C:\WINDOWS\System32\ucrtbase.dll
0x00007ffa32c60000 - 0x00007ffa32c7a000 	C:\Program Files\Java\jdk-17.0.2\bin\VCRUNTIME140.dll
0x00007ffa36870000 - 0x00007ffa36888000 	C:\Program Files\Java\jdk-17.0.2\bin\jli.dll
0x00007ffa3dad0000 - 0x00007ffa3db83000 	C:\WINDOWS\System32\ADVAPI32.dll
0x00007ffa3bd40000 - 0x00007ffa3bdde000 	C:\WINDOWS\System32\msvcrt.dll
0x00007ffa3c3e0000 - 0x00007ffa3c47f000 	C:\WINDOWS\System32\sechost.dll
0x00007ffa3c510000 - 0x00007ffa3c636000 	C:\WINDOWS\System32\RPCRT4.dll
0x00007ffa3b9e0000 - 0x00007ffa3ba07000 	C:\WINDOWS\System32\bcrypt.dll
0x00007ffa3d430000 - 0x00007ffa3d5ce000 	C:\WINDOWS\System32\USER32.dll
0x00007ffa3b540000 - 0x00007ffa3b562000 	C:\WINDOWS\System32\win32u.dll
0x00007ffa3d850000 - 0x00007ffa3d87b000 	C:\WINDOWS\System32\GDI32.dll
0x00007ffa3ba10000 - 0x00007ffa3bb27000 	C:\WINDOWS\System32\gdi32full.dll
0x00007ffa3b340000 - 0x00007ffa3b3dd000 	C:\WINDOWS\System32\msvcp_win.dll
0x00007ffa28f20000 - 0x00007ffa291ba000 	C:\WINDOWS\WinSxS\amd64_microsoft.windows.common-controls_6595b64144ccf1df_6.0.19041.3636_none_60b6a03d71f818d5\COMCTL32.dll
0x00007ffa32360000 - 0x00007ffa3236a000 	C:\WINDOWS\SYSTEM32\VERSION.dll
0x00007ffa3da90000 - 0x00007ffa3dac2000 	C:\WINDOWS\System32\IMM32.DLL
0x00007ffa368e0000 - 0x00007ffa368ec000 	C:\Program Files\Java\jdk-17.0.2\bin\vcruntime140_1.dll
0x00007ffa0b3d0000 - 0x00007ffa0b45d000 	C:\Program Files\Java\jdk-17.0.2\bin\msvcp140.dll
0x00007ff9e5290000 - 0x00007ff9e5e51000 	C:\Program Files\Java\jdk-17.0.2\bin\server\jvm.dll
0x00007ffa3d5d0000 - 0x00007ffa3d5d8000 	C:\WINDOWS\System32\PSAPI.DLL
0x00007ffa355c0000 - 0x00007ffa355c9000 	C:\WINDOWS\SYSTEM32\WSOCK32.dll
0x00007ffa283a0000 - 0x00007ffa283c7000 	C:\WINDOWS\SYSTEM32\WINMM.dll
0x00007ffa3c900000 - 0x00007ffa3c96b000 	C:\WINDOWS\System32\WS2_32.dll
0x00007ffa39ad0000 - 0x00007ffa39ae2000 	C:\WINDOWS\SYSTEM32\kernel.appcore.dll
0x00007ffa350e0000 - 0x00007ffa350ea000 	C:\Program Files\Java\jdk-17.0.2\bin\jimage.dll
0x00007ffa39020000 - 0x00007ffa39204000 	C:\WINDOWS\SYSTEM32\DBGHELP.DLL
0x00007ffa25c30000 - 0x00007ffa25c64000 	C:\WINDOWS\SYSTEM32\dbgcore.DLL
0x00007ffa3bb30000 - 0x00007ffa3bbb2000 	C:\WINDOWS\System32\bcryptPrimitives.dll
0x00007ffa2c040000 - 0x00007ffa2c065000 	C:\Program Files\Java\jdk-17.0.2\bin\java.dll
0x00007ffa07220000 - 0x00007ffa072f6000 	C:\Program Files\Java\jdk-17.0.2\bin\jsvml.dll
0x00007ffa3ccd0000 - 0x00007ffa3d415000 	C:\WINDOWS\System32\SHELL32.dll
0x00007ffa39210000 - 0x00007ffa399ac000 	C:\WINDOWS\SYSTEM32\windows.storage.dll
0x00007ffa3c970000 - 0x00007ffa3ccc4000 	C:\WINDOWS\System32\combase.dll
0x00007ffa3abf0000 - 0x00007ffa3ac1e000 	C:\WINDOWS\SYSTEM32\Wldp.dll
0x00007ffa3c810000 - 0x00007ffa3c8dd000 	C:\WINDOWS\System32\OLEAUT32.dll
0x00007ffa3bde0000 - 0x00007ffa3be8d000 	C:\WINDOWS\System32\SHCORE.dll
0x00007ffa3c640000 - 0x00007ffa3c695000 	C:\WINDOWS\System32\shlwapi.dll
0x00007ffa3b1c0000 - 0x00007ffa3b1e5000 	C:\WINDOWS\SYSTEM32\profapi.dll
0x00007ffa2c020000 - 0x00007ffa2c039000 	C:\Program Files\Java\jdk-17.0.2\bin\net.dll
0x00007ffa2ca10000 - 0x00007ffa2cb1a000 	C:\WINDOWS\SYSTEM32\WINHTTP.dll
0x00007ffa3a950000 - 0x00007ffa3a9ba000 	C:\WINDOWS\system32\mswsock.dll
0x00007ffa29770000 - 0x00007ffa29786000 	C:\Program Files\Java\jdk-17.0.2\bin\nio.dll
0x00007ffa29750000 - 0x00007ffa29768000 	C:\Program Files\Java\jdk-17.0.2\bin\zip.dll
0x00007ffa34ee0000 - 0x00007ffa34ef0000 	C:\Program Files\Java\jdk-17.0.2\bin\verify.dll
0x00007ffa293e0000 - 0x00007ffa29407000 	E:\Gradle\gradle-7.5\native\e1d6ef7f7dcc3fd88c89a11ec53ec762bb8ba0a96d01ffa2cd45eb1d1d8dd5c5\windows-amd64\native-platform.dll
0x00007ffa08710000 - 0x00007ffa08854000 	E:\Gradle\gradle-7.5\native\0d407fdbe67a94daf76414ababcb853783967236a71b16ec16e742cd7a986fd3\windows-amd64\native-platform-file-events.dll
0x00007ffa34740000 - 0x00007ffa34749000 	C:\Program Files\Java\jdk-17.0.2\bin\management.dll
0x00007ffa33ed0000 - 0x00007ffa33edb000 	C:\Program Files\Java\jdk-17.0.2\bin\management_ext.dll
0x00007ffa3ab40000 - 0x00007ffa3ab58000 	C:\WINDOWS\SYSTEM32\CRYPTSP.dll
0x00007ffa3a280000 - 0x00007ffa3a2b4000 	C:\WINDOWS\system32\rsaenh.dll
0x00007ffa3b140000 - 0x00007ffa3b16e000 	C:\WINDOWS\SYSTEM32\USERENV.dll
0x00007ffa3ab60000 - 0x00007ffa3ab6c000 	C:\WINDOWS\SYSTEM32\CRYPTBASE.dll
0x00007ffa3a640000 - 0x00007ffa3a67b000 	C:\WINDOWS\SYSTEM32\IPHLPAPI.DLL
0x00007ffa3d6a0000 - 0x00007ffa3d6a8000 	C:\WINDOWS\System32\NSI.dll
0x00007ffa2a5a0000 - 0x00007ffa2a5b7000 	C:\WINDOWS\SYSTEM32\dhcpcsvc6.DLL
0x00007ffa2c300000 - 0x00007ffa2c31d000 	C:\WINDOWS\SYSTEM32\dhcpcsvc.DLL
0x00007ffa3a680000 - 0x00007ffa3a74a000 	C:\WINDOWS\SYSTEM32\DNSAPI.dll
0x00007ffa32dd0000 - 0x00007ffa32dde000 	C:\Program Files\Java\jdk-17.0.2\bin\sunmscapi.dll
0x00007ffa3b3e0000 - 0x00007ffa3b53d000 	C:\WINDOWS\System32\CRYPT32.dll
0x00007ffa3ac60000 - 0x00007ffa3ac88000 	C:\WINDOWS\SYSTEM32\ncrypt.dll
0x00007ffa3ac20000 - 0x00007ffa3ac5b000 	C:\WINDOWS\SYSTEM32\NTASN1.dll
0x00007ffa32b20000 - 0x00007ffa32b27000 	C:\WINDOWS\system32\wshunix.dll

dbghelp: loaded successfully - version: 4.0.5 - missing functions: none
symbol engine: initialized successfully - sym options: 0x614 - pdb path: .;C:\Program Files\Java\jdk-17.0.2\bin;C:\WINDOWS\SYSTEM32;C:\WINDOWS\WinSxS\amd64_microsoft.windows.common-controls_6595b64144ccf1df_6.0.19041.3636_none_60b6a03d71f818d5;C:\Program Files\Java\jdk-17.0.2\bin\server;E:\Gradle\gradle-7.5\native\e1d6ef7f7dcc3fd88c89a11ec53ec762bb8ba0a96d01ffa2cd45eb1d1d8dd5c5\windows-amd64;E:\Gradle\gradle-7.5\native\0d407fdbe67a94daf76414ababcb853783967236a71b16ec16e742cd7a986fd3\windows-amd64

VM Arguments:
jvm_args: --add-opens=java.base/java.util=ALL-UNNAMED --add-opens=java.base/java.lang=ALL-UNNAMED --add-opens=java.base/java.lang.invoke=ALL-UNNAMED --add-opens=java.base/java.util=ALL-UNNAMED --add-opens=java.prefs/java.util.prefs=ALL-UNNAMED --add-opens=java.prefs/java.util.prefs=ALL-UNNAMED --add-opens=java.base/java.nio.charset=ALL-UNNAMED --add-opens=java.base/java.net=ALL-UNNAMED --add-opens=java.base/java.util.concurrent.atomic=ALL-UNNAMED -Xmx1536M -Dfile.encoding=utf8 -Duser.country=US -Duser.language=en -Duser.variant 
java_command: org.gradle.launcher.daemon.bootstrap.GradleDaemon 7.5
java_class_path (initial): E:\Gradle\gradle-7.5\wrapper\dists\gradle-7.5-bin\f1w0cc9nuo0eivz97x2xlu9sv\gradle-7.5\lib\gradle-launcher-7.5.jar
Launcher Type: SUN_STANDARD

[Global flags]
     intx CICompilerCount                          = 3                                         {product} {ergonomic}
     uint ConcGCThreads                            = 1                                         {product} {ergonomic}
     uint G1ConcRefinementThreads                  = 4                                         {product} {ergonomic}
   size_t G1HeapRegionSize                         = 1048576                                   {product} {ergonomic}
    uintx GCDrainStackTargetSize                   = 64                                        {product} {ergonomic}
   size_t InitialHeapSize                          = 130023424                                 {product} {ergonomic}
   size_t MarkStackSize                            = 4194304                                   {product} {ergonomic}
   size_t MaxHeapSize                              = 1610612736                                {product} {command line}
   size_t MaxNewSize                               = 965738496                                 {product} {ergonomic}
   size_t MinHeapDeltaBytes                        = 1048576                                   {product} {ergonomic}
   size_t MinHeapSize                              = 8388608                                   {product} {ergonomic}
    uintx NonNMethodCodeHeapSize                   = 5832780                                {pd product} {ergonomic}
    uintx NonProfiledCodeHeapSize                  = 122912730                              {pd product} {ergonomic}
    uintx ProfiledCodeHeapSize                     = 122912730                              {pd product} {ergonomic}
    uintx ReservedCodeCacheSize                    = 251658240                              {pd product} {ergonomic}
     bool SegmentedCodeCache                       = true                                      {product} {ergonomic}
   size_t SoftMaxHeapSize                          = 1610612736                             {manageable} {ergonomic}
     bool UseCompressedClassPointers               = true                           {product lp64_product} {ergonomic}
     bool UseCompressedOops                        = true                           {product lp64_product} {ergonomic}
     bool UseG1GC                                  = true                                      {product} {ergonomic}
     bool UseLargePagesIndividualAllocation        = false                                  {pd product} {ergonomic}

Logging:
Log output configuration:
 #0: stdout all=warning uptime,level,tags
 #1: stderr all=off uptime,level,tags

Environment Variables:
PATH=C:\Program Files\Microsoft MPI\Bin\;C:\Program Files\Python310\Scripts\;C:\Program Files\Python310\;C:\Program Files\Common Files\Oracle\Java\javapath;C:\WINDOWS\system32;C:\WINDOWS;C:\WINDOWS\System32\Wbem;C:\WINDOWS\System32\WindowsPowerShell\v1.0\;C:\WINDOWS\System32\OpenSSH\;C:\Program Files\Git\cmd;C:\Program Files\nodejs\;E:\Gradle\gradle-7.5\bin;C:\Users\DELL\AppData\Local\Microsoft\WindowsApps;C:\Users\DELL\AppData\Local\Programs\Microsoft VS Code\bin;C:\Program Files\Python310;E:\flutter\bin;C:\Users\DELL\AppData\Local\Android\Sdk\platform-tools;C:\Users\DELL\AppData\Local\Pub\Cache\bin;C:\Users\DELL\AppData\Local\Pub\Cache\bin;E:\dart\dartsdk-windows-x64-release\dart-sdk\bin;C:\Users\DELL\AppData\Roaming\npm;C:\MinGW\bin;C:\Program Files\Azure Data Studio\bin;C:\Kotlin\kotlin-compiler-1.9.10\kotlinc\bin;C:\Program Files\Python310\Scripts;
USERNAME=DELL
OS=Windows_NT
PROCESSOR_IDENTIFIER=Intel64 Family 6 Model 142 Stepping 9, GenuineIntel



---------------  S Y S T E M  ---------------

OS:
 Windows 10 , 64 bit Build 19041 (10.0.19041.3636)
OS uptime: 0 days 20:39 hours

CPU: total 4 (initial active 4) (2 cores per cpu, 2 threads per core) family 6 model 142 stepping 9 microcode 0xb4, cx8, cmov, fxsr, ht, mmx, 3dnowpref, sse, sse2, sse3, ssse3, sse4.1, sse4.2, popcnt, lzcnt, tsc, tscinvbit, avx, avx2, aes, erms, clmul, bmi1, bmi2, rtm, adx, fma, vzeroupper, clflush, clflushopt

Memory: 4k page, system-wide physical 7813M (373M free)
TotalPageFile size 16005M (AvailPageFile size 3M)
current process WorkingSet (physical memory assigned to process): 134M, peak: 134M
current process commit charge ("private bytes"): 240M, peak: 240M

vm_info: Java HotSpot(TM) 64-Bit Server VM (17.0.2+8-LTS-86) for windows-amd64 JRE (17.0.2+8-LTS-86), built on Dec  7 2021 21:51:03 by "mach5one" with MS VC++ 16.8 / 16.9 (VS2019)

END.
