#
# There is insufficient memory for the Java Runtime Environment to continue.
# Native memory allocation (malloc) failed to allocate 1111632 bytes for Chunk::new
# Possible reasons:
#   The system is out of physical RAM or swap space
#   The process is running with CompressedOops enabled, and the Java Heap may be blocking the growth of the native heap
# Possible solutions:
#   Reduce memory load on the system
#   Increase physical memory or swap space
#   Check if swap backing store is full
#   Decrease Java heap size (-Xmx/-Xms)
#   Decrease number of Java threads
#   Decrease Java thread stack sizes (-Xss)
#   Set larger code cache with -XX:ReservedCodeCacheSize=
#   JVM is running with Unscaled Compressed Oops mode in which the Java heap is
#     placed in the first 4GB address space. The Java Heap base address is the
#     maximum limit for the native heap growth. Please use -XX:HeapBaseMinAddress
#     to set the Java Heap base and to place the Java Heap above 4GB virtual address.
# This output file may be truncated or incomplete.
#
#  Out of Memory Error (arena.cpp:191), pid=12736, tid=7108
#
# JRE version: OpenJDK Runtime Environment Temurin-17.0.9+9 (17.0.9+9) (build 17.0.9+9)
# Java VM: OpenJDK 64-Bit Server VM Temurin-17.0.9+9 (17.0.9+9, mixed mode, tiered, compressed oops, compressed class ptrs, parallel gc, windows-amd64)
# No core dump will be written. Minidumps are not enabled by default on client versions of Windows
#

---------------  S U M M A R Y ------------

Command Line: --add-modules=ALL-SYSTEM --add-opens=java.base/java.util=ALL-UNNAMED --add-opens=java.base/java.lang=ALL-UNNAMED --add-opens=java.base/sun.nio.fs=ALL-UNNAMED -Declipse.application=org.eclipse.jdt.ls.core.id1 -Dosgi.bundles.defaultStartLevel=4 -Declipse.product=org.eclipse.jdt.ls.core.product -Djava.import.generatesMetadataFilesAtProjectRoot=false -DDetectVMInstallationsJob.disabled=true -Dfile.encoding=utf8 -XX:+UseParallelGC -XX:GCTimeRatio=4 -XX:AdaptiveSizePolicyWeight=90 -Dsun.zip.disableMemoryMapping=true -Xmx1G -Xms100m -Xlog:disable -javaagent:c:\Users\DELL\.vscode\extensions\redhat.java-1.26.0-win32-x64\lombok\lombok-1.18.31-3454.jar -XX:+HeapDumpOnOutOfMemoryError -XX:HeapDumpPath=c:\Users\DELL\AppData\Roaming\Code\User\workspaceStorage\2a8b28b10731c12aa982069e28973df5\redhat.java -Daether.dependencyCollector.impl=bf c:\Users\DELL\.vscode\extensions\redhat.java-1.26.0-win32-x64\server\plugins\org.eclipse.equinox.launcher_1.6.700.v20231214-2017.jar -configuration c:\Users\DELL\AppData\Roaming\Code\User\globalStorage\redhat.java\1.26.0\config_win -data c:\Users\DELL\AppData\Roaming\Code\User\workspaceStorage\2a8b28b10731c12aa982069e28973df5\redhat.java\jdt_ws --stdio

Host: Intel(R) Core(TM) i5-7300U CPU @ 2.60GHz, 2 cores, 7G,  Windows 10 , 64 bit Build 19041 (10.0.19041.3636)
Time: Thu Jan 18 00:34:10 2024 Pakistan Standard Time elapsed time: 47.033276 seconds (0d 0h 0m 47s)

---------------  T H R E A D  ---------------

Current thread (0x0000016effa0d870):  JavaThread "C2 CompilerThread0" daemon [_thread_in_native, id=7108, stack(0x0000004766900000,0x0000004766a00000)]


Current CompileTask:
C2:  47033 8210   !   4       org.eclipse.jdt.internal.compiler.classfmt.ClassFileReader::<init> (2113 bytes)

Stack: [0x0000004766900000,0x0000004766a00000]
Native frames: (J=compiled Java code, j=interpreted, Vv=VM code, C=native code)
V  [jvm.dll+0x67cf49]
V  [jvm.dll+0x83478a]
V  [jvm.dll+0x83624e]
V  [jvm.dll+0x8368b3]
V  [jvm.dll+0x247f1f]
V  [jvm.dll+0xac43c]
V  [jvm.dll+0xaca8c]
V  [jvm.dll+0x367067]
V  [jvm.dll+0x1bd536]
V  [jvm.dll+0x21a709]
V  [jvm.dll+0x2199d1]
V  [jvm.dll+0x1a57cd]
V  [jvm.dll+0x2297ae]
V  [jvm.dll+0x22797c]
V  [jvm.dll+0x7e9877]
V  [jvm.dll+0x7e3c3a]
V  [jvm.dll+0x67be35]
C  [ucrtbase.dll+0x21bb2]
C  [KERNEL32.DLL+0x17344]
C  [ntdll.dll+0x526b1]


---------------  P R O C E S S  ---------------

Threads class SMR info:
_java_thread_list=0x0000016e9a4fdd80, length=40, elements={
0x0000016eff7c4000, 0x0000016eff9e0740, 0x0000016eff9e1db0, 0x0000016effa08670,
0x0000016effa09400, 0x0000016effa0a190, 0x0000016effa0ac60, 0x0000016effa0d870,
0x0000016effa710c0, 0x0000016effa73d90, 0x0000016e99b2d030, 0x0000016e99d99c30,
0x0000016e9a2ec220, 0x0000016e9a527010, 0x0000016e9a3192e0, 0x0000016e9a928a80,
0x0000016e9aa1af50, 0x0000016e9ad9e3d0, 0x0000016e9ad9dec0, 0x0000016e9ad9d9b0,
0x0000016e9ad9f810, 0x0000016e9ad9d4a0, 0x0000016e9ad9e8e0, 0x0000016e9ad9c060,
0x0000016e9ad9cf90, 0x0000016e9ad9c570, 0x0000016e9ad9ca80, 0x0000016e9c0c1fd0,
0x0000016e9c0c4340, 0x0000016e9c0be820, 0x0000016e9c0c3920, 0x0000016e9c0c29f0,
0x0000016e9c0c3e30, 0x0000016e9c0bf240, 0x0000016e9c0c5270, 0x0000016e9c0bfc60,
0x0000016e9c0be310, 0x0000016e9c0c0b90, 0x0000016e9c0c4d60, 0x0000016e9c0c5c90
}

Java Threads: ( => current thread )
  0x0000016eff7c4000 JavaThread "main" [_thread_blocked, id=10176, stack(0x0000004766000000,0x0000004766100000)]
  0x0000016eff9e0740 JavaThread "Reference Handler" daemon [_thread_blocked, id=5036, stack(0x0000004766300000,0x0000004766400000)]
  0x0000016eff9e1db0 JavaThread "Finalizer" daemon [_thread_blocked, id=2844, stack(0x0000004766400000,0x0000004766500000)]
  0x0000016effa08670 JavaThread "Signal Dispatcher" daemon [_thread_blocked, id=16276, stack(0x0000004766500000,0x0000004766600000)]
  0x0000016effa09400 JavaThread "Attach Listener" daemon [_thread_blocked, id=11900, stack(0x0000004766600000,0x0000004766700000)]
  0x0000016effa0a190 JavaThread "Service Thread" daemon [_thread_blocked, id=1096, stack(0x0000004766700000,0x0000004766800000)]
  0x0000016effa0ac60 JavaThread "Monitor Deflation Thread" daemon [_thread_blocked, id=1816, stack(0x0000004766800000,0x0000004766900000)]
=>0x0000016effa0d870 JavaThread "C2 CompilerThread0" daemon [_thread_in_native, id=7108, stack(0x0000004766900000,0x0000004766a00000)]
  0x0000016effa710c0 JavaThread "C1 CompilerThread0" daemon [_thread_blocked, id=16436, stack(0x0000004766a00000,0x0000004766b00000)]
  0x0000016effa73d90 JavaThread "Sweeper thread" daemon [_thread_blocked, id=4108, stack(0x0000004766b00000,0x0000004766c00000)]
  0x0000016e99b2d030 JavaThread "Common-Cleaner" daemon [_thread_blocked, id=3020, stack(0x0000004766c00000,0x0000004766d00000)]
  0x0000016e99d99c30 JavaThread "Notification Thread" daemon [_thread_blocked, id=6624, stack(0x0000004766d00000,0x0000004766e00000)]
  0x0000016e9a2ec220 JavaThread "Active Thread: Equinox Container: bb85a66a-f00b-4ee0-a666-edfddf482b28" [_thread_blocked, id=11120, stack(0x0000004767000000,0x0000004767100000)]
  0x0000016e9a527010 JavaThread "Framework Event Dispatcher: Equinox Container: bb85a66a-f00b-4ee0-a666-edfddf482b28" daemon [_thread_blocked, id=8284, stack(0x0000004767100000,0x0000004767200000)]
  0x0000016e9a3192e0 JavaThread "Start Level: Equinox Container: bb85a66a-f00b-4ee0-a666-edfddf482b28" daemon [_thread_blocked, id=9560, stack(0x0000004767200000,0x0000004767300000)]
  0x0000016e9a928a80 JavaThread "Bundle File Closer" daemon [_thread_blocked, id=9440, stack(0x0000004767300000,0x0000004767400000)]
  0x0000016e9aa1af50 JavaThread "SCR Component Actor" daemon [_thread_blocked, id=15192, stack(0x0000004767400000,0x0000004767500000)]
  0x0000016e9ad9e3d0 JavaThread "Worker-JM" [_thread_blocked, id=932, stack(0x0000004767600000,0x0000004767700000)]
  0x0000016e9ad9dec0 JavaThread "Worker-0" [_thread_blocked, id=17236, stack(0x0000004767700000,0x0000004767800000)]
  0x0000016e9ad9d9b0 JavaThread "Worker-1: Validating Gradle wrapper checksum..." [_thread_blocked, id=9564, stack(0x0000004767800000,0x0000004767900000)]
  0x0000016e9ad9f810 JavaThread "Worker-2: Initialize workspace" [_thread_blocked, id=15444, stack(0x0000004767900000,0x0000004767a00000)]
  0x0000016e9ad9d4a0 JavaThread "Java indexing" daemon [_thread_blocked, id=17132, stack(0x0000004767a00000,0x0000004767b00000)]
  0x0000016e9ad9e8e0 JavaThread "Worker-3" [_thread_blocked, id=8968, stack(0x0000004767b00000,0x0000004767c00000)]
  0x0000016e9ad9c060 JavaThread "JNA Cleaner" daemon [_thread_blocked, id=13464, stack(0x0000004767500000,0x0000004767600000)]
  0x0000016e9ad9cf90 JavaThread "pool-2-thread-1" [_thread_blocked, id=13132, stack(0x0000004767e00000,0x0000004767f00000)]
  0x0000016e9ad9c570 JavaThread "WorkspaceEventsHandler" [_thread_blocked, id=8980, stack(0x0000004767f00000,0x0000004768000000)]
  0x0000016e9ad9ca80 JavaThread "pool-1-thread-1" [_thread_in_native, id=13488, stack(0x0000004768000000,0x0000004768100000)]
  0x0000016e9c0c1fd0 JavaThread "Timer-0" [_thread_blocked, id=12484, stack(0x0000004768100000,0x0000004768200000)]
  0x0000016e9c0c4340 JavaThread "Timer-1" [_thread_blocked, id=11360, stack(0x0000004768200000,0x0000004768300000)]
  0x0000016e9c0be820 JavaThread "Timer-2" [_thread_blocked, id=16348, stack(0x0000004768400000,0x0000004768500000)]
  0x0000016e9c0c3920 JavaThread "Worker-4: Java indexing... " [_thread_blocked, id=13608, stack(0x0000004768500000,0x0000004768600000)]
  0x0000016e9c0c29f0 JavaThread "Worker-5: Download Gradle Wrapper checksums" [_thread_in_native, id=15624, stack(0x0000004768600000,0x0000004768700000)]
  0x0000016e9c0c3e30 JavaThread "Exec process" [_thread_blocked, id=7728, stack(0x0000004768800000,0x0000004768900000)]
  0x0000016e9c0bf240 JavaThread "Exec process Thread 2" [_thread_blocked, id=5952, stack(0x0000004768900000,0x0000004768a00000)]
  0x0000016e9c0c5270 JavaThread "Exec process Thread 3" [_thread_blocked, id=8356, stack(0x0000004768a00000,0x0000004768b00000)]
  0x0000016e9c0bfc60 JavaThread "Timer-3" [_thread_blocked, id=9996, stack(0x0000004768300000,0x0000004768400000)]
  0x0000016e9c0be310 JavaThread "Timer-4" [_thread_blocked, id=5076, stack(0x0000004768700000,0x0000004768800000)]
  0x0000016e9c0c0b90 JavaThread "Worker-6: Refreshing workspace" [_thread_blocked, id=16180, stack(0x0000004768b00000,0x0000004768c00000)]
  0x0000016e9c0c4d60 JavaThread "Thread-16" [_thread_in_native, id=17300, stack(0x0000004768d00000,0x0000004768e00000)]
  0x0000016e9c0c5c90 JavaThread "Worker-7" [_thread_blocked, id=1524, stack(0x0000004768e00000,0x0000004768f00000)]

Other Threads:
  0x0000016eff87ecd0 VMThread "VM Thread" [stack: 0x0000004766200000,0x0000004766300000] [id=3180]
  0x0000016e99d3d600 WatcherThread [stack: 0x0000004766e00000,0x0000004766f00000] [id=1036]
  0x0000016eff7d9df0 GCTaskThread "GC Thread#0" [stack: 0x0000004766100000,0x0000004766200000] [id=16976]
  0x0000016e9a461570 GCTaskThread "GC Thread#1" [stack: 0x0000004766f00000,0x0000004767000000] [id=16492]

Threads with active compile tasks:
C2 CompilerThread0    47068 8210   !   4       org.eclipse.jdt.internal.compiler.classfmt.ClassFileReader::<init> (2113 bytes)

VM state: not at safepoint (normal execution)

VM Mutex/Monitor currently owned by a thread:  ([mutex/lock_event])
[0x0000016eff7c00d0] Heap_lock - owner thread: 0x0000016e9ad9d4a0

Heap address: 0x00000000c0000000, size: 1024 MB, Compressed Oops mode: 32-bit

CDS archive(s) not mapped
Compressed class space mapped at: 0x0000000100000000-0x0000000140000000, reserved size: 1073741824
Narrow klass base: 0x0000000000000000, Narrow klass shift: 3, Narrow klass range: 0x140000000

GC Precious Log:
 CPUs: 2 total, 2 available
 Memory: 7813M
 Large Page Support: Disabled
 NUMA Support: Disabled
 Compressed Oops: Enabled (32-bit)
 Alignments: Space 512K, Generation 512K, Heap 2M
 Heap Min Capacity: 100M
 Heap Initial Capacity: 100M
 Heap Max Capacity: 1G
 Pre-touch: Disabled
 Parallel Workers: 2

Heap:
 PSYoungGen      total 11776K, used 150K [0x00000000eab00000, 0x00000000eb900000, 0x0000000100000000)
  eden space 9216K, 1% used [0x00000000eab00000,0x00000000eab259e0,0x00000000eb400000)
  from space 2560K, 0% used [0x00000000eb680000,0x00000000eb680000,0x00000000eb900000)
  to   space 2560K, 0% used [0x00000000eb400000,0x00000000eb400000,0x00000000eb680000)
 ParOldGen       total 93696K, used 92078K [0x00000000c0000000, 0x00000000c5b80000, 0x00000000eab00000)
  object space 93696K, 98% used [0x00000000c0000000,0x00000000c59eba50,0x00000000c5b80000)
 Metaspace       used 71787K, committed 72896K, reserved 1114112K
  class space    used 8150K, committed 8640K, reserved 1048576K

Card table byte_map: [0x0000016eff160000,0x0000016eff370000] _byte_map_base: 0x0000016efeb60000

Marking Bits: (ParMarkBitMap*) 0x00007fff8120d0b0
 Begin Bits: [0x0000016e92ff0000, 0x0000016e93ff0000)
 End Bits:   [0x0000016e93ff0000, 0x0000016e94ff0000)

Polling page: 0x0000016efea80000

Metaspace:

Usage:
  Non-class:     62.15 MB used.
      Class:      7.96 MB used.
       Both:     70.11 MB used.

Virtual space:
  Non-class space:       64.00 MB reserved,      62.75 MB ( 98%) committed,  1 nodes.
      Class space:        1.00 GB reserved,       8.44 MB ( <1%) committed,  1 nodes.
             Both:        1.06 GB reserved,      71.19 MB (  7%) committed. 

Chunk freelists:
   Non-Class:  1.12 MB
       Class:  7.53 MB
        Both:  8.65 MB

MaxMetaspaceSize: unlimited
CompressedClassSpaceSize: 1.00 GB
Initial GC threshold: 21.00 MB
Current GC threshold: 118.69 MB
CDS: off
MetaspaceReclaimPolicy: balanced
 - commit_granule_bytes: 65536.
 - commit_granule_words: 8192.
 - virtual_space_node_default_size: 8388608.
 - enlarge_chunks_in_place: 1.
 - new_chunks_are_fully_committed: 0.
 - uncommit_free_chunks: 1.
 - use_allocation_guard: 0.
 - handle_deallocations: 1.


Internal statistics:

num_allocs_failed_limit: 9.
num_arena_births: 578.
num_arena_deaths: 14.
num_vsnodes_births: 2.
num_vsnodes_deaths: 0.
num_space_committed: 1139.
num_space_uncommitted: 0.
num_chunks_returned_to_freelist: 23.
num_chunks_taken_from_freelist: 3189.
num_chunk_merges: 11.
num_chunk_splits: 2102.
num_chunks_enlarged: 1410.
num_inconsistent_stats: 0.

CodeHeap 'non-profiled nmethods': size=120064Kb used=4854Kb max_used=4854Kb free=115209Kb
 bounds [0x0000016e8bab0000, 0x0000016e8bf70000, 0x0000016e92ff0000]
CodeHeap 'profiled nmethods': size=120000Kb used=14146Kb max_used=15115Kb free=105853Kb
 bounds [0x0000016e83ff0000, 0x0000016e84f10000, 0x0000016e8b520000]
CodeHeap 'non-nmethods': size=5696Kb used=1350Kb max_used=1433Kb free=4345Kb
 bounds [0x0000016e8b520000, 0x0000016e8b790000, 0x0000016e8bab0000]
 total_blobs=7376 nmethods=6685 adapters=605
 compilation: enabled
              stopped_count=0, restarted_count=0
 full_count=0

Compilation events (20 events):
Event: 46.728 Thread 0x0000016effa710c0 8209       3       org.eclipse.jdt.core.Signature::checkNextChar (42 bytes)
Event: 46.728 Thread 0x0000016effa710c0 nmethod 8209 0x0000016e84d3ef10 code [0x0000016e84d3f120, 0x0000016e84d3f828]
Event: 46.738 Thread 0x0000016effa710c0 8211       3       org.eclipse.jdt.internal.compiler.classfmt.MethodInfo::decodeCodeAttribute (147 bytes)
Event: 46.739 Thread 0x0000016effa710c0 nmethod 8211 0x0000016e84b9a390 code [0x0000016e84b9a5c0, 0x0000016e84b9b188]
Event: 46.740 Thread 0x0000016effa0d870 nmethod 8206 0x0000016e8bf6a390 code [0x0000016e8bf6a720, 0x0000016e8bf6cfd0]
Event: 46.741 Thread 0x0000016effa0d870 8210   !   4       org.eclipse.jdt.internal.compiler.classfmt.ClassFileReader::<init> (2113 bytes)
Event: 46.882 Thread 0x0000016effa710c0 8212       3       org.eclipse.jdt.internal.compiler.ast.CompilationUnitDeclaration::getMainTypeName (85 bytes)
Event: 46.882 Thread 0x0000016effa710c0 nmethod 8212 0x0000016e84916510 code [0x0000016e84916720, 0x0000016e84916b58]
Event: 46.883 Thread 0x0000016effa710c0 8213       3       org.eclipse.jdt.internal.compiler.parser.Scanner::isInModuleDeclaration (37 bytes)
Event: 46.883 Thread 0x0000016effa710c0 nmethod 8213 0x0000016e84a57890 code [0x0000016e84a57a80, 0x0000016e84a57fb8]
Event: 46.883 Thread 0x0000016effa710c0 8214       3       org.eclipse.jdt.internal.compiler.parser.Parser::consumeToken (2351 bytes)
Event: 46.888 Thread 0x0000016effa710c0 nmethod 8214 0x0000016e84d30710 code [0x0000016e84d31440, 0x0000016e84d39fb8]
Event: 46.888 Thread 0x0000016effa710c0 8215       3       org.eclipse.jdt.internal.compiler.parser.Parser::fetchNextToken (8 bytes)
Event: 46.888 Thread 0x0000016effa710c0 nmethod 8215 0x0000016e8454ca90 code [0x0000016e8454cc40, 0x0000016e8454ce08]
Event: 46.889 Thread 0x0000016effa710c0 8216       3       org.eclipse.jdt.internal.compiler.parser.Scanner::getNextToken (182 bytes)
Event: 46.889 Thread 0x0000016effa710c0 nmethod 8216 0x0000016e84e5a690 code [0x0000016e84e5a900, 0x0000016e84e5b5d8]
Event: 46.890 Thread 0x0000016effa710c0 8217       3       org.eclipse.jdt.internal.compiler.impl.JavaFeature::isSupported (22 bytes)
Event: 46.890 Thread 0x0000016effa710c0 nmethod 8217 0x0000016e8454c490 code [0x0000016e8454c640, 0x0000016e8454c838]
Event: 46.891 Thread 0x0000016effa710c0 8218       3       java.io.File::getParentFile (41 bytes)
Event: 46.891 Thread 0x0000016effa710c0 nmethod 8218 0x0000016e845f0e10 code [0x0000016e845f0fe0, 0x0000016e845f13b8]

GC Heap History (20 events):
Event: 44.231 GC heap before
{Heap before GC invocations=62 (full 4):
 PSYoungGen      total 11776K, used 11432K [0x00000000eab00000, 0x00000000eb880000, 0x0000000100000000)
  eden space 10240K, 100% used [0x00000000eab00000,0x00000000eb500000,0x00000000eb500000)
  from space 1536K, 77% used [0x00000000eb700000,0x00000000eb82a000,0x00000000eb880000)
  to   space 1536K, 0% used [0x00000000eb580000,0x00000000eb580000,0x00000000eb700000)
 ParOldGen       total 93696K, used 74033K [0x00000000c0000000, 0x00000000c5b80000, 0x00000000eab00000)
  object space 93696K, 79% used [0x00000000c0000000,0x00000000c484c4b0,0x00000000c5b80000)
 Metaspace       used 70737K, committed 71872K, reserved 1114112K
  class space    used 8083K, committed 8576K, reserved 1048576K
}
Event: 44.234 GC heap after
{Heap after GC invocations=62 (full 4):
 PSYoungGen      total 11776K, used 1510K [0x00000000eab00000, 0x00000000ebd00000, 0x0000000100000000)
  eden space 10240K, 0% used [0x00000000eab00000,0x00000000eab00000,0x00000000eb500000)
  from space 1536K, 98% used [0x00000000eb580000,0x00000000eb6f9880,0x00000000eb700000)
  to   space 4096K, 0% used [0x00000000eb900000,0x00000000eb900000,0x00000000ebd00000)
 ParOldGen       total 93696K, used 75795K [0x00000000c0000000, 0x00000000c5b80000, 0x00000000eab00000)
  object space 93696K, 80% used [0x00000000c0000000,0x00000000c4a04f78,0x00000000c5b80000)
 Metaspace       used 70737K, committed 71872K, reserved 1114112K
  class space    used 8083K, committed 8576K, reserved 1048576K
}
Event: 44.416 GC heap before
{Heap before GC invocations=63 (full 4):
 PSYoungGen      total 11776K, used 11750K [0x00000000eab00000, 0x00000000ebd00000, 0x0000000100000000)
  eden space 10240K, 100% used [0x00000000eab00000,0x00000000eb500000,0x00000000eb500000)
  from space 1536K, 98% used [0x00000000eb580000,0x00000000eb6f9880,0x00000000eb700000)
  to   space 4096K, 0% used [0x00000000eb900000,0x00000000eb900000,0x00000000ebd00000)
 ParOldGen       total 93696K, used 75795K [0x00000000c0000000, 0x00000000c5b80000, 0x00000000eab00000)
  object space 93696K, 80% used [0x00000000c0000000,0x00000000c4a04f78,0x00000000c5b80000)
 Metaspace       used 71054K, committed 72192K, reserved 1114112K
  class space    used 8083K, committed 8576K, reserved 1048576K
}
Event: 44.421 GC heap after
{Heap after GC invocations=63 (full 4):
 PSYoungGen      total 12288K, used 2032K [0x00000000eab00000, 0x00000000ebb00000, 0x0000000100000000)
  eden space 10240K, 0% used [0x00000000eab00000,0x00000000eab00000,0x00000000eb500000)
  from space 2048K, 99% used [0x00000000eb900000,0x00000000ebafc248,0x00000000ebb00000)
  to   space 2560K, 0% used [0x00000000eb600000,0x00000000eb600000,0x00000000eb880000)
 ParOldGen       total 93696K, used 77357K [0x00000000c0000000, 0x00000000c5b80000, 0x00000000eab00000)
  object space 93696K, 82% used [0x00000000c0000000,0x00000000c4b8b6b8,0x00000000c5b80000)
 Metaspace       used 71054K, committed 72192K, reserved 1114112K
  class space    used 8083K, committed 8576K, reserved 1048576K
}
Event: 44.533 GC heap before
{Heap before GC invocations=64 (full 4):
 PSYoungGen      total 12288K, used 12272K [0x00000000eab00000, 0x00000000ebb00000, 0x0000000100000000)
  eden space 10240K, 100% used [0x00000000eab00000,0x00000000eb500000,0x00000000eb500000)
  from space 2048K, 99% used [0x00000000eb900000,0x00000000ebafc248,0x00000000ebb00000)
  to   space 2560K, 0% used [0x00000000eb600000,0x00000000eb600000,0x00000000eb880000)
 ParOldGen       total 93696K, used 77357K [0x00000000c0000000, 0x00000000c5b80000, 0x00000000eab00000)
  object space 93696K, 82% used [0x00000000c0000000,0x00000000c4b8b6b8,0x00000000c5b80000)
 Metaspace       used 71061K, committed 72192K, reserved 1114112K
  class space    used 8083K, committed 8576K, reserved 1048576K
}
Event: 44.541 GC heap after
{Heap after GC invocations=64 (full 4):
 PSYoungGen      total 12800K, used 2093K [0x00000000eab00000, 0x00000000eba00000, 0x0000000100000000)
  eden space 10240K, 0% used [0x00000000eab00000,0x00000000eab00000,0x00000000eb500000)
  from space 2560K, 81% used [0x00000000eb600000,0x00000000eb80b4d8,0x00000000eb880000)
  to   space 1536K, 0% used [0x00000000eb880000,0x00000000eb880000,0x00000000eba00000)
 ParOldGen       total 93696K, used 80236K [0x00000000c0000000, 0x00000000c5b80000, 0x00000000eab00000)
  object space 93696K, 85% used [0x00000000c0000000,0x00000000c4e5b390,0x00000000c5b80000)
 Metaspace       used 71061K, committed 72192K, reserved 1114112K
  class space    used 8083K, committed 8576K, reserved 1048576K
}
Event: 45.600 GC heap before
{Heap before GC invocations=65 (full 4):
 PSYoungGen      total 12800K, used 12333K [0x00000000eab00000, 0x00000000eba00000, 0x0000000100000000)
  eden space 10240K, 100% used [0x00000000eab00000,0x00000000eb500000,0x00000000eb500000)
  from space 2560K, 81% used [0x00000000eb600000,0x00000000eb80b4d8,0x00000000eb880000)
  to   space 1536K, 0% used [0x00000000eb880000,0x00000000eb880000,0x00000000eba00000)
 ParOldGen       total 93696K, used 80236K [0x00000000c0000000, 0x00000000c5b80000, 0x00000000eab00000)
  object space 93696K, 85% used [0x00000000c0000000,0x00000000c4e5b390,0x00000000c5b80000)
 Metaspace       used 71670K, committed 72832K, reserved 1114112K
  class space    used 8140K, committed 8640K, reserved 1048576K
}
Event: 45.606 GC heap after
{Heap after GC invocations=65 (full 4):
 PSYoungGen      total 11264K, used 1518K [0x00000000eab00000, 0x00000000ebd00000, 0x0000000100000000)
  eden space 9728K, 0% used [0x00000000eab00000,0x00000000eab00000,0x00000000eb480000)
  from space 1536K, 98% used [0x00000000eb880000,0x00000000eb9fbb80,0x00000000eba00000)
  to   space 4096K, 0% used [0x00000000eb480000,0x00000000eb480000,0x00000000eb880000)
 ParOldGen       total 93696K, used 82303K [0x00000000c0000000, 0x00000000c5b80000, 0x00000000eab00000)
  object space 93696K, 87% used [0x00000000c0000000,0x00000000c505fe58,0x00000000c5b80000)
 Metaspace       used 71670K, committed 72832K, reserved 1114112K
  class space    used 8140K, committed 8640K, reserved 1048576K
}
Event: 45.894 GC heap before
{Heap before GC invocations=66 (full 4):
 PSYoungGen      total 11264K, used 11246K [0x00000000eab00000, 0x00000000ebd00000, 0x0000000100000000)
  eden space 9728K, 100% used [0x00000000eab00000,0x00000000eb480000,0x00000000eb480000)
  from space 1536K, 98% used [0x00000000eb880000,0x00000000eb9fbb80,0x00000000eba00000)
  to   space 4096K, 0% used [0x00000000eb480000,0x00000000eb480000,0x00000000eb880000)
 ParOldGen       total 93696K, used 82303K [0x00000000c0000000, 0x00000000c5b80000, 0x00000000eab00000)
  object space 93696K, 87% used [0x00000000c0000000,0x00000000c505fe58,0x00000000c5b80000)
 Metaspace       used 71725K, committed 72832K, reserved 1114112K
  class space    used 8146K, committed 8640K, reserved 1048576K
}
Event: 45.897 GC heap after
{Heap after GC invocations=66 (full 4):
 PSYoungGen      total 12288K, used 2079K [0x00000000eab00000, 0x00000000eba80000, 0x0000000100000000)
  eden space 9728K, 0% used [0x00000000eab00000,0x00000000eab00000,0x00000000eb480000)
  from space 2560K, 81% used [0x00000000eb480000,0x00000000eb687f78,0x00000000eb700000)
  to   space 3072K, 0% used [0x00000000eb780000,0x00000000eb780000,0x00000000eba80000)
 ParOldGen       total 93696K, used 83595K [0x00000000c0000000, 0x00000000c5b80000, 0x00000000eab00000)
  object space 93696K, 89% used [0x00000000c0000000,0x00000000c51a2e30,0x00000000c5b80000)
 Metaspace       used 71725K, committed 72832K, reserved 1114112K
  class space    used 8146K, committed 8640K, reserved 1048576K
}
Event: 46.123 GC heap before
{Heap before GC invocations=67 (full 4):
 PSYoungGen      total 12288K, used 11807K [0x00000000eab00000, 0x00000000eba80000, 0x0000000100000000)
  eden space 9728K, 99% used [0x00000000eab00000,0x00000000eb47fc98,0x00000000eb480000)
  from space 2560K, 81% used [0x00000000eb480000,0x00000000eb687f78,0x00000000eb700000)
  to   space 3072K, 0% used [0x00000000eb780000,0x00000000eb780000,0x00000000eba80000)
 ParOldGen       total 93696K, used 83595K [0x00000000c0000000, 0x00000000c5b80000, 0x00000000eab00000)
  object space 93696K, 89% used [0x00000000c0000000,0x00000000c51a2e30,0x00000000c5b80000)
 Metaspace       used 71725K, committed 72832K, reserved 1114112K
  class space    used 8146K, committed 8640K, reserved 1048576K
}
Event: 46.127 GC heap after
{Heap after GC invocations=67 (full 4):
 PSYoungGen      total 12288K, used 2231K [0x00000000eab00000, 0x00000000eba00000, 0x0000000100000000)
  eden space 9728K, 0% used [0x00000000eab00000,0x00000000eab00000,0x00000000eb480000)
  from space 2560K, 87% used [0x00000000eb780000,0x00000000eb9adc70,0x00000000eba00000)
  to   space 2560K, 0% used [0x00000000eb480000,0x00000000eb480000,0x00000000eb700000)
 ParOldGen       total 93696K, used 85603K [0x00000000c0000000, 0x00000000c5b80000, 0x00000000eab00000)
  object space 93696K, 91% used [0x00000000c0000000,0x00000000c5398e70,0x00000000c5b80000)
 Metaspace       used 71725K, committed 72832K, reserved 1114112K
  class space    used 8146K, committed 8640K, reserved 1048576K
}
Event: 46.285 GC heap before
{Heap before GC invocations=68 (full 4):
 PSYoungGen      total 12288K, used 11959K [0x00000000eab00000, 0x00000000eba00000, 0x0000000100000000)
  eden space 9728K, 100% used [0x00000000eab00000,0x00000000eb480000,0x00000000eb480000)
  from space 2560K, 87% used [0x00000000eb780000,0x00000000eb9adc70,0x00000000eba00000)
  to   space 2560K, 0% used [0x00000000eb480000,0x00000000eb480000,0x00000000eb700000)
 ParOldGen       total 93696K, used 85603K [0x00000000c0000000, 0x00000000c5b80000, 0x00000000eab00000)
  object space 93696K, 91% used [0x00000000c0000000,0x00000000c5398e70,0x00000000c5b80000)
 Metaspace       used 71727K, committed 72832K, reserved 1114112K
  class space    used 8146K, committed 8640K, reserved 1048576K
}
Event: 46.300 GC heap after
{Heap after GC invocations=68 (full 4):
 PSYoungGen      total 12288K, used 2200K [0x00000000eab00000, 0x00000000eb980000, 0x0000000100000000)
  eden space 9728K, 0% used [0x00000000eab00000,0x00000000eab00000,0x00000000eb480000)
  from space 2560K, 85% used [0x00000000eb480000,0x00000000eb6a6040,0x00000000eb700000)
  to   space 2560K, 0% used [0x00000000eb700000,0x00000000eb700000,0x00000000eb980000)
 ParOldGen       total 93696K, used 87814K [0x00000000c0000000, 0x00000000c5b80000, 0x00000000eab00000)
  object space 93696K, 93% used [0x00000000c0000000,0x00000000c55c18a0,0x00000000c5b80000)
 Metaspace       used 71727K, committed 72832K, reserved 1114112K
  class space    used 8146K, committed 8640K, reserved 1048576K
}
Event: 46.698 GC heap before
{Heap before GC invocations=69 (full 4):
 PSYoungGen      total 12288K, used 11928K [0x00000000eab00000, 0x00000000eb980000, 0x0000000100000000)
  eden space 9728K, 100% used [0x00000000eab00000,0x00000000eb480000,0x00000000eb480000)
  from space 2560K, 85% used [0x00000000eb480000,0x00000000eb6a6040,0x00000000eb700000)
  to   space 2560K, 0% used [0x00000000eb700000,0x00000000eb700000,0x00000000eb980000)
 ParOldGen       total 93696K, used 87814K [0x00000000c0000000, 0x00000000c5b80000, 0x00000000eab00000)
  object space 93696K, 93% used [0x00000000c0000000,0x00000000c55c18a0,0x00000000c5b80000)
 Metaspace       used 71744K, committed 72896K, reserved 1114112K
  class space    used 8150K, committed 8640K, reserved 1048576K
}
Event: 46.710 GC heap after
{Heap after GC invocations=69 (full 4):
 PSYoungGen      total 11776K, used 2537K [0x00000000eab00000, 0x00000000eba80000, 0x0000000100000000)
  eden space 9216K, 0% used [0x00000000eab00000,0x00000000eab00000,0x00000000eb400000)
  from space 2560K, 99% used [0x00000000eb700000,0x00000000eb97a630,0x00000000eb980000)
  to   space 3072K, 0% used [0x00000000eb400000,0x00000000eb400000,0x00000000eb700000)
 ParOldGen       total 93696K, used 89921K [0x00000000c0000000, 0x00000000c5b80000, 0x00000000eab00000)
  object space 93696K, 95% used [0x00000000c0000000,0x00000000c57d0500,0x00000000c5b80000)
 Metaspace       used 71744K, committed 72896K, reserved 1114112K
  class space    used 8150K, committed 8640K, reserved 1048576K
}
Event: 46.748 GC heap before
{Heap before GC invocations=70 (full 4):
 PSYoungGen      total 11776K, used 11753K [0x00000000eab00000, 0x00000000eba80000, 0x0000000100000000)
  eden space 9216K, 100% used [0x00000000eab00000,0x00000000eb400000,0x00000000eb400000)
  from space 2560K, 99% used [0x00000000eb700000,0x00000000eb97a630,0x00000000eb980000)
  to   space 3072K, 0% used [0x00000000eb400000,0x00000000eb400000,0x00000000eb700000)
 ParOldGen       total 93696K, used 89921K [0x00000000c0000000, 0x00000000c5b80000, 0x00000000eab00000)
  object space 93696K, 95% used [0x00000000c0000000,0x00000000c57d0500,0x00000000c5b80000)
 Metaspace       used 71744K, committed 72896K, reserved 1114112K
  class space    used 8150K, committed 8640K, reserved 1048576K
}
Event: 46.752 GC heap after
{Heap after GC invocations=70 (full 4):
 PSYoungGen      total 11776K, used 2057K [0x00000000eab00000, 0x00000000eb900000, 0x0000000100000000)
  eden space 9216K, 0% used [0x00000000eab00000,0x00000000eab00000,0x00000000eb400000)
  from space 2560K, 80% used [0x00000000eb400000,0x00000000eb602650,0x00000000eb680000)
  to   space 2560K, 0% used [0x00000000eb680000,0x00000000eb680000,0x00000000eb900000)
 ParOldGen       total 93696K, used 92429K [0x00000000c0000000, 0x00000000c5b80000, 0x00000000eab00000)
  object space 93696K, 98% used [0x00000000c0000000,0x00000000c5a43650,0x00000000c5b80000)
 Metaspace       used 71744K, committed 72896K, reserved 1114112K
  class space    used 8150K, committed 8640K, reserved 1048576K
}
Event: 46.752 GC heap before
{Heap before GC invocations=71 (full 5):
 PSYoungGen      total 11776K, used 2057K [0x00000000eab00000, 0x00000000eb900000, 0x0000000100000000)
  eden space 9216K, 0% used [0x00000000eab00000,0x00000000eab00000,0x00000000eb400000)
  from space 2560K, 80% used [0x00000000eb400000,0x00000000eb602650,0x00000000eb680000)
  to   space 2560K, 0% used [0x00000000eb680000,0x00000000eb680000,0x00000000eb900000)
 ParOldGen       total 93696K, used 92429K [0x00000000c0000000, 0x00000000c5b80000, 0x00000000eab00000)
  object space 93696K, 98% used [0x00000000c0000000,0x00000000c5a43650,0x00000000c5b80000)
 Metaspace       used 71744K, committed 72896K, reserved 1114112K
  class space    used 8150K, committed 8640K, reserved 1048576K
}
Event: 46.876 GC heap after
{Heap after GC invocations=71 (full 5):
 PSYoungGen      total 11776K, used 0K [0x00000000eab00000, 0x00000000eb900000, 0x0000000100000000)
  eden space 9216K, 0% used [0x00000000eab00000,0x00000000eab00000,0x00000000eb400000)
  from space 2560K, 0% used [0x00000000eb680000,0x00000000eb680000,0x00000000eb900000)
  to   space 2560K, 0% used [0x00000000eb400000,0x00000000eb400000,0x00000000eb680000)
 ParOldGen       total 93696K, used 92078K [0x00000000c0000000, 0x00000000c5b80000, 0x00000000eab00000)
  object space 93696K, 98% used [0x00000000c0000000,0x00000000c59eba50,0x00000000c5b80000)
 Metaspace       used 71744K, committed 72896K, reserved 1114112K
  class space    used 8150K, committed 8640K, reserved 1048576K
}

Dll operation events (14 events):
Event: 0.012 Loaded shared library c:\Users\DELL\.vscode\extensions\redhat.java-1.26.0-win32-x64\jre\17.0.9-win32-x86_64\bin\java.dll
Event: 0.344 Loaded shared library c:\Users\DELL\.vscode\extensions\redhat.java-1.26.0-win32-x64\jre\17.0.9-win32-x86_64\bin\zip.dll
Event: 0.347 Loaded shared library C:\Users\DELL\.vscode\extensions\redhat.java-1.26.0-win32-x64\jre\17.0.9-win32-x86_64\bin\instrument.dll
Event: 0.362 Loaded shared library C:\Users\DELL\.vscode\extensions\redhat.java-1.26.0-win32-x64\jre\17.0.9-win32-x86_64\bin\net.dll
Event: 0.364 Loaded shared library C:\Users\DELL\.vscode\extensions\redhat.java-1.26.0-win32-x64\jre\17.0.9-win32-x86_64\bin\nio.dll
Event: 0.372 Loaded shared library C:\Users\DELL\.vscode\extensions\redhat.java-1.26.0-win32-x64\jre\17.0.9-win32-x86_64\bin\zip.dll
Event: 0.393 Loaded shared library C:\Users\DELL\.vscode\extensions\redhat.java-1.26.0-win32-x64\jre\17.0.9-win32-x86_64\bin\jimage.dll
Event: 0.486 Loaded shared library c:\Users\DELL\.vscode\extensions\redhat.java-1.26.0-win32-x64\jre\17.0.9-win32-x86_64\bin\verify.dll
Event: 2.977 Loaded shared library C:\Users\DELL\AppData\Roaming\Code\User\globalStorage\redhat.java\1.26.0\config_win\org.eclipse.equinox.launcher\org.eclipse.equinox.launcher.win32.win32.x86_64_1.2.800.v20231003-1442\eclipse_11802.dll
Event: 18.333 Loaded shared library C:\Users\DELL\AppData\Local\Temp\jna-2094529\jna11200348109072512967.dll
Event: 25.159 Loaded shared library E:\Gradle\gradle-7.5\native\e1d6ef7f7dcc3fd88c89a11ec53ec762bb8ba0a96d01ffa2cd45eb1d1d8dd5c5\windows-amd64\native-platform.dll
Event: 26.508 Loaded shared library C:\Users\DELL\.vscode\extensions\redhat.java-1.26.0-win32-x64\jre\17.0.9-win32-x86_64\bin\management.dll
Event: 26.513 Loaded shared library C:\Users\DELL\.vscode\extensions\redhat.java-1.26.0-win32-x64\jre\17.0.9-win32-x86_64\bin\management_ext.dll
Event: 31.307 Loaded shared library C:\Users\DELL\.vscode\extensions\redhat.java-1.26.0-win32-x64\jre\17.0.9-win32-x86_64\bin\sunmscapi.dll

Deoptimization events (20 events):
Event: 46.332 Thread 0x0000016e9ad9d4a0 DEOPT PACKING pc=0x0000016e8bebbbb8 sp=0x0000004767afe490
Event: 46.332 Thread 0x0000016e9ad9d4a0 DEOPT UNPACKING pc=0x0000016e8b5766a3 sp=0x0000004767afe3f8 mode 2
Event: 46.643 Thread 0x0000016e9ad9d4a0 DEOPT PACKING pc=0x0000016e84b70385 sp=0x0000004767afe4e0
Event: 46.643 Thread 0x0000016e9ad9d4a0 DEOPT UNPACKING pc=0x0000016e8b576e43 sp=0x0000004767afda08 mode 0
Event: 46.658 Thread 0x0000016e9ad9d4a0 DEOPT PACKING pc=0x0000016e84b70385 sp=0x0000004767afe4e0
Event: 46.658 Thread 0x0000016e9ad9d4a0 DEOPT UNPACKING pc=0x0000016e8b576e43 sp=0x0000004767afda08 mode 0
Event: 46.665 Thread 0x0000016e9ad9d4a0 DEOPT PACKING pc=0x0000016e84b70385 sp=0x0000004767afe4e0
Event: 46.665 Thread 0x0000016e9ad9d4a0 DEOPT UNPACKING pc=0x0000016e8b576e43 sp=0x0000004767afda08 mode 0
Event: 46.712 Thread 0x0000016e9ad9d4a0 DEOPT PACKING pc=0x0000016e84b70385 sp=0x0000004767afe4e0
Event: 46.712 Thread 0x0000016e9ad9d4a0 DEOPT UNPACKING pc=0x0000016e8b576e43 sp=0x0000004767afda08 mode 0
Event: 46.725 Thread 0x0000016e9ad9d4a0 DEOPT PACKING pc=0x0000016e84b70385 sp=0x0000004767afe4e0
Event: 46.725 Thread 0x0000016e9ad9d4a0 DEOPT UNPACKING pc=0x0000016e8b576e43 sp=0x0000004767afda08 mode 0
Event: 46.735 Thread 0x0000016e9ad9d4a0 DEOPT PACKING pc=0x0000016e84b70385 sp=0x0000004767afe4e0
Event: 46.735 Thread 0x0000016e9ad9d4a0 DEOPT UNPACKING pc=0x0000016e8b576e43 sp=0x0000004767afda08 mode 0
Event: 46.738 Thread 0x0000016e9ad9d4a0 Uncommon trap: trap_request=0xffffff45 fr.pc=0x0000016e8be9c63c relative=0x00000000000017bc
Event: 46.738 Thread 0x0000016e9ad9d4a0 Uncommon trap: reason=unstable_if action=reinterpret pc=0x0000016e8be9c63c method=org.eclipse.jdt.internal.compiler.classfmt.MethodInfo.decodeLocalVariableAttribute(II)V @ 14 c2
Event: 46.738 Thread 0x0000016e9ad9d4a0 DEOPT PACKING pc=0x0000016e8be9c63c sp=0x0000004767afe4f0
Event: 46.738 Thread 0x0000016e9ad9d4a0 DEOPT UNPACKING pc=0x0000016e8b5766a3 sp=0x0000004767afe400 mode 2
Event: 46.745 Thread 0x0000016e9ad9d4a0 DEOPT PACKING pc=0x0000016e84b70385 sp=0x0000004767afe4e0
Event: 46.745 Thread 0x0000016e9ad9d4a0 DEOPT UNPACKING pc=0x0000016e8b576e43 sp=0x0000004767afda08 mode 0

Classes unloaded (7 events):
Event: 14.631 Thread 0x0000016eff87ecd0 Unloading class 0x0000000100252400 'java/lang/invoke/LambdaForm$MH+0x0000000100252400'
Event: 14.631 Thread 0x0000016eff87ecd0 Unloading class 0x0000000100252000 'java/lang/invoke/LambdaForm$MH+0x0000000100252000'
Event: 14.631 Thread 0x0000016eff87ecd0 Unloading class 0x0000000100251c00 'java/lang/invoke/LambdaForm$MH+0x0000000100251c00'
Event: 14.631 Thread 0x0000016eff87ecd0 Unloading class 0x0000000100251800 'java/lang/invoke/LambdaForm$MH+0x0000000100251800'
Event: 14.631 Thread 0x0000016eff87ecd0 Unloading class 0x0000000100251400 'java/lang/invoke/LambdaForm$BMH+0x0000000100251400'
Event: 14.631 Thread 0x0000016eff87ecd0 Unloading class 0x0000000100251000 'java/lang/invoke/LambdaForm$DMH+0x0000000100251000'
Event: 14.631 Thread 0x0000016eff87ecd0 Unloading class 0x000000010024c400 'java/lang/invoke/LambdaForm$DMH+0x000000010024c400'

Classes redefined (0 events):
No events

Internal exceptions (20 events):
Event: 43.578 Thread 0x0000016e9c0c4d60 Exception <a 'sun/nio/fs/WindowsException'{0x00000000eb3bd900}> (0x00000000eb3bd900) 
thrown [s\src\hotspot\share\prims\jni.cpp, line 516]
Event: 43.578 Thread 0x0000016e9c0c4d60 Exception <a 'sun/nio/fs/WindowsException'{0x00000000eb3be628}> (0x00000000eb3be628) 
thrown [s\src\hotspot\share\prims\jni.cpp, line 516]
Event: 43.579 Thread 0x0000016e9c0c4d60 Exception <a 'sun/nio/fs/WindowsException'{0x00000000eb3bf390}> (0x00000000eb3bf390) 
thrown [s\src\hotspot\share\prims\jni.cpp, line 516]
Event: 43.581 Thread 0x0000016e9c0c4d60 Exception <a 'sun/nio/fs/WindowsException'{0x00000000eb3c01f8}> (0x00000000eb3c01f8) 
thrown [s\src\hotspot\share\prims\jni.cpp, line 516]
Event: 43.587 Thread 0x0000016e9c0c4d60 Exception <a 'sun/nio/fs/WindowsException'{0x00000000eb3f64e8}> (0x00000000eb3f64e8) 
thrown [s\src\hotspot\share\prims\jni.cpp, line 516]
Event: 43.591 Thread 0x0000016e9c0c4d60 Exception <a 'sun/nio/fs/WindowsException'{0x00000000eb400978}> (0x00000000eb400978) 
thrown [s\src\hotspot\share\prims\jni.cpp, line 516]
Event: 43.594 Thread 0x0000016e9c0c4d60 Exception <a 'sun/nio/fs/WindowsException'{0x00000000eb40ba68}> (0x00000000eb40ba68) 
thrown [s\src\hotspot\share\prims\jni.cpp, line 516]
Event: 43.599 Thread 0x0000016e9c0c4d60 Exception <a 'sun/nio/fs/WindowsException'{0x00000000eb419c48}> (0x00000000eb419c48) 
thrown [s\src\hotspot\share\prims\jni.cpp, line 516]
Event: 43.602 Thread 0x0000016e9c0c4d60 Exception <a 'sun/nio/fs/WindowsException'{0x00000000eb424e00}> (0x00000000eb424e00) 
thrown [s\src\hotspot\share\prims\jni.cpp, line 516]
Event: 43.605 Thread 0x0000016e9c0c4d60 Exception <a 'sun/nio/fs/WindowsException'{0x00000000eb42fc50}> (0x00000000eb42fc50) 
thrown [s\src\hotspot\share\prims\jni.cpp, line 516]
Event: 43.608 Thread 0x0000016e9c0c4d60 Exception <a 'sun/nio/fs/WindowsException'{0x00000000eb43a3a0}> (0x00000000eb43a3a0) 
thrown [s\src\hotspot\share\prims\jni.cpp, line 516]
Event: 43.611 Thread 0x0000016e9c0c4d60 Exception <a 'sun/nio/fs/WindowsException'{0x00000000eb445430}> (0x00000000eb445430) 
thrown [s\src\hotspot\share\prims\jni.cpp, line 516]
Event: 43.614 Thread 0x0000016e9c0c4d60 Exception <a 'sun/nio/fs/WindowsException'{0x00000000eb454908}> (0x00000000eb454908) 
thrown [s\src\hotspot\share\prims\jni.cpp, line 516]
Event: 43.618 Thread 0x0000016e9c0c4d60 Exception <a 'sun/nio/fs/WindowsException'{0x00000000eb461348}> (0x00000000eb461348) 
thrown [s\src\hotspot\share\prims\jni.cpp, line 516]
Event: 43.621 Thread 0x0000016e9c0c4d60 Exception <a 'sun/nio/fs/WindowsException'{0x00000000eb46e438}> (0x00000000eb46e438) 
thrown [s\src\hotspot\share\prims\jni.cpp, line 516]
Event: 43.624 Thread 0x0000016e9c0c4d60 Exception <a 'sun/nio/fs/WindowsException'{0x00000000eb47f108}> (0x00000000eb47f108) 
thrown [s\src\hotspot\share\prims\jni.cpp, line 516]
Event: 43.628 Thread 0x0000016e9c0c4d60 Exception <a 'sun/nio/fs/WindowsException'{0x00000000eb48c700}> (0x00000000eb48c700) 
thrown [s\src\hotspot\share\prims\jni.cpp, line 516]
Event: 43.630 Thread 0x0000016e9c0c4d60 Exception <a 'sun/nio/fs/WindowsException'{0x00000000eb4996c0}> (0x00000000eb4996c0) 
thrown [s\src\hotspot\share\prims\jni.cpp, line 516]
Event: 43.634 Thread 0x0000016e9c0c4d60 Exception <a 'sun/nio/fs/WindowsException'{0x00000000eb4a6258}> (0x00000000eb4a6258) 
thrown [s\src\hotspot\share\prims\jni.cpp, line 516]
Event: 43.637 Thread 0x0000016e9c0c4d60 Exception <a 'sun/nio/fs/WindowsException'{0x00000000eb4b2dd8}> (0x00000000eb4b2dd8) 
thrown [s\src\hotspot\share\prims\jni.cpp, line 516]

VM Operations (20 events):
Event: 43.798 Executing VM operation: ParallelGCFailedAllocation
Event: 43.801 Executing VM operation: ParallelGCFailedAllocation done
Event: 44.230 Executing VM operation: ParallelGCFailedAllocation
Event: 44.265 Executing VM operation: ParallelGCFailedAllocation done
Event: 44.416 Executing VM operation: ParallelGCFailedAllocation
Event: 44.422 Executing VM operation: ParallelGCFailedAllocation done
Event: 44.533 Executing VM operation: ParallelGCFailedAllocation
Event: 44.559 Executing VM operation: ParallelGCFailedAllocation done
Event: 45.408 Executing VM operation: ParallelGCFailedAllocation
Event: 45.626 Executing VM operation: ParallelGCFailedAllocation done
Event: 45.893 Executing VM operation: ParallelGCFailedAllocation
Event: 46.082 Executing VM operation: ParallelGCFailedAllocation done
Event: 46.123 Executing VM operation: ParallelGCFailedAllocation
Event: 46.127 Executing VM operation: ParallelGCFailedAllocation done
Event: 46.285 Executing VM operation: ParallelGCFailedAllocation
Event: 46.301 Executing VM operation: ParallelGCFailedAllocation done
Event: 46.698 Executing VM operation: ParallelGCFailedAllocation
Event: 46.710 Executing VM operation: ParallelGCFailedAllocation done
Event: 46.748 Executing VM operation: ParallelGCFailedAllocation
Event: 46.892 Executing VM operation: ParallelGCFailedAllocation done

Events (20 events):
Event: 43.793 loading class java/security/interfaces/ECPrivateKey
Event: 43.793 loading class java/security/interfaces/ECPrivateKey done
Event: 43.794 loading class sun/security/util/ArrayUtil
Event: 43.794 loading class sun/security/util/ArrayUtil done
Event: 43.794 loading class sun/security/ssl/KeyShareExtension$CHKeyShareSpec
Event: 43.795 loading class sun/security/ssl/KeyShareExtension$CHKeyShareSpec done
Event: 43.795 loading class sun/security/ssl/OutputRecord$T13PaddingHolder
Event: 43.795 loading class sun/security/ssl/OutputRecord$T13PaddingHolder done
Event: 43.795 loading class sun/security/ssl/ContentType
Event: 43.795 loading class sun/security/ssl/ContentType done
Event: 45.325 Thread 0x0000016e9c0c3410 Thread added: 0x0000016e9c0c3410
Event: 45.326 loading class java/util/concurrent/CompletionException
Event: 45.326 loading class java/util/concurrent/CompletionException done
Event: 45.327 Thread 0x0000016e9c0c4850 Thread added: 0x0000016e9c0c4850
Event: 45.328 Thread 0x0000016e9c0c10a0 Thread added: 0x0000016e9c0c10a0
Event: 45.330 Thread 0x0000016e9c0c5780 Thread added: 0x0000016e9c0c5780
Event: 45.625 Thread 0x0000016e9c0c3410 Thread exited: 0x0000016e9c0c3410
Event: 45.639 Thread 0x0000016e9c0c4850 Thread exited: 0x0000016e9c0c4850
Event: 45.650 Thread 0x0000016e9c0c5780 Thread exited: 0x0000016e9c0c5780
Event: 45.666 Thread 0x0000016e9c0c10a0 Thread exited: 0x0000016e9c0c10a0


Dynamic libraries:
0x00007ff7f8020000 - 0x00007ff7f802e000 	c:\Users\DELL\.vscode\extensions\redhat.java-1.26.0-win32-x64\jre\17.0.9-win32-x86_64\bin\java.exe
0x00007fffc2e10000 - 0x00007fffc3008000 	C:\WINDOWS\SYSTEM32\ntdll.dll
0x00007fffc1e70000 - 0x00007fffc1f2d000 	C:\WINDOWS\System32\KERNEL32.DLL
0x00007fffc0590000 - 0x00007fffc0886000 	C:\WINDOWS\System32\KERNELBASE.dll
0x00007fffc09c0000 - 0x00007fffc0ac0000 	C:\WINDOWS\System32\ucrtbase.dll
0x00007fffb3f40000 - 0x00007fffb3f57000 	c:\Users\DELL\.vscode\extensions\redhat.java-1.26.0-win32-x64\jre\17.0.9-win32-x86_64\bin\jli.dll
0x00007fffc2b70000 - 0x00007fffc2d0e000 	C:\WINDOWS\System32\USER32.dll
0x00007fffc0890000 - 0x00007fffc08b2000 	C:\WINDOWS\System32\win32u.dll
0x00007fffc1f90000 - 0x00007fffc1fbb000 	C:\WINDOWS\System32\GDI32.dll
0x00007fffc0ac0000 - 0x00007fffc0bd7000 	C:\WINDOWS\System32\gdi32full.dll
0x00007fffc0d40000 - 0x00007fffc0ddd000 	C:\WINDOWS\System32\msvcp_win.dll
0x00007fffaadb0000 - 0x00007fffaadcb000 	c:\Users\DELL\.vscode\extensions\redhat.java-1.26.0-win32-x64\jre\17.0.9-win32-x86_64\bin\VCRUNTIME140.dll
0x00007fffb4150000 - 0x00007fffb43ea000 	C:\WINDOWS\WinSxS\amd64_microsoft.windows.common-controls_6595b64144ccf1df_6.0.19041.3636_none_60b6a03d71f818d5\COMCTL32.dll
0x00007fffc2ad0000 - 0x00007fffc2b6e000 	C:\WINDOWS\System32\msvcrt.dll
0x00007fffc1fc0000 - 0x00007fffc1ff2000 	C:\WINDOWS\System32\IMM32.DLL
0x00007fffba930000 - 0x00007fffba93c000 	c:\Users\DELL\.vscode\extensions\redhat.java-1.26.0-win32-x64\jre\17.0.9-win32-x86_64\bin\vcruntime140_1.dll
0x00007fff92fb0000 - 0x00007fff9303d000 	c:\Users\DELL\.vscode\extensions\redhat.java-1.26.0-win32-x64\jre\17.0.9-win32-x86_64\bin\msvcp140.dll
0x00007fff80670000 - 0x00007fff812d1000 	c:\Users\DELL\.vscode\extensions\redhat.java-1.26.0-win32-x64\jre\17.0.9-win32-x86_64\bin\server\jvm.dll
0x00007fffc2390000 - 0x00007fffc2443000 	C:\WINDOWS\System32\ADVAPI32.dll
0x00007fffc2a30000 - 0x00007fffc2acf000 	C:\WINDOWS\System32\sechost.dll
0x00007fffc2190000 - 0x00007fffc22b6000 	C:\WINDOWS\System32\RPCRT4.dll
0x00007fffc04d0000 - 0x00007fffc04f7000 	C:\WINDOWS\System32\bcrypt.dll
0x00007fffc0280000 - 0x00007fffc02cb000 	C:\WINDOWS\SYSTEM32\POWRPROF.dll
0x00007fffb88a0000 - 0x00007fffb88a9000 	C:\WINDOWS\SYSTEM32\WSOCK32.dll
0x00007fffc1930000 - 0x00007fffc199b000 	C:\WINDOWS\System32\WS2_32.dll
0x00007fffaf320000 - 0x00007fffaf347000 	C:\WINDOWS\SYSTEM32\WINMM.dll
0x00007fffbd5f0000 - 0x00007fffbd5fa000 	C:\WINDOWS\SYSTEM32\VERSION.dll
0x00007fffc0260000 - 0x00007fffc0272000 	C:\WINDOWS\SYSTEM32\UMPDC.dll
0x00007fffbed60000 - 0x00007fffbed72000 	C:\WINDOWS\SYSTEM32\kernel.appcore.dll
0x00007fffba670000 - 0x00007fffba67a000 	c:\Users\DELL\.vscode\extensions\redhat.java-1.26.0-win32-x64\jre\17.0.9-win32-x86_64\bin\jimage.dll
0x00007fffbe260000 - 0x00007fffbe444000 	C:\WINDOWS\SYSTEM32\DBGHELP.DLL
0x00007fffb79c0000 - 0x00007fffb79f4000 	C:\WINDOWS\SYSTEM32\dbgcore.DLL
0x00007fffc0500000 - 0x00007fffc0582000 	C:\WINDOWS\System32\bcryptPrimitives.dll
0x00007fffb9f00000 - 0x00007fffb9f0e000 	c:\Users\DELL\.vscode\extensions\redhat.java-1.26.0-win32-x64\jre\17.0.9-win32-x86_64\bin\instrument.dll
0x00007fff9a9e0000 - 0x00007fff9aa05000 	c:\Users\DELL\.vscode\extensions\redhat.java-1.26.0-win32-x64\jre\17.0.9-win32-x86_64\bin\java.dll
0x00007fff9c390000 - 0x00007fff9c3a8000 	c:\Users\DELL\.vscode\extensions\redhat.java-1.26.0-win32-x64\jre\17.0.9-win32-x86_64\bin\zip.dll
0x00007fffc0fc0000 - 0x00007fffc1705000 	C:\WINDOWS\System32\SHELL32.dll
0x00007fffbe450000 - 0x00007fffbebec000 	C:\WINDOWS\SYSTEM32\windows.storage.dll
0x00007fffc2620000 - 0x00007fffc2974000 	C:\WINDOWS\System32\combase.dll
0x00007fffbfe30000 - 0x00007fffbfe5e000 	C:\WINDOWS\SYSTEM32\Wldp.dll
0x00007fffc22c0000 - 0x00007fffc238d000 	C:\WINDOWS\System32\OLEAUT32.dll
0x00007fffc2980000 - 0x00007fffc2a2d000 	C:\WINDOWS\System32\SHCORE.dll
0x00007fffc18d0000 - 0x00007fffc1925000 	C:\WINDOWS\System32\shlwapi.dll
0x00007fffc0400000 - 0x00007fffc0425000 	C:\WINDOWS\SYSTEM32\profapi.dll
0x00007fff9a9c0000 - 0x00007fff9a9d9000 	C:\Users\DELL\.vscode\extensions\redhat.java-1.26.0-win32-x64\jre\17.0.9-win32-x86_64\bin\net.dll
0x00007fffb6f60000 - 0x00007fffb706a000 	C:\WINDOWS\SYSTEM32\WINHTTP.dll
0x00007fffbfb90000 - 0x00007fffbfbfa000 	C:\WINDOWS\system32\mswsock.dll
0x00007fff9a9a0000 - 0x00007fff9a9b6000 	C:\Users\DELL\.vscode\extensions\redhat.java-1.26.0-win32-x64\jre\17.0.9-win32-x86_64\bin\nio.dll
0x00007fffb9c70000 - 0x00007fffb9c80000 	c:\Users\DELL\.vscode\extensions\redhat.java-1.26.0-win32-x64\jre\17.0.9-win32-x86_64\bin\verify.dll
0x00007fff99480000 - 0x00007fff994be000 	C:\Users\DELL\AppData\Roaming\Code\User\globalStorage\redhat.java\1.26.0\config_win\org.eclipse.equinox.launcher\org.eclipse.equinox.launcher.win32.win32.x86_64_1.2.800.v20231003-1442\eclipse_11802.dll
0x00007fffc1790000 - 0x00007fffc18bb000 	C:\WINDOWS\System32\ole32.dll
0x00007fffbfd90000 - 0x00007fffbfda8000 	C:\WINDOWS\SYSTEM32\CRYPTSP.dll
0x00007fffbf4c0000 - 0x00007fffbf4f4000 	C:\WINDOWS\system32\rsaenh.dll
0x00007fffc0380000 - 0x00007fffc03ae000 	C:\WINDOWS\SYSTEM32\USERENV.dll
0x00007fffbfd80000 - 0x00007fffbfd8c000 	C:\WINDOWS\SYSTEM32\CRYPTBASE.dll
0x00007fffbf880000 - 0x00007fffbf8bb000 	C:\WINDOWS\SYSTEM32\IPHLPAPI.DLL
0x00007fffc18c0000 - 0x00007fffc18c8000 	C:\WINDOWS\System32\NSI.dll
0x00007fffb7170000 - 0x00007fffb7187000 	C:\WINDOWS\SYSTEM32\dhcpcsvc6.DLL
0x00007fffb7630000 - 0x00007fffb764d000 	C:\WINDOWS\SYSTEM32\dhcpcsvc.DLL
0x00007fffbf8c0000 - 0x00007fffbf98a000 	C:\WINDOWS\SYSTEM32\DNSAPI.dll
0x00007fffa1270000 - 0x00007fffa12b5000 	C:\Users\DELL\AppData\Local\Temp\jna-2094529\jna11200348109072512967.dll
0x00007fffc2dc0000 - 0x00007fffc2dc8000 	C:\WINDOWS\System32\PSAPI.DLL
0x00007fffb3e60000 - 0x00007fffb3e87000 	E:\Gradle\gradle-7.5\native\e1d6ef7f7dcc3fd88c89a11ec53ec762bb8ba0a96d01ffa2cd45eb1d1d8dd5c5\windows-amd64\native-platform.dll
0x00007fffb84d0000 - 0x00007fffb84d9000 	C:\Users\DELL\.vscode\extensions\redhat.java-1.26.0-win32-x64\jre\17.0.9-win32-x86_64\bin\management.dll
0x00007fffb7a00000 - 0x00007fffb7a0b000 	C:\Users\DELL\.vscode\extensions\redhat.java-1.26.0-win32-x64\jre\17.0.9-win32-x86_64\bin\management_ext.dll
0x00007fffbd700000 - 0x00007fffbd70e000 	C:\Users\DELL\.vscode\extensions\redhat.java-1.26.0-win32-x64\jre\17.0.9-win32-x86_64\bin\sunmscapi.dll
0x00007fffc0be0000 - 0x00007fffc0d3d000 	C:\WINDOWS\System32\CRYPT32.dll
0x00007fffbfea0000 - 0x00007fffbfec8000 	C:\WINDOWS\SYSTEM32\ncrypt.dll
0x00007fffbfe60000 - 0x00007fffbfe9b000 	C:\WINDOWS\SYSTEM32\NTASN1.dll
0x00007fffb5130000 - 0x00007fffb513a000 	C:\Windows\System32\rasadhlp.dll
0x00007fffb5680000 - 0x00007fffb5700000 	C:\WINDOWS\System32\fwpuclnt.dll

dbghelp: loaded successfully - version: 4.0.5 - missing functions: none
symbol engine: initialized successfully - sym options: 0x614 - pdb path: .;c:\Users\DELL\.vscode\extensions\redhat.java-1.26.0-win32-x64\jre\17.0.9-win32-x86_64\bin;C:\WINDOWS\SYSTEM32;C:\WINDOWS\WinSxS\amd64_microsoft.windows.common-controls_6595b64144ccf1df_6.0.19041.3636_none_60b6a03d71f818d5;c:\Users\DELL\.vscode\extensions\redhat.java-1.26.0-win32-x64\jre\17.0.9-win32-x86_64\bin\server;C:\Users\DELL\AppData\Roaming\Code\User\globalStorage\redhat.java\1.26.0\config_win\org.eclipse.equinox.launcher\org.eclipse.equinox.launcher.win32.win32.x86_64_1.2.800.v20231003-1442;C:\Users\DELL\AppData\Local\Temp\jna-2094529;E:\Gradle\gradle-7.5\native\e1d6ef7f7dcc3fd88c89a11ec53ec762bb8ba0a96d01ffa2cd45eb1d1d8dd5c5\windows-amd64

VM Arguments:
jvm_args: --add-modules=ALL-SYSTEM --add-opens=java.base/java.util=ALL-UNNAMED --add-opens=java.base/java.lang=ALL-UNNAMED --add-opens=java.base/sun.nio.fs=ALL-UNNAMED -Declipse.application=org.eclipse.jdt.ls.core.id1 -Dosgi.bundles.defaultStartLevel=4 -Declipse.product=org.eclipse.jdt.ls.core.product -Djava.import.generatesMetadataFilesAtProjectRoot=false -DDetectVMInstallationsJob.disabled=true -Dfile.encoding=utf8 -XX:+UseParallelGC -XX:GCTimeRatio=4 -XX:AdaptiveSizePolicyWeight=90 -Dsun.zip.disableMemoryMapping=true -Xmx1G -Xms100m -Xlog:disable -javaagent:c:\Users\DELL\.vscode\extensions\redhat.java-1.26.0-win32-x64\lombok\lombok-1.18.31-3454.jar -XX:+HeapDumpOnOutOfMemoryError -XX:HeapDumpPath=c:\Users\DELL\AppData\Roaming\Code\User\workspaceStorage\2a8b28b10731c12aa982069e28973df5\redhat.java -Daether.dependencyCollector.impl=bf 
java_command: c:\Users\DELL\.vscode\extensions\redhat.java-1.26.0-win32-x64\server\plugins\org.eclipse.equinox.launcher_1.6.700.v20231214-2017.jar -configuration c:\Users\DELL\AppData\Roaming\Code\User\globalStorage\redhat.java\1.26.0\config_win -data c:\Users\DELL\AppData\Roaming\Code\User\workspaceStorage\2a8b28b10731c12aa982069e28973df5\redhat.java\jdt_ws --stdio
java_class_path (initial): c:\Users\DELL\.vscode\extensions\redhat.java-1.26.0-win32-x64\server\plugins\org.eclipse.equinox.launcher_1.6.700.v20231214-2017.jar
Launcher Type: SUN_STANDARD

[Global flags]
    uintx AdaptiveSizePolicyWeight                 = 90                                        {product} {command line}
     intx CICompilerCount                          = 2                                         {product} {ergonomic}
    uintx GCTimeRatio                              = 4                                         {product} {command line}
     bool HeapDumpOnOutOfMemoryError               = true                                   {manageable} {command line}
    ccstr HeapDumpPath                             = c:\Users\DELL\AppData\Roaming\Code\User\workspaceStorage\2a8b28b10731c12aa982069e28973df5\redhat.java         {manageable} {command line}
   size_t InitialHeapSize                          = 104857600                                 {product} {command line}
   size_t MaxHeapSize                              = 1073741824                                {product} {command line}
   size_t MaxNewSize                               = 357564416                                 {product} {ergonomic}
   size_t MinHeapDeltaBytes                        = 524288                                    {product} {ergonomic}
   size_t MinHeapSize                              = 104857600                                 {product} {command line}
   size_t NewSize                                  = 34603008                                  {product} {ergonomic}
    uintx NonNMethodCodeHeapSize                   = 5826188                                {pd product} {ergonomic}
    uintx NonProfiledCodeHeapSize                  = 122916026                              {pd product} {ergonomic}
   size_t OldSize                                  = 70254592                                  {product} {ergonomic}
    uintx ProfiledCodeHeapSize                     = 122916026                              {pd product} {ergonomic}
    uintx ReservedCodeCacheSize                    = 251658240                              {pd product} {ergonomic}
     bool SegmentedCodeCache                       = true                                      {product} {ergonomic}
   size_t SoftMaxHeapSize                          = 1073741824                             {manageable} {ergonomic}
     bool UseCompressedClassPointers               = true                           {product lp64_product} {ergonomic}
     bool UseCompressedOops                        = true                           {product lp64_product} {ergonomic}
     bool UseLargePagesIndividualAllocation        = false                                  {pd product} {ergonomic}
     bool UseParallelGC                            = true                                      {product} {command line}

Logging:
Log output configuration:
 #0: stdout all=off uptime,level,tags
 #1: stderr all=off uptime,level,tags

Environment Variables:
PATH=C:\Program Files\Microsoft MPI\Bin\;C:\Program Files\Python310\Scripts\;C:\Program Files\Python310\;C:\Program Files\Common Files\Oracle\Java\javapath;C:\WINDOWS\system32;C:\WINDOWS;C:\WINDOWS\System32\Wbem;C:\WINDOWS\System32\WindowsPowerShell\v1.0\;C:\WINDOWS\System32\OpenSSH\;C:\Program Files\Git\cmd;C:\Program Files\nodejs\;E:\Gradle\gradle-7.5\bin;C:\Users\DELL\AppData\Local\Microsoft\WindowsApps;C:\Users\DELL\AppData\Local\Programs\Microsoft VS Code\bin;C:\Program Files\Python310;E:\flutter\bin;C:\Users\DELL\AppData\Local\Android\Sdk\platform-tools;C:\Users\DELL\AppData\Local\Pub\Cache\bin;C:\Users\DELL\AppData\Local\Pub\Cache\bin;E:\dart\dartsdk-windows-x64-release\dart-sdk\bin;C:\Users\DELL\AppData\Roaming\npm;C:\MinGW\bin;C:\Program Files\Azure Data Studio\bin;C:\Kotlin\kotlin-compiler-1.9.10\kotlinc\bin;C:\Program Files\Python310\Scripts;
USERNAME=DELL
OS=Windows_NT
PROCESSOR_IDENTIFIER=Intel64 Family 6 Model 142 Stepping 9, GenuineIntel
TMP=C:\Users\DELL\AppData\Local\Temp
TEMP=C:\Users\DELL\AppData\Local\Temp



Periodic native trim disabled


---------------  S Y S T E M  ---------------

OS:
 Windows 10 , 64 bit Build 19041 (10.0.19041.3636)
OS uptime: 2 days 12:13 hours

CPU: total 2 (initial active 2) (2 cores per cpu, 2 threads per core) family 6 model 142 stepping 9 microcode 0xb4, cx8, cmov, fxsr, ht, mmx, 3dnowpref, sse, sse2, sse3, ssse3, sse4.1, sse4.2, popcnt, lzcnt, tsc, tscinvbit, avx, avx2, aes, erms, clmul, bmi1, bmi2, rtm, adx, fma, vzeroupper, clflush, clflushopt
Processor Information for all 2 processors :
  Max Mhz: 2712, Current Mhz: 2712, Mhz Limit: 2712

Memory: 4k page, system-wide physical 7813M (509M free)
TotalPageFile size 16005M (AvailPageFile size 3M)
current process WorkingSet (physical memory assigned to process): 311M, peak: 316M
current process commit charge ("private bytes"): 316M, peak: 905M

vm_info: OpenJDK 64-Bit Server VM (17.0.9+9) for windows-amd64 JRE (17.0.9+9), built on Oct 26 2023 14:01:42 by "admin" with MS VC++ 16.10 / 16.11 (VS2019)

END.
