#
# There is insufficient memory for the Java Runtime Environment to continue.
# Native memory allocation (malloc) failed to allocate 167216 bytes for Chunk::new
# Possible reasons:
#   The system is out of physical RAM or swap space
#   The process is running with CompressedOops enabled, and the Java Heap may be blocking the growth of the native heap
# Possible solutions:
#   Reduce memory load on the system
#   Increase physical memory or swap space
#   Check if swap backing store is full
#   Decrease Java heap size (-Xmx/-Xms)
#   Decrease number of Java threads
#   Decrease Java thread stack sizes (-Xss)
#   Set larger code cache with -XX:ReservedCodeCacheSize=
#   JVM is running with Unscaled Compressed Oops mode in which the Java heap is
#     placed in the first 4GB address space. The Java Heap base address is the
#     maximum limit for the native heap growth. Please use -XX:HeapBaseMinAddress
#     to set the Java Heap base and to place the Java Heap above 4GB virtual address.
# This output file may be truncated or incomplete.
#
#  Out of Memory Error (arena.cpp:191), pid=17344, tid=7316
#
# JRE version: OpenJDK Runtime Environment Temurin-17.0.9+9 (17.0.9+9) (build 17.0.9+9)
# Java VM: OpenJDK 64-Bit Server VM Temurin-17.0.9+9 (17.0.9+9, mixed mode, tiered, compressed oops, compressed class ptrs, parallel gc, windows-amd64)
# No core dump will be written. Minidumps are not enabled by default on client versions of Windows
#

---------------  S U M M A R Y ------------

Command Line: --add-modules=ALL-SYSTEM --add-opens=java.base/java.util=ALL-UNNAMED --add-opens=java.base/java.lang=ALL-UNNAMED --add-opens=java.base/sun.nio.fs=ALL-UNNAMED -Declipse.application=org.eclipse.jdt.ls.core.id1 -Dosgi.bundles.defaultStartLevel=4 -Declipse.product=org.eclipse.jdt.ls.core.product -Djava.import.generatesMetadataFilesAtProjectRoot=false -DDetectVMInstallationsJob.disabled=true -Dfile.encoding=utf8 -XX:+UseParallelGC -XX:GCTimeRatio=4 -XX:AdaptiveSizePolicyWeight=90 -Dsun.zip.disableMemoryMapping=true -Xmx1G -Xms100m -Xlog:disable -javaagent:c:\Users\DELL\.vscode\extensions\redhat.java-1.26.0-win32-x64\lombok\lombok-1.18.31-3454.jar c:\Users\DELL\.vscode\extensions\redhat.java-1.26.0-win32-x64\server\plugins\org.eclipse.equinox.launcher_1.6.700.v20231214-2017.jar -configuration c:\Users\DELL\AppData\Roaming\Code\User\globalStorage\redhat.java\1.26.0\config_ss_win -data c:\Users\DELL\AppData\Roaming\Code\User\workspaceStorage\2a8b28b10731c12aa982069e28973df5\redhat.java\ss_ws --stdio

Host: Intel(R) Core(TM) i5-7300U CPU @ 2.60GHz, 2 cores, 7G,  Windows 10 , 64 bit Build 19041 (10.0.19041.3636)
Time: Thu Jan 18 00:34:10 2024 Pakistan Standard Time elapsed time: 16.422507 seconds (0d 0h 0m 16s)

---------------  T H R E A D  ---------------

Current thread (0x00000166c1a3e4b0):  JavaThread "C2 CompilerThread0" daemon [_thread_in_native, id=7316, stack(0x0000003b79500000,0x0000003b79600000)]


Current CompileTask:
C2:  16422 3267 %     4       java.util.Properties$LineReader::readLine @ 53 (584 bytes)

Stack: [0x0000003b79500000,0x0000003b79600000]
Native frames: (J=compiled Java code, j=interpreted, Vv=VM code, C=native code)
V  [jvm.dll+0x67cf49]
V  [jvm.dll+0x83478a]
V  [jvm.dll+0x83624e]
V  [jvm.dll+0x8368b3]
V  [jvm.dll+0x247f1f]
V  [jvm.dll+0xac43c]
V  [jvm.dll+0xaca8c]
V  [jvm.dll+0x2af45f]
V  [jvm.dll+0x5853f7]
V  [jvm.dll+0x222f62]
V  [jvm.dll+0x22334f]
V  [jvm.dll+0x21c476]
V  [jvm.dll+0x2198c1]
V  [jvm.dll+0x1a57cd]
V  [jvm.dll+0x2297ae]
V  [jvm.dll+0x22797c]
V  [jvm.dll+0x7e9877]
V  [jvm.dll+0x7e3c3a]
V  [jvm.dll+0x67be35]
C  [ucrtbase.dll+0x21bb2]
C  [KERNEL32.DLL+0x17344]
C  [ntdll.dll+0x526b1]


---------------  P R O C E S S  ---------------

Threads class SMR info:
_java_thread_list=0x00000166c6a5fad0, length=22, elements={
0x00000166abca0e80, 0x00000166abd58670, 0x00000166abd5b0b0, 0x00000166c1a3a450,
0x00000166c1a3b1e0, 0x00000166c1a3be70, 0x00000166c1a3d8b0, 0x00000166c1a3e4b0,
0x00000166c1aa1d00, 0x00000166c1aa29c0, 0x00000166c6610020, 0x00000166c6853600,
0x00000166c6ec5d80, 0x00000166c6da2d60, 0x00000166c6da3240, 0x00000166c706d830,
0x00000166c737eef0, 0x00000166c737d5a0, 0x00000166c737fe20, 0x00000166c737dab0,
0x00000166c7380840, 0x00000166c737dfc0
}

Java Threads: ( => current thread )
  0x00000166abca0e80 JavaThread "main" [_thread_blocked, id=7788, stack(0x0000003b78c00000,0x0000003b78d00000)]
  0x00000166abd58670 JavaThread "Reference Handler" daemon [_thread_blocked, id=9856, stack(0x0000003b78f00000,0x0000003b79000000)]
  0x00000166abd5b0b0 JavaThread "Finalizer" daemon [_thread_blocked, id=15044, stack(0x0000003b79000000,0x0000003b79100000)]
  0x00000166c1a3a450 JavaThread "Signal Dispatcher" daemon [_thread_blocked, id=11316, stack(0x0000003b79100000,0x0000003b79200000)]
  0x00000166c1a3b1e0 JavaThread "Attach Listener" daemon [_thread_blocked, id=7216, stack(0x0000003b79200000,0x0000003b79300000)]
  0x00000166c1a3be70 JavaThread "Service Thread" daemon [_thread_blocked, id=14196, stack(0x0000003b79300000,0x0000003b79400000)]
  0x00000166c1a3d8b0 JavaThread "Monitor Deflation Thread" daemon [_thread_blocked, id=10652, stack(0x0000003b79400000,0x0000003b79500000)]
=>0x00000166c1a3e4b0 JavaThread "C2 CompilerThread0" daemon [_thread_in_native, id=7316, stack(0x0000003b79500000,0x0000003b79600000)]
  0x00000166c1aa1d00 JavaThread "C1 CompilerThread0" daemon [_thread_blocked, id=9448, stack(0x0000003b79600000,0x0000003b79700000)]
  0x00000166c1aa29c0 JavaThread "Sweeper thread" daemon [_thread_blocked, id=5432, stack(0x0000003b79700000,0x0000003b79800000)]
  0x00000166c6610020 JavaThread "Common-Cleaner" daemon [_thread_blocked, id=14852, stack(0x0000003b79800000,0x0000003b79900000)]
  0x00000166c6853600 JavaThread "Notification Thread" daemon [_thread_blocked, id=15572, stack(0x0000003b79900000,0x0000003b79a00000)]
  0x00000166c6ec5d80 JavaThread "Active Thread: Equinox Container: ffe16ab5-dd33-4935-9de0-097e4275ff84" [_thread_blocked, id=15392, stack(0x0000003b79c00000,0x0000003b79d00000)]
  0x00000166c6da2d60 JavaThread "Framework Event Dispatcher: Equinox Container: ffe16ab5-dd33-4935-9de0-097e4275ff84" daemon [_thread_in_vm, id=5900, stack(0x0000003b79d00000,0x0000003b79e00000)]
  0x00000166c6da3240 JavaThread "Start Level: Equinox Container: ffe16ab5-dd33-4935-9de0-097e4275ff84" daemon [_thread_blocked, id=14032, stack(0x0000003b79e00000,0x0000003b79f00000)]
  0x00000166c706d830 JavaThread "SCR Component Actor" daemon [_thread_blocked, id=7272, stack(0x0000003b79f00000,0x0000003b7a000000)]
  0x00000166c737eef0 JavaThread "Worker-JM" [_thread_blocked, id=11776, stack(0x0000003b7a100000,0x0000003b7a200000)]
  0x00000166c737d5a0 JavaThread "Worker-0" [_thread_blocked, id=10932, stack(0x0000003b7a200000,0x0000003b7a300000)]
  0x00000166c737fe20 JavaThread "Worker-1: Refreshing workspace" [_thread_in_native, id=5352, stack(0x0000003b7a300000,0x0000003b7a400000)]
  0x00000166c737dab0 JavaThread "Worker-2" [_thread_blocked, id=5004, stack(0x0000003b7a400000,0x0000003b7a500000)]
  0x00000166c7380840 JavaThread "Worker-3" [_thread_blocked, id=12764, stack(0x0000003b7a600000,0x0000003b7a700000)]
  0x00000166c737dfc0 JavaThread "JNA Cleaner" daemon [_thread_blocked, id=8152, stack(0x0000003b7a000000,0x0000003b7a100000)]

Other Threads:
  0x00000166abd51c60 VMThread "VM Thread" [stack: 0x0000003b78e00000,0x0000003b78f00000] [id=15772]
  0x00000166c67e45d0 WatcherThread [stack: 0x0000003b79a00000,0x0000003b79b00000] [id=4764]
  0x00000166abcb4680 GCTaskThread "GC Thread#0" [stack: 0x0000003b78d00000,0x0000003b78e00000] [id=3780]
  0x00000166c6c137b0 GCTaskThread "GC Thread#1" [stack: 0x0000003b79b00000,0x0000003b79c00000] [id=17232]

Threads with active compile tasks:
C2 CompilerThread0    16452 3267 %     4       java.util.Properties$LineReader::readLine @ 53 (584 bytes)

VM state: not at safepoint (normal execution)

VM Mutex/Monitor currently owned by a thread: None

OutOfMemory and StackOverflow Exception counts:
OutOfMemoryError java_heap_errors=1
LinkageErrors=43

Heap address: 0x00000000c0000000, size: 1024 MB, Compressed Oops mode: 32-bit

CDS archive(s) not mapped
Compressed class space mapped at: 0x0000000100000000-0x0000000140000000, reserved size: 1073741824
Narrow klass base: 0x0000000000000000, Narrow klass shift: 3, Narrow klass range: 0x140000000

GC Precious Log:
 CPUs: 2 total, 2 available
 Memory: 7813M
 Large Page Support: Disabled
 NUMA Support: Disabled
 Compressed Oops: Enabled (32-bit)
 Alignments: Space 512K, Generation 512K, Heap 2M
 Heap Min Capacity: 100M
 Heap Initial Capacity: 100M
 Heap Max Capacity: 1G
 Pre-touch: Disabled
 Parallel Workers: 2

Heap:
 PSYoungGen      total 25088K, used 2425K [0x00000000eab00000, 0x00000000ec680000, 0x0000000100000000)
  eden space 24064K, 5% used [0x00000000eab00000,0x00000000eac66048,0x00000000ec280000)
  from space 1024K, 96% used [0x00000000ec580000,0x00000000ec678488,0x00000000ec680000)
  to   space 1536K, 0% used [0x00000000ec400000,0x00000000ec400000,0x00000000ec580000)
 ParOldGen       total 68608K, used 9020K [0x00000000c0000000, 0x00000000c4300000, 0x00000000eab00000)
  object space 68608K, 13% used [0x00000000c0000000,0x00000000c08cf210,0x00000000c4300000)
 Metaspace       used 31435K, committed 32064K, reserved 1114112K
  class space    used 3039K, committed 3328K, reserved 1048576K

Card table byte_map: [0x00000166bf340000,0x00000166bf550000] _byte_map_base: 0x00000166bed40000

Marking Bits: (ParMarkBitMap*) 0x00007fff8120d0b0
 Begin Bits: [0x00000166bf6b0000, 0x00000166c06b0000)
 End Bits:   [0x00000166c06b0000, 0x00000166c16b0000)

Polling page: 0x00000166abd60000

Metaspace:

Usage:
  Non-class:     27.73 MB used.
      Class:      2.97 MB used.
       Both:     30.70 MB used.

Virtual space:
  Non-class space:       64.00 MB reserved,      28.06 MB ( 44%) committed,  1 nodes.
      Class space:        1.00 GB reserved,       3.25 MB ( <1%) committed,  1 nodes.
             Both:        1.06 GB reserved,      31.31 MB (  3%) committed. 

Chunk freelists:
   Non-Class:  3.95 MB
       Class:  12.79 MB
        Both:  16.74 MB

MaxMetaspaceSize: unlimited
CompressedClassSpaceSize: 1.00 GB
Initial GC threshold: 21.00 MB
Current GC threshold: 35.00 MB
CDS: off
MetaspaceReclaimPolicy: balanced
 - commit_granule_bytes: 65536.
 - commit_granule_words: 8192.
 - virtual_space_node_default_size: 8388608.
 - enlarge_chunks_in_place: 1.
 - new_chunks_are_fully_committed: 0.
 - uncommit_free_chunks: 1.
 - use_allocation_guard: 0.
 - handle_deallocations: 1.


Internal statistics:

num_allocs_failed_limit: 3.
num_arena_births: 310.
num_arena_deaths: 14.
num_vsnodes_births: 2.
num_vsnodes_deaths: 0.
num_space_committed: 501.
num_space_uncommitted: 0.
num_chunks_returned_to_freelist: 17.
num_chunks_taken_from_freelist: 1192.
num_chunk_merges: 8.
num_chunk_splits: 765.
num_chunks_enlarged: 530.
num_inconsistent_stats: 0.

CodeHeap 'non-profiled nmethods': size=120064Kb used=1444Kb max_used=1444Kb free=118619Kb
 bounds [0x00000166b7c20000, 0x00000166b7e90000, 0x00000166bf160000]
CodeHeap 'profiled nmethods': size=120000Kb used=6854Kb max_used=6854Kb free=113145Kb
 bounds [0x00000166b0160000, 0x00000166b0820000, 0x00000166b7690000]
CodeHeap 'non-nmethods': size=5696Kb used=1245Kb max_used=1271Kb free=4450Kb
 bounds [0x00000166b7690000, 0x00000166b7900000, 0x00000166b7c20000]
 total_blobs=3828 nmethods=3266 adapters=476
 compilation: enabled
              stopped_count=0, restarted_count=0
 full_count=0

Compilation events (20 events):
Event: 16.374 Thread 0x00000166c1aa1d00 nmethod 3259 0x00000166b0809d90 code [0x00000166b0809f40, 0x00000166b080a218]
Event: 16.374 Thread 0x00000166c1aa1d00 3261       3       jdk.internal.org.objectweb.asm.Type::getArgumentTypes (154 bytes)
Event: 16.377 Thread 0x00000166c1aa1d00 nmethod 3261 0x00000166b080a390 code [0x00000166b080a860, 0x00000166b080d288]
Event: 16.377 Thread 0x00000166c1aa1d00 3263       1       java.lang.reflect.Method::getReturnType (5 bytes)
Event: 16.377 Thread 0x00000166c1aa1d00 nmethod 3263 0x00000166b7d88b90 code [0x00000166b7d88d20, 0x00000166b7d88df8]
Event: 16.377 Thread 0x00000166c1aa1d00 3260       3       java.util.LinkedHashMap$LinkedValueIterator::<init> (11 bytes)
Event: 16.377 Thread 0x00000166c1aa1d00 nmethod 3260 0x00000166b080e290 code [0x00000166b080e440, 0x00000166b080e678]
Event: 16.377 Thread 0x00000166c1aa1d00 3262       3       java.lang.Class::newReflectionData (66 bytes)
Event: 16.378 Thread 0x00000166c1aa1d00 nmethod 3262 0x00000166b080e790 code [0x00000166b080e9a0, 0x00000166b080f1f8]
Event: 16.378 Thread 0x00000166c1aa1d00 3264       1       java.lang.reflect.Method::getDeclaringClass (5 bytes)
Event: 16.378 Thread 0x00000166c1aa1d00 nmethod 3264 0x00000166b7d88e90 code [0x00000166b7d89020, 0x00000166b7d890f8]
Event: 16.414 Thread 0x00000166c1aa1d00 3265       3       jdk.internal.loader.BuiltinClassLoader$2::run (5 bytes)
Event: 16.414 Thread 0x00000166c1aa1d00 nmethod 3265 0x00000166b080f510 code [0x00000166b080f6c0, 0x00000166b080f808]
Event: 16.414 Thread 0x00000166c1aa1d00 3266   !   3       jdk.internal.loader.BuiltinClassLoader$2::run (114 bytes)
Event: 16.415 Thread 0x00000166c1aa1d00 nmethod 3266 0x00000166b080f890 code [0x00000166b080fb20, 0x00000166b08108d8]
Event: 16.415 Thread 0x00000166c1a3e4b0 3267 %     4       java.util.Properties$LineReader::readLine @ 53 (584 bytes)
Event: 16.419 Thread 0x00000166c1aa1d00 3269       3       java.lang.ModuleLayer::boot (4 bytes)
Event: 16.419 Thread 0x00000166c1aa1d00 nmethod 3269 0x00000166b0810e10 code [0x00000166b0810fa0, 0x00000166b0811098]
Event: 16.419 Thread 0x00000166c1aa1d00 3270       3       java.io.PrintWriter::ensureOpen (18 bytes)
Event: 16.420 Thread 0x00000166c1aa1d00 nmethod 3270 0x00000166b0811110 code [0x00000166b08112c0, 0x00000166b08114c8]

GC Heap History (18 events):
Event: 2.427 GC heap before
{Heap before GC invocations=1 (full 0):
 PSYoungGen      total 29696K, used 25600K [0x00000000eab00000, 0x00000000ecc00000, 0x0000000100000000)
  eden space 25600K, 100% used [0x00000000eab00000,0x00000000ec400000,0x00000000ec400000)
  from space 4096K, 0% used [0x00000000ec800000,0x00000000ec800000,0x00000000ecc00000)
  to   space 4096K, 0% used [0x00000000ec400000,0x00000000ec400000,0x00000000ec800000)
 ParOldGen       total 68608K, used 0K [0x00000000c0000000, 0x00000000c4300000, 0x00000000eab00000)
  object space 68608K, 0% used [0x00000000c0000000,0x00000000c0000000,0x00000000c4300000)
 Metaspace       used 11032K, committed 11200K, reserved 1114112K
  class space    used 1098K, committed 1216K, reserved 1048576K
}
Event: 2.451 GC heap after
{Heap after GC invocations=1 (full 0):
 PSYoungGen      total 29696K, used 3156K [0x00000000eab00000, 0x00000000ecc00000, 0x0000000100000000)
  eden space 25600K, 0% used [0x00000000eab00000,0x00000000eab00000,0x00000000ec400000)
  from space 4096K, 77% used [0x00000000ec400000,0x00000000ec715060,0x00000000ec800000)
  to   space 4096K, 0% used [0x00000000ec800000,0x00000000ec800000,0x00000000ecc00000)
 ParOldGen       total 68608K, used 0K [0x00000000c0000000, 0x00000000c4300000, 0x00000000eab00000)
  object space 68608K, 0% used [0x00000000c0000000,0x00000000c0000000,0x00000000c4300000)
 Metaspace       used 11032K, committed 11200K, reserved 1114112K
  class space    used 1098K, committed 1216K, reserved 1048576K
}
Event: 3.976 GC heap before
{Heap before GC invocations=2 (full 0):
 PSYoungGen      total 29696K, used 28756K [0x00000000eab00000, 0x00000000ecc00000, 0x0000000100000000)
  eden space 25600K, 100% used [0x00000000eab00000,0x00000000ec400000,0x00000000ec400000)
  from space 4096K, 77% used [0x00000000ec400000,0x00000000ec715060,0x00000000ec800000)
  to   space 4096K, 0% used [0x00000000ec800000,0x00000000ec800000,0x00000000ecc00000)
 ParOldGen       total 68608K, used 0K [0x00000000c0000000, 0x00000000c4300000, 0x00000000eab00000)
  object space 68608K, 0% used [0x00000000c0000000,0x00000000c0000000,0x00000000c4300000)
 Metaspace       used 15070K, committed 15360K, reserved 1114112K
  class space    used 1525K, committed 1664K, reserved 1048576K
}
Event: 3.985 GC heap after
{Heap after GC invocations=2 (full 0):
 PSYoungGen      total 29696K, used 4073K [0x00000000eab00000, 0x00000000ecc00000, 0x0000000100000000)
  eden space 25600K, 0% used [0x00000000eab00000,0x00000000eab00000,0x00000000ec400000)
  from space 4096K, 99% used [0x00000000ec800000,0x00000000ecbfa570,0x00000000ecc00000)
  to   space 4096K, 0% used [0x00000000ec400000,0x00000000ec400000,0x00000000ec800000)
 ParOldGen       total 68608K, used 760K [0x00000000c0000000, 0x00000000c4300000, 0x00000000eab00000)
  object space 68608K, 1% used [0x00000000c0000000,0x00000000c00be360,0x00000000c4300000)
 Metaspace       used 15070K, committed 15360K, reserved 1114112K
  class space    used 1525K, committed 1664K, reserved 1048576K
}
Event: 4.689 GC heap before
{Heap before GC invocations=3 (full 0):
 PSYoungGen      total 29696K, used 29673K [0x00000000eab00000, 0x00000000ecc00000, 0x0000000100000000)
  eden space 25600K, 100% used [0x00000000eab00000,0x00000000ec400000,0x00000000ec400000)
  from space 4096K, 99% used [0x00000000ec800000,0x00000000ecbfa570,0x00000000ecc00000)
  to   space 4096K, 0% used [0x00000000ec400000,0x00000000ec400000,0x00000000ec800000)
 ParOldGen       total 68608K, used 760K [0x00000000c0000000, 0x00000000c4300000, 0x00000000eab00000)
  object space 68608K, 1% used [0x00000000c0000000,0x00000000c00be360,0x00000000c4300000)
 Metaspace       used 20234K, committed 20608K, reserved 1114112K
  class space    used 2061K, committed 2176K, reserved 1048576K
}
Event: 4.696 GC heap after
{Heap after GC invocations=3 (full 0):
 PSYoungGen      total 29696K, used 4073K [0x00000000eab00000, 0x00000000ecc00000, 0x0000000100000000)
  eden space 25600K, 0% used [0x00000000eab00000,0x00000000eab00000,0x00000000ec400000)
  from space 4096K, 99% used [0x00000000ec400000,0x00000000ec7fa678,0x00000000ec800000)
  to   space 4096K, 0% used [0x00000000ec800000,0x00000000ec800000,0x00000000ecc00000)
 ParOldGen       total 68608K, used 2478K [0x00000000c0000000, 0x00000000c4300000, 0x00000000eab00000)
  object space 68608K, 3% used [0x00000000c0000000,0x00000000c026bbe0,0x00000000c4300000)
 Metaspace       used 20234K, committed 20608K, reserved 1114112K
  class space    used 2061K, committed 2176K, reserved 1048576K
}
Event: 4.995 GC heap before
{Heap before GC invocations=4 (full 0):
 PSYoungGen      total 29696K, used 12075K [0x00000000eab00000, 0x00000000ecc00000, 0x0000000100000000)
  eden space 25600K, 31% used [0x00000000eab00000,0x00000000eb2d06d0,0x00000000ec400000)
  from space 4096K, 99% used [0x00000000ec400000,0x00000000ec7fa678,0x00000000ec800000)
  to   space 4096K, 0% used [0x00000000ec800000,0x00000000ec800000,0x00000000ecc00000)
 ParOldGen       total 68608K, used 2478K [0x00000000c0000000, 0x00000000c4300000, 0x00000000eab00000)
  object space 68608K, 3% used [0x00000000c0000000,0x00000000c026bbe0,0x00000000c4300000)
 Metaspace       used 21103K, committed 21504K, reserved 1114112K
  class space    used 2146K, committed 2304K, reserved 1048576K
}
Event: 5.002 GC heap after
{Heap after GC invocations=4 (full 0):
 PSYoungGen      total 29696K, used 4072K [0x00000000eab00000, 0x00000000ecc00000, 0x0000000100000000)
  eden space 25600K, 0% used [0x00000000eab00000,0x00000000eab00000,0x00000000ec400000)
  from space 4096K, 99% used [0x00000000ec800000,0x00000000ecbfa2f0,0x00000000ecc00000)
  to   space 4096K, 0% used [0x00000000ec400000,0x00000000ec400000,0x00000000ec800000)
 ParOldGen       total 68608K, used 3484K [0x00000000c0000000, 0x00000000c4300000, 0x00000000eab00000)
  object space 68608K, 5% used [0x00000000c0000000,0x00000000c03672a8,0x00000000c4300000)
 Metaspace       used 21103K, committed 21504K, reserved 1114112K
  class space    used 2146K, committed 2304K, reserved 1048576K
}
Event: 5.002 GC heap before
{Heap before GC invocations=5 (full 1):
 PSYoungGen      total 29696K, used 4072K [0x00000000eab00000, 0x00000000ecc00000, 0x0000000100000000)
  eden space 25600K, 0% used [0x00000000eab00000,0x00000000eab00000,0x00000000ec400000)
  from space 4096K, 99% used [0x00000000ec800000,0x00000000ecbfa2f0,0x00000000ecc00000)
  to   space 4096K, 0% used [0x00000000ec400000,0x00000000ec400000,0x00000000ec800000)
 ParOldGen       total 68608K, used 3484K [0x00000000c0000000, 0x00000000c4300000, 0x00000000eab00000)
  object space 68608K, 5% used [0x00000000c0000000,0x00000000c03672a8,0x00000000c4300000)
 Metaspace       used 21103K, committed 21504K, reserved 1114112K
  class space    used 2146K, committed 2304K, reserved 1048576K
}
Event: 5.036 GC heap after
{Heap after GC invocations=5 (full 1):
 PSYoungGen      total 29696K, used 0K [0x00000000eab00000, 0x00000000ecc00000, 0x0000000100000000)
  eden space 25600K, 0% used [0x00000000eab00000,0x00000000eab00000,0x00000000ec400000)
  from space 4096K, 0% used [0x00000000ec800000,0x00000000ec800000,0x00000000ecc00000)
  to   space 4096K, 0% used [0x00000000ec400000,0x00000000ec400000,0x00000000ec800000)
 ParOldGen       total 68608K, used 7463K [0x00000000c0000000, 0x00000000c4300000, 0x00000000eab00000)
  object space 68608K, 10% used [0x00000000c0000000,0x00000000c0749f28,0x00000000c4300000)
 Metaspace       used 21090K, committed 21504K, reserved 1114112K
  class space    used 2143K, committed 2304K, reserved 1048576K
}
Event: 5.435 GC heap before
{Heap before GC invocations=6 (full 1):
 PSYoungGen      total 29696K, used 25600K [0x00000000eab00000, 0x00000000ecc00000, 0x0000000100000000)
  eden space 25600K, 100% used [0x00000000eab00000,0x00000000ec400000,0x00000000ec400000)
  from space 4096K, 0% used [0x00000000ec800000,0x00000000ec800000,0x00000000ecc00000)
  to   space 4096K, 0% used [0x00000000ec400000,0x00000000ec400000,0x00000000ec800000)
 ParOldGen       total 68608K, used 7463K [0x00000000c0000000, 0x00000000c4300000, 0x00000000eab00000)
  object space 68608K, 10% used [0x00000000c0000000,0x00000000c0749f28,0x00000000c4300000)
 Metaspace       used 24184K, committed 24640K, reserved 1114112K
  class space    used 2375K, committed 2560K, reserved 1048576K
}
Event: 5.437 GC heap after
{Heap after GC invocations=6 (full 1):
 PSYoungGen      total 26112K, used 625K [0x00000000eab00000, 0x00000000ec880000, 0x0000000100000000)
  eden space 25088K, 0% used [0x00000000eab00000,0x00000000eab00000,0x00000000ec380000)
  from space 1024K, 61% used [0x00000000ec400000,0x00000000ec49c570,0x00000000ec500000)
  to   space 2560K, 0% used [0x00000000ec600000,0x00000000ec600000,0x00000000ec880000)
 ParOldGen       total 68608K, used 7471K [0x00000000c0000000, 0x00000000c4300000, 0x00000000eab00000)
  object space 68608K, 10% used [0x00000000c0000000,0x00000000c074bf28,0x00000000c4300000)
 Metaspace       used 24184K, committed 24640K, reserved 1114112K
  class space    used 2375K, committed 2560K, reserved 1048576K
}
Event: 6.364 GC heap before
{Heap before GC invocations=7 (full 1):
 PSYoungGen      total 26112K, used 25713K [0x00000000eab00000, 0x00000000ec880000, 0x0000000100000000)
  eden space 25088K, 100% used [0x00000000eab00000,0x00000000ec380000,0x00000000ec380000)
  from space 1024K, 61% used [0x00000000ec400000,0x00000000ec49c570,0x00000000ec500000)
  to   space 2560K, 0% used [0x00000000ec600000,0x00000000ec600000,0x00000000ec880000)
 ParOldGen       total 68608K, used 7471K [0x00000000c0000000, 0x00000000c4300000, 0x00000000eab00000)
  object space 68608K, 10% used [0x00000000c0000000,0x00000000c074bf28,0x00000000c4300000)
 Metaspace       used 27189K, committed 27712K, reserved 1114112K
  class space    used 2605K, committed 2816K, reserved 1048576K
}
Event: 6.365 GC heap after
{Heap after GC invocations=7 (full 1):
 PSYoungGen      total 25600K, used 952K [0x00000000eab00000, 0x00000000ec700000, 0x0000000100000000)
  eden space 24576K, 0% used [0x00000000eab00000,0x00000000eab00000,0x00000000ec300000)
  from space 1024K, 92% used [0x00000000ec600000,0x00000000ec6ee068,0x00000000ec700000)
  to   space 1536K, 0% used [0x00000000ec400000,0x00000000ec400000,0x00000000ec580000)
 ParOldGen       total 68608K, used 7479K [0x00000000c0000000, 0x00000000c4300000, 0x00000000eab00000)
  object space 68608K, 10% used [0x00000000c0000000,0x00000000c074df28,0x00000000c4300000)
 Metaspace       used 27189K, committed 27712K, reserved 1114112K
  class space    used 2605K, committed 2816K, reserved 1048576K
}
Event: 13.130 GC heap before
{Heap before GC invocations=8 (full 1):
 PSYoungGen      total 25600K, used 25528K [0x00000000eab00000, 0x00000000ec700000, 0x0000000100000000)
  eden space 24576K, 100% used [0x00000000eab00000,0x00000000ec300000,0x00000000ec300000)
  from space 1024K, 92% used [0x00000000ec600000,0x00000000ec6ee068,0x00000000ec700000)
  to   space 1536K, 0% used [0x00000000ec400000,0x00000000ec400000,0x00000000ec580000)
 ParOldGen       total 68608K, used 7479K [0x00000000c0000000, 0x00000000c4300000, 0x00000000eab00000)
  object space 68608K, 10% used [0x00000000c0000000,0x00000000c074df28,0x00000000c4300000)
 Metaspace       used 28324K, committed 28736K, reserved 1114112K
  class space    used 2709K, committed 2880K, reserved 1048576K
}
Event: 13.133 GC heap after
{Heap after GC invocations=8 (full 1):
 PSYoungGen      total 25600K, used 1473K [0x00000000eab00000, 0x00000000ec680000, 0x0000000100000000)
  eden space 24064K, 0% used [0x00000000eab00000,0x00000000eab00000,0x00000000ec280000)
  from space 1536K, 95% used [0x00000000ec400000,0x00000000ec570600,0x00000000ec580000)
  to   space 1024K, 0% used [0x00000000ec580000,0x00000000ec580000,0x00000000ec680000)
 ParOldGen       total 68608K, used 7487K [0x00000000c0000000, 0x00000000c4300000, 0x00000000eab00000)
  object space 68608K, 10% used [0x00000000c0000000,0x00000000c074ff28,0x00000000c4300000)
 Metaspace       used 28324K, committed 28736K, reserved 1114112K
  class space    used 2709K, committed 2880K, reserved 1048576K
}
Event: 16.399 GC heap before
{Heap before GC invocations=9 (full 1):
 PSYoungGen      total 25600K, used 25537K [0x00000000eab00000, 0x00000000ec680000, 0x0000000100000000)
  eden space 24064K, 100% used [0x00000000eab00000,0x00000000ec280000,0x00000000ec280000)
  from space 1536K, 95% used [0x00000000ec400000,0x00000000ec570600,0x00000000ec580000)
  to   space 1024K, 0% used [0x00000000ec580000,0x00000000ec580000,0x00000000ec680000)
 ParOldGen       total 68608K, used 7487K [0x00000000c0000000, 0x00000000c4300000, 0x00000000eab00000)
  object space 68608K, 10% used [0x00000000c0000000,0x00000000c074ff28,0x00000000c4300000)
 Metaspace       used 31353K, committed 31936K, reserved 1114112K
  class space    used 3025K, committed 3264K, reserved 1048576K
}
Event: 16.403 GC heap after
{Heap after GC invocations=9 (full 1):
 PSYoungGen      total 25088K, used 993K [0x00000000eab00000, 0x00000000ec680000, 0x0000000100000000)
  eden space 24064K, 0% used [0x00000000eab00000,0x00000000eab00000,0x00000000ec280000)
  from space 1024K, 96% used [0x00000000ec580000,0x00000000ec678488,0x00000000ec680000)
  to   space 1536K, 0% used [0x00000000ec400000,0x00000000ec400000,0x00000000ec580000)
 ParOldGen       total 68608K, used 9020K [0x00000000c0000000, 0x00000000c4300000, 0x00000000eab00000)
  object space 68608K, 13% used [0x00000000c0000000,0x00000000c08cf210,0x00000000c4300000)
 Metaspace       used 31353K, committed 31936K, reserved 1114112K
  class space    used 3025K, committed 3264K, reserved 1048576K
}

Dll operation events (10 events):
Event: 0.009 Loaded shared library c:\Users\DELL\.vscode\extensions\redhat.java-1.26.0-win32-x64\jre\17.0.9-win32-x86_64\bin\java.dll
Event: 0.663 Loaded shared library c:\Users\DELL\.vscode\extensions\redhat.java-1.26.0-win32-x64\jre\17.0.9-win32-x86_64\bin\zip.dll
Event: 0.667 Loaded shared library C:\Users\DELL\.vscode\extensions\redhat.java-1.26.0-win32-x64\jre\17.0.9-win32-x86_64\bin\instrument.dll
Event: 0.682 Loaded shared library C:\Users\DELL\.vscode\extensions\redhat.java-1.26.0-win32-x64\jre\17.0.9-win32-x86_64\bin\net.dll
Event: 0.685 Loaded shared library C:\Users\DELL\.vscode\extensions\redhat.java-1.26.0-win32-x64\jre\17.0.9-win32-x86_64\bin\nio.dll
Event: 0.693 Loaded shared library C:\Users\DELL\.vscode\extensions\redhat.java-1.26.0-win32-x64\jre\17.0.9-win32-x86_64\bin\zip.dll
Event: 0.719 Loaded shared library C:\Users\DELL\.vscode\extensions\redhat.java-1.26.0-win32-x64\jre\17.0.9-win32-x86_64\bin\jimage.dll
Event: 0.865 Loaded shared library c:\Users\DELL\.vscode\extensions\redhat.java-1.26.0-win32-x64\jre\17.0.9-win32-x86_64\bin\verify.dll
Event: 3.518 Loaded shared library C:\Users\DELL\AppData\Roaming\Code\User\globalStorage\redhat.java\1.26.0\config_ss_win\org.eclipse.equinox.launcher\org.eclipse.equinox.launcher.win32.win32.x86_64_1.2.800.v20231003-1442\eclipse_11802.dll
Event: 16.353 Loaded shared library C:\Users\DELL\AppData\Local\Temp\jna-2094529\jna12750247691579378606.dll

Deoptimization events (20 events):
Event: 16.372 Thread 0x00000166c6da3240 Uncommon trap: trap_request=0xffffff45 fr.pc=0x00000166b7d649f0 relative=0x0000000000000070
Event: 16.372 Thread 0x00000166c6da3240 Uncommon trap: reason=unstable_if action=reinterpret pc=0x00000166b7d649f0 method=java.io.WinNTFileSystem.resolve(Ljava/io/File;)Ljava/lang/String; @ 31 c2
Event: 16.372 Thread 0x00000166c6da3240 DEOPT PACKING pc=0x00000166b7d649f0 sp=0x0000003b79efc6e0
Event: 16.372 Thread 0x00000166c6da3240 DEOPT UNPACKING pc=0x00000166b76e66a3 sp=0x0000003b79efc620 mode 2
Event: 16.375 Thread 0x00000166c6da3240 Uncommon trap: trap_request=0xffffff45 fr.pc=0x00000166b7ce6050 relative=0x0000000000000af0
Event: 16.375 Thread 0x00000166c6da3240 Uncommon trap: reason=unstable_if action=reinterpret pc=0x00000166b7ce6050 method=jdk.internal.org.objectweb.asm.SymbolTable.put(Ljdk/internal/org/objectweb/asm/SymbolTable$Entry;)Ljdk/internal/org/objectweb/asm/SymbolTable$Entry; @ 13 c2
Event: 16.375 Thread 0x00000166c6da3240 DEOPT PACKING pc=0x00000166b7ce6050 sp=0x0000003b79efc000
Event: 16.375 Thread 0x00000166c6da3240 DEOPT UNPACKING pc=0x00000166b76e66a3 sp=0x0000003b79efbf48 mode 2
Event: 16.409 Thread 0x00000166c6da3240 Uncommon trap: trap_request=0xffffff45 fr.pc=0x00000166b7c512c8 relative=0x0000000000000308
Event: 16.409 Thread 0x00000166c6da3240 Uncommon trap: reason=unstable_if action=reinterpret pc=0x00000166b7c512c8 method=java.lang.Integer.parseInt(Ljava/lang/String;I)I @ 119 c2
Event: 16.409 Thread 0x00000166c6da3240 DEOPT PACKING pc=0x00000166b7c512c8 sp=0x0000003b79efcee0
Event: 16.409 Thread 0x00000166c6da3240 DEOPT UNPACKING pc=0x00000166b76e66a3 sp=0x0000003b79efce48 mode 2
Event: 16.410 Thread 0x00000166c6da3240 Uncommon trap: trap_request=0xffffff76 fr.pc=0x00000166b7d8423c relative=0x000000000000067c
Event: 16.410 Thread 0x00000166c6da3240 Uncommon trap: reason=predicate action=maybe_recompile pc=0x00000166b7d8423c method=java.util.TreeMap.getEntryUsingComparator(Ljava/lang/Object;)Ljava/util/TreeMap$Entry; @ 19 c2
Event: 16.410 Thread 0x00000166c6da3240 DEOPT PACKING pc=0x00000166b7d8423c sp=0x0000003b79efccd0
Event: 16.410 Thread 0x00000166c6da3240 DEOPT UNPACKING pc=0x00000166b76e66a3 sp=0x0000003b79efcbf0 mode 2
Event: 16.416 Thread 0x00000166c6da3240 Uncommon trap: trap_request=0xffffff45 fr.pc=0x00000166b7d6a368 relative=0x0000000000001ae8
Event: 16.416 Thread 0x00000166c6da3240 Uncommon trap: reason=unstable_if action=reinterpret pc=0x00000166b7d6a368 method=org.eclipse.osgi.util.NLS.internalBind(Ljava/lang/String;[Ljava/lang/Object;Ljava/lang/String;Ljava/lang/String;)Ljava/lang/String; @ 8 c2
Event: 16.416 Thread 0x00000166c6da3240 DEOPT PACKING pc=0x00000166b7d6a368 sp=0x0000003b79efd460
Event: 16.416 Thread 0x00000166c6da3240 DEOPT UNPACKING pc=0x00000166b76e66a3 sp=0x0000003b79efd468 mode 2

Classes unloaded (7 events):
Event: 5.009 Thread 0x00000166abd51c60 Unloading class 0x000000010021b400 'java/lang/invoke/LambdaForm$MH+0x000000010021b400'
Event: 5.009 Thread 0x00000166abd51c60 Unloading class 0x000000010021b000 'java/lang/invoke/LambdaForm$MH+0x000000010021b000'
Event: 5.009 Thread 0x00000166abd51c60 Unloading class 0x000000010021ac00 'java/lang/invoke/LambdaForm$MH+0x000000010021ac00'
Event: 5.009 Thread 0x00000166abd51c60 Unloading class 0x000000010021a800 'java/lang/invoke/LambdaForm$MH+0x000000010021a800'
Event: 5.009 Thread 0x00000166abd51c60 Unloading class 0x000000010021a400 'java/lang/invoke/LambdaForm$BMH+0x000000010021a400'
Event: 5.009 Thread 0x00000166abd51c60 Unloading class 0x000000010021a000 'java/lang/invoke/LambdaForm$DMH+0x000000010021a000'
Event: 5.009 Thread 0x00000166abd51c60 Unloading class 0x0000000100214400 'java/lang/invoke/LambdaForm$DMH+0x0000000100214400'

Classes redefined (0 events):
No events

Internal exceptions (20 events):
Event: 5.110 Thread 0x00000166c737d5a0 Exception <a 'java/lang/NoSuchMethodError'{0x00000000eadbd190}: 'java.lang.Object java.lang.invoke.DirectMethodHandle$Holder.newInvokeSpecial(java.lang.Object, java.lang.Object, int, java.lang.Object)'> (0x00000000eadbd190) 
thrown [s\src\hotspot\share\interpreter\linkResolver.cpp, line 759]
Event: 5.110 Thread 0x00000166c737d5a0 Exception <a 'java/lang/NoSuchMethodError'{0x00000000eadc0ca0}: 'java.lang.Object java.lang.invoke.DirectMethodHandle$Holder.invokeSpecial(java.lang.Object, java.lang.Object, java.lang.Object, int, java.lang.Object)'> (0x00000000eadc0ca0) 
thrown [s\src\hotspot\share\interpreter\linkResolver.cpp, line 759]
Event: 5.126 Thread 0x00000166c737d5a0 Exception <a 'java/lang/NoSuchMethodError'{0x00000000eae58e98}: 'java.lang.Object java.lang.invoke.DirectMethodHandle$Holder.newInvokeSpecial(java.lang.Object, java.lang.Object, java.lang.Object, java.lang.Object, java.lang.Object)'> (0x00000000eae58e98) 
thrown [s\src\hotspot\share\interpreter\linkResolver.cpp, line 759]
Event: 5.970 Thread 0x00000166c6da3240 Implicit null exception at 0x00000166b7d11149 to 0x00000166b7d1121c
Event: 6.818 Thread 0x00000166c737fe20 Exception <a 'java/lang/NoSuchMethodError'{0x00000000eb0e26b8}: 'int java.lang.invoke.DirectMethodHandle$Holder.invokeVirtual(java.lang.Object, java.lang.Object)'> (0x00000000eb0e26b8) 
thrown [s\src\hotspot\share\interpreter\linkResolver.cpp, line 759]
Event: 6.960 Thread 0x00000166c737fe20 Exception <a 'sun/nio/fs/WindowsException'{0x00000000eb20c4d8}> (0x00000000eb20c4d8) 
thrown [s\src\hotspot\share\prims\jni.cpp, line 516]
Event: 7.222 Thread 0x00000166c6da3240 Exception <a 'java/lang/ClassNotFoundException'{0x00000000eb3f15f8}: com/sun/org/apache/xerces/internal/impl/msg/spi/DOMMessagesProvider> (0x00000000eb3f15f8) 
thrown [s\src\hotspot\share\classfile\systemDictionary.cpp, line 256]
Event: 7.238 Thread 0x00000166c6da3240 Implicit null exception at 0x00000166b7ce080d to 0x00000166b7ce1508
Event: 7.239 Thread 0x00000166c6da3240 Exception <a 'java/lang/ClassNotFoundException'{0x00000000eb418c10}: com/sun/org/apache/xerces/internal/impl/msg/spi/XMLSerializerMessagesProvider> (0x00000000eb418c10) 
thrown [s\src\hotspot\share\classfile\systemDictionary.cpp, line 256]
Event: 7.241 Thread 0x00000166c6da3240 Exception <a 'java/lang/ClassNotFoundException'{0x00000000eb425ee8}: com/sun/org/apache/xerces/internal/impl/msg/spi/XMLMessagesProvider> (0x00000000eb425ee8) 
thrown [s\src\hotspot\share\classfile\systemDictionary.cpp, line 256]
Event: 7.296 Thread 0x00000166c6da3240 Exception <a 'java/lang/NoSuchMethodError'{0x00000000eb633810}: 'java.lang.Object java.lang.invoke.DirectMethodHandle$Holder.newInvokeSpecial(java.lang.Object, int, java.lang.Object, java.lang.Object)'> (0x00000000eb633810) 
thrown [s\src\hotspot\share\interpreter\linkResolver.cpp, line 759]
Event: 13.672 Thread 0x00000166c6da3240 Exception <a 'java/lang/NoSuchMethodError'{0x00000000eaec0e18}: 'java.lang.Object java.lang.invoke.DirectMethodHandle$Holder.invokeStaticInit(java.lang.Object, int, int, int, int)'> (0x00000000eaec0e18) 
thrown [s\src\hotspot\share\interpreter\linkResolver.cpp, line 759]
Event: 15.345 Thread 0x00000166c6da3240 Exception <a 'java/lang/NoSuchMethodError'{0x00000000eb3bce20}: 'java.lang.Object java.lang.invoke.DirectMethodHandle$Holder.invokeStaticInit(java.lang.Object, java.lang.Object, int, int, int, int)'> (0x00000000eb3bce20) 
thrown [s\src\hotspot\share\interpreter\linkResolver.cpp, line 759]
Event: 15.402 Thread 0x00000166c6da3240 Exception <a 'sun/nio/fs/WindowsException'{0x00000000eb662de0}> (0x00000000eb662de0) 
thrown [s\src\hotspot\share\prims\jni.cpp, line 516]
Event: 15.461 Thread 0x00000166c6da3240 Exception <a 'java/lang/ClassNotFoundException'{0x00000000eb950938}: com/sun/org/apache/xml/internal/serializer/spi/XMLEntitiesProvider> (0x00000000eb950938) 
thrown [s\src\hotspot\share\classfile\systemDictionary.cpp, line 256]
Event: 15.830 Thread 0x00000166c6da3240 Exception <a 'java/io/FileNotFoundException'{0x00000000ebe77bc0}> (0x00000000ebe77bc0) 
thrown [s\src\hotspot\share\prims\jni.cpp, line 516]
Event: 16.381 Thread 0x00000166c6da3240 Exception <a 'java/lang/UnsatisfiedLinkError'{0x00000000ec27b730}: The specified procedure could not be found.
> (0x00000000ec27b730) 
thrown [s\src\hotspot\share\prims\jni.cpp, line 535]
Event: 16.408 Thread 0x00000166c6da3240 Exception <a 'java/io/FileNotFoundException'{0x00000000eab538d0}> (0x00000000eab538d0) 
thrown [s\src\hotspot\share\prims\jni.cpp, line 516]
Event: 16.412 Thread 0x00000166c6da3240 Exception <a 'java/lang/OutOfMemoryError'{0x00000000eab90828}> (0x00000000eab90828) 
thrown [s\src\hotspot\share\prims\jni.cpp, line 535]
Event: 16.421 Thread 0x00000166c6da3240 Exception <a 'java/lang/NoClassDefFoundError'{0x00000000eac0b788}: org/eclipse/core/internal/net/ProxySelector> (0x00000000eac0b788) 
thrown [s\src\hotspot\share\classfile\systemDictionary.cpp, line 245]

VM Operations (20 events):
Event: 15.136 Executing VM operation: Cleanup
Event: 15.136 Executing VM operation: Cleanup done
Event: 15.336 Executing VM operation: HandshakeAllThreads
Event: 15.336 Executing VM operation: HandshakeAllThreads done
Event: 15.349 Executing VM operation: HandshakeAllThreads
Event: 15.349 Executing VM operation: HandshakeAllThreads done
Event: 15.361 Executing VM operation: HandshakeAllThreads
Event: 15.361 Executing VM operation: HandshakeAllThreads done
Event: 15.442 Executing VM operation: HandshakeAllThreads
Event: 15.442 Executing VM operation: HandshakeAllThreads done
Event: 15.762 Executing VM operation: HandshakeAllThreads
Event: 15.762 Executing VM operation: HandshakeAllThreads done
Event: 15.781 Executing VM operation: HandshakeAllThreads
Event: 15.781 Executing VM operation: HandshakeAllThreads done
Event: 16.366 Executing VM operation: HandshakeAllThreads
Event: 16.366 Executing VM operation: HandshakeAllThreads done
Event: 16.366 Executing VM operation: Cleanup
Event: 16.366 Executing VM operation: Cleanup done
Event: 16.381 Executing VM operation: ParallelGCFailedAllocation
Event: 16.403 Executing VM operation: ParallelGCFailedAllocation done

Events (20 events):
Event: 15.863 loading class java/io/File$TempDirectory done
Event: 16.353 loading class java/nio/ShortBuffer
Event: 16.353 loading class java/nio/ShortBuffer done
Event: 16.354 loading class java/nio/FloatBuffer
Event: 16.354 loading class java/nio/FloatBuffer done
Event: 16.354 loading class java/nio/DoubleBuffer
Event: 16.354 loading class java/nio/DoubleBuffer done
Event: 16.354 loading class jdk/internal/loader/NativeLibraries$Unloader
Event: 16.354 loading class jdk/internal/loader/NativeLibraries$Unloader done
Event: 16.370 loading class java/io/PrintWriter
Event: 16.371 loading class java/io/PrintWriter done
Event: 16.372 Thread 0x00000166c737dfc0 Thread added: 0x00000166c737dfc0
Event: 16.376 loading class java/lang/reflect/UndeclaredThrowableException
Event: 16.376 loading class java/lang/reflect/UndeclaredThrowableException done
Event: 16.410 loading class java/io/FileReader
Event: 16.410 loading class java/io/FileReader done
Event: 16.418 loading class java/lang/Throwable$WrappedPrintWriter
Event: 16.418 loading class java/lang/Throwable$PrintStreamOrWriter
Event: 16.418 loading class java/lang/Throwable$PrintStreamOrWriter done
Event: 16.418 loading class java/lang/Throwable$WrappedPrintWriter done


Dynamic libraries:
0x00007ff7f8020000 - 0x00007ff7f802e000 	c:\Users\DELL\.vscode\extensions\redhat.java-1.26.0-win32-x64\jre\17.0.9-win32-x86_64\bin\java.exe
0x00007fffc2e10000 - 0x00007fffc3008000 	C:\WINDOWS\SYSTEM32\ntdll.dll
0x00007fffc1e70000 - 0x00007fffc1f2d000 	C:\WINDOWS\System32\KERNEL32.DLL
0x00007fffc0590000 - 0x00007fffc0886000 	C:\WINDOWS\System32\KERNELBASE.dll
0x00007fffc09c0000 - 0x00007fffc0ac0000 	C:\WINDOWS\System32\ucrtbase.dll
0x00007fffb3f40000 - 0x00007fffb3f57000 	c:\Users\DELL\.vscode\extensions\redhat.java-1.26.0-win32-x64\jre\17.0.9-win32-x86_64\bin\jli.dll
0x00007fffc2b70000 - 0x00007fffc2d0e000 	C:\WINDOWS\System32\USER32.dll
0x00007fffc0890000 - 0x00007fffc08b2000 	C:\WINDOWS\System32\win32u.dll
0x00007fffc1f90000 - 0x00007fffc1fbb000 	C:\WINDOWS\System32\GDI32.dll
0x00007fffc0ac0000 - 0x00007fffc0bd7000 	C:\WINDOWS\System32\gdi32full.dll
0x00007fffc0d40000 - 0x00007fffc0ddd000 	C:\WINDOWS\System32\msvcp_win.dll
0x00007fffaadb0000 - 0x00007fffaadcb000 	c:\Users\DELL\.vscode\extensions\redhat.java-1.26.0-win32-x64\jre\17.0.9-win32-x86_64\bin\VCRUNTIME140.dll
0x00007fffb4150000 - 0x00007fffb43ea000 	C:\WINDOWS\WinSxS\amd64_microsoft.windows.common-controls_6595b64144ccf1df_6.0.19041.3636_none_60b6a03d71f818d5\COMCTL32.dll
0x00007fffc2ad0000 - 0x00007fffc2b6e000 	C:\WINDOWS\System32\msvcrt.dll
0x00007fffc1fc0000 - 0x00007fffc1ff2000 	C:\WINDOWS\System32\IMM32.DLL
0x00007fffba930000 - 0x00007fffba93c000 	c:\Users\DELL\.vscode\extensions\redhat.java-1.26.0-win32-x64\jre\17.0.9-win32-x86_64\bin\vcruntime140_1.dll
0x00007fff92fb0000 - 0x00007fff9303d000 	c:\Users\DELL\.vscode\extensions\redhat.java-1.26.0-win32-x64\jre\17.0.9-win32-x86_64\bin\msvcp140.dll
0x00007fff80670000 - 0x00007fff812d1000 	c:\Users\DELL\.vscode\extensions\redhat.java-1.26.0-win32-x64\jre\17.0.9-win32-x86_64\bin\server\jvm.dll
0x00007fffc2390000 - 0x00007fffc2443000 	C:\WINDOWS\System32\ADVAPI32.dll
0x00007fffc2a30000 - 0x00007fffc2acf000 	C:\WINDOWS\System32\sechost.dll
0x00007fffc2190000 - 0x00007fffc22b6000 	C:\WINDOWS\System32\RPCRT4.dll
0x00007fffc04d0000 - 0x00007fffc04f7000 	C:\WINDOWS\System32\bcrypt.dll
0x00007fffc0280000 - 0x00007fffc02cb000 	C:\WINDOWS\SYSTEM32\POWRPROF.dll
0x00007fffb88a0000 - 0x00007fffb88a9000 	C:\WINDOWS\SYSTEM32\WSOCK32.dll
0x00007fffc1930000 - 0x00007fffc199b000 	C:\WINDOWS\System32\WS2_32.dll
0x00007fffaf320000 - 0x00007fffaf347000 	C:\WINDOWS\SYSTEM32\WINMM.dll
0x00007fffbd5f0000 - 0x00007fffbd5fa000 	C:\WINDOWS\SYSTEM32\VERSION.dll
0x00007fffc0260000 - 0x00007fffc0272000 	C:\WINDOWS\SYSTEM32\UMPDC.dll
0x00007fffbed60000 - 0x00007fffbed72000 	C:\WINDOWS\SYSTEM32\kernel.appcore.dll
0x00007fffba670000 - 0x00007fffba67a000 	c:\Users\DELL\.vscode\extensions\redhat.java-1.26.0-win32-x64\jre\17.0.9-win32-x86_64\bin\jimage.dll
0x00007fffbe260000 - 0x00007fffbe444000 	C:\WINDOWS\SYSTEM32\DBGHELP.DLL
0x00007fffb79c0000 - 0x00007fffb79f4000 	C:\WINDOWS\SYSTEM32\dbgcore.DLL
0x00007fffc0500000 - 0x00007fffc0582000 	C:\WINDOWS\System32\bcryptPrimitives.dll
0x00007fffb9f00000 - 0x00007fffb9f0e000 	c:\Users\DELL\.vscode\extensions\redhat.java-1.26.0-win32-x64\jre\17.0.9-win32-x86_64\bin\instrument.dll
0x00007fff9a9e0000 - 0x00007fff9aa05000 	c:\Users\DELL\.vscode\extensions\redhat.java-1.26.0-win32-x64\jre\17.0.9-win32-x86_64\bin\java.dll
0x00007fff9c390000 - 0x00007fff9c3a8000 	c:\Users\DELL\.vscode\extensions\redhat.java-1.26.0-win32-x64\jre\17.0.9-win32-x86_64\bin\zip.dll
0x00007fffc0fc0000 - 0x00007fffc1705000 	C:\WINDOWS\System32\SHELL32.dll
0x00007fffbe450000 - 0x00007fffbebec000 	C:\WINDOWS\SYSTEM32\windows.storage.dll
0x00007fffc2620000 - 0x00007fffc2974000 	C:\WINDOWS\System32\combase.dll
0x00007fffbfe30000 - 0x00007fffbfe5e000 	C:\WINDOWS\SYSTEM32\Wldp.dll
0x00007fffc22c0000 - 0x00007fffc238d000 	C:\WINDOWS\System32\OLEAUT32.dll
0x00007fffc2980000 - 0x00007fffc2a2d000 	C:\WINDOWS\System32\SHCORE.dll
0x00007fffc18d0000 - 0x00007fffc1925000 	C:\WINDOWS\System32\shlwapi.dll
0x00007fffc0400000 - 0x00007fffc0425000 	C:\WINDOWS\SYSTEM32\profapi.dll
0x00007fff9a9c0000 - 0x00007fff9a9d9000 	C:\Users\DELL\.vscode\extensions\redhat.java-1.26.0-win32-x64\jre\17.0.9-win32-x86_64\bin\net.dll
0x00007fffb6f60000 - 0x00007fffb706a000 	C:\WINDOWS\SYSTEM32\WINHTTP.dll
0x00007fffbfb90000 - 0x00007fffbfbfa000 	C:\WINDOWS\system32\mswsock.dll
0x00007fff9a9a0000 - 0x00007fff9a9b6000 	C:\Users\DELL\.vscode\extensions\redhat.java-1.26.0-win32-x64\jre\17.0.9-win32-x86_64\bin\nio.dll
0x00007fffb9c70000 - 0x00007fffb9c80000 	c:\Users\DELL\.vscode\extensions\redhat.java-1.26.0-win32-x64\jre\17.0.9-win32-x86_64\bin\verify.dll
0x00007fffb6060000 - 0x00007fffb609e000 	C:\Users\DELL\AppData\Roaming\Code\User\globalStorage\redhat.java\1.26.0\config_ss_win\org.eclipse.equinox.launcher\org.eclipse.equinox.launcher.win32.win32.x86_64_1.2.800.v20231003-1442\eclipse_11802.dll
0x00007fffc1790000 - 0x00007fffc18bb000 	C:\WINDOWS\System32\ole32.dll
0x00007fffbfd90000 - 0x00007fffbfda8000 	C:\WINDOWS\SYSTEM32\CRYPTSP.dll
0x00007fffbf4c0000 - 0x00007fffbf4f4000 	C:\WINDOWS\system32\rsaenh.dll
0x00007fffc0380000 - 0x00007fffc03ae000 	C:\WINDOWS\SYSTEM32\USERENV.dll
0x00007fffbfd80000 - 0x00007fffbfd8c000 	C:\WINDOWS\SYSTEM32\CRYPTBASE.dll
0x00007fffbf880000 - 0x00007fffbf8bb000 	C:\WINDOWS\SYSTEM32\IPHLPAPI.DLL
0x00007fffc18c0000 - 0x00007fffc18c8000 	C:\WINDOWS\System32\NSI.dll
0x00007fffb7170000 - 0x00007fffb7187000 	C:\WINDOWS\SYSTEM32\dhcpcsvc6.DLL
0x00007fffb7630000 - 0x00007fffb764d000 	C:\WINDOWS\SYSTEM32\dhcpcsvc.DLL
0x00007fffbf8c0000 - 0x00007fffbf98a000 	C:\WINDOWS\SYSTEM32\DNSAPI.dll
0x00007fffb6010000 - 0x00007fffb6055000 	C:\Users\DELL\AppData\Local\Temp\jna-2094529\jna12750247691579378606.dll
0x00007fffc2dc0000 - 0x00007fffc2dc8000 	C:\WINDOWS\System32\PSAPI.DLL

dbghelp: loaded successfully - version: 4.0.5 - missing functions: none
symbol engine: initialized successfully - sym options: 0x614 - pdb path: .;c:\Users\DELL\.vscode\extensions\redhat.java-1.26.0-win32-x64\jre\17.0.9-win32-x86_64\bin;C:\WINDOWS\SYSTEM32;C:\WINDOWS\WinSxS\amd64_microsoft.windows.common-controls_6595b64144ccf1df_6.0.19041.3636_none_60b6a03d71f818d5;c:\Users\DELL\.vscode\extensions\redhat.java-1.26.0-win32-x64\jre\17.0.9-win32-x86_64\bin\server;C:\Users\DELL\AppData\Roaming\Code\User\globalStorage\redhat.java\1.26.0\config_ss_win\org.eclipse.equinox.launcher\org.eclipse.equinox.launcher.win32.win32.x86_64_1.2.800.v20231003-1442;C:\Users\DELL\AppData\Local\Temp\jna-2094529

VM Arguments:
jvm_args: --add-modules=ALL-SYSTEM --add-opens=java.base/java.util=ALL-UNNAMED --add-opens=java.base/java.lang=ALL-UNNAMED --add-opens=java.base/sun.nio.fs=ALL-UNNAMED -Declipse.application=org.eclipse.jdt.ls.core.id1 -Dosgi.bundles.defaultStartLevel=4 -Declipse.product=org.eclipse.jdt.ls.core.product -Djava.import.generatesMetadataFilesAtProjectRoot=false -DDetectVMInstallationsJob.disabled=true -Dfile.encoding=utf8 -XX:+UseParallelGC -XX:GCTimeRatio=4 -XX:AdaptiveSizePolicyWeight=90 -Dsun.zip.disableMemoryMapping=true -Xmx1G -Xms100m -Xlog:disable -javaagent:c:\Users\DELL\.vscode\extensions\redhat.java-1.26.0-win32-x64\lombok\lombok-1.18.31-3454.jar 
java_command: c:\Users\DELL\.vscode\extensions\redhat.java-1.26.0-win32-x64\server\plugins\org.eclipse.equinox.launcher_1.6.700.v20231214-2017.jar -configuration c:\Users\DELL\AppData\Roaming\Code\User\globalStorage\redhat.java\1.26.0\config_ss_win -data c:\Users\DELL\AppData\Roaming\Code\User\workspaceStorage\2a8b28b10731c12aa982069e28973df5\redhat.java\ss_ws --stdio
java_class_path (initial): c:\Users\DELL\.vscode\extensions\redhat.java-1.26.0-win32-x64\server\plugins\org.eclipse.equinox.launcher_1.6.700.v20231214-2017.jar
Launcher Type: SUN_STANDARD

[Global flags]
    uintx AdaptiveSizePolicyWeight                 = 90                                        {product} {command line}
     intx CICompilerCount                          = 2                                         {product} {ergonomic}
    uintx GCTimeRatio                              = 4                                         {product} {command line}
   size_t InitialHeapSize                          = 104857600                                 {product} {command line}
   size_t MaxHeapSize                              = 1073741824                                {product} {command line}
   size_t MaxNewSize                               = 357564416                                 {product} {ergonomic}
   size_t MinHeapDeltaBytes                        = 524288                                    {product} {ergonomic}
   size_t MinHeapSize                              = 104857600                                 {product} {command line}
   size_t NewSize                                  = 34603008                                  {product} {ergonomic}
    uintx NonNMethodCodeHeapSize                   = 5826188                                {pd product} {ergonomic}
    uintx NonProfiledCodeHeapSize                  = 122916026                              {pd product} {ergonomic}
   size_t OldSize                                  = 70254592                                  {product} {ergonomic}
    uintx ProfiledCodeHeapSize                     = 122916026                              {pd product} {ergonomic}
    uintx ReservedCodeCacheSize                    = 251658240                              {pd product} {ergonomic}
     bool SegmentedCodeCache                       = true                                      {product} {ergonomic}
   size_t SoftMaxHeapSize                          = 1073741824                             {manageable} {ergonomic}
     bool UseCompressedClassPointers               = true                           {product lp64_product} {ergonomic}
     bool UseCompressedOops                        = true                           {product lp64_product} {ergonomic}
     bool UseLargePagesIndividualAllocation        = false                                  {pd product} {ergonomic}
     bool UseParallelGC                            = true                                      {product} {command line}

Logging:
Log output configuration:
 #0: stdout all=off uptime,level,tags
 #1: stderr all=off uptime,level,tags

Environment Variables:
PATH=C:\Program Files\Microsoft MPI\Bin\;C:\Program Files\Python310\Scripts\;C:\Program Files\Python310\;C:\Program Files\Common Files\Oracle\Java\javapath;C:\WINDOWS\system32;C:\WINDOWS;C:\WINDOWS\System32\Wbem;C:\WINDOWS\System32\WindowsPowerShell\v1.0\;C:\WINDOWS\System32\OpenSSH\;C:\Program Files\Git\cmd;C:\Program Files\nodejs\;E:\Gradle\gradle-7.5\bin;C:\Users\DELL\AppData\Local\Microsoft\WindowsApps;C:\Users\DELL\AppData\Local\Programs\Microsoft VS Code\bin;C:\Program Files\Python310;E:\flutter\bin;C:\Users\DELL\AppData\Local\Android\Sdk\platform-tools;C:\Users\DELL\AppData\Local\Pub\Cache\bin;C:\Users\DELL\AppData\Local\Pub\Cache\bin;E:\dart\dartsdk-windows-x64-release\dart-sdk\bin;C:\Users\DELL\AppData\Roaming\npm;C:\MinGW\bin;C:\Program Files\Azure Data Studio\bin;C:\Kotlin\kotlin-compiler-1.9.10\kotlinc\bin;C:\Program Files\Python310\Scripts;
USERNAME=DELL
OS=Windows_NT
PROCESSOR_IDENTIFIER=Intel64 Family 6 Model 142 Stepping 9, GenuineIntel
TMP=C:\Users\DELL\AppData\Local\Temp
TEMP=C:\Users\DELL\AppData\Local\Temp



Periodic native trim disabled


---------------  S Y S T E M  ---------------

OS:
 Windows 10 , 64 bit Build 19041 (10.0.19041.3636)
OS uptime: 2 days 12:13 hours

CPU: total 2 (initial active 2) (2 cores per cpu, 2 threads per core) family 6 model 142 stepping 9 microcode 0xb4, cx8, cmov, fxsr, ht, mmx, 3dnowpref, sse, sse2, sse3, ssse3, sse4.1, sse4.2, popcnt, lzcnt, tsc, tscinvbit, avx, avx2, aes, erms, clmul, bmi1, bmi2, rtm, adx, fma, vzeroupper, clflush, clflushopt
Processor Information for all 2 processors :
  Max Mhz: 2712, Current Mhz: 2712, Mhz Limit: 2712

Memory: 4k page, system-wide physical 7813M (505M free)
TotalPageFile size 16005M (AvailPageFile size 2M)
current process WorkingSet (physical memory assigned to process): 122M, peak: 130M
current process commit charge ("private bytes"): 206M, peak: 218M

vm_info: OpenJDK 64-Bit Server VM (17.0.9+9) for windows-amd64 JRE (17.0.9+9), built on Oct 26 2023 14:01:42 by "admin" with MS VC++ 16.10 / 16.11 (VS2019)

END.
