#
# There is insufficient memory for the Java Runtime Environment to continue.
# Native memory allocation (mmap) failed to map 130023424 bytes for G1 virtual space
# Possible reasons:
#   The system is out of physical RAM or swap space
#   The process is running with CompressedOops enabled, and the Java Heap may be blocking the growth of the native heap
# Possible solutions:
#   Reduce memory load on the system
#   Increase physical memory or swap space
#   Check if swap backing store is full
#   Decrease Java heap size (-Xmx/-Xms)
#   Decrease number of Java threads
#   Decrease Java thread stack sizes (-Xss)
#   Set larger code cache with -XX:ReservedCodeCacheSize=
#   JVM is running with Unscaled Compressed Oops mode in which the Java heap is
#     placed in the first 4GB address space. The Java Heap base address is the
#     maximum limit for the native heap growth. Please use -XX:HeapBaseMinAddress
#     to set the Java Heap base and to place the Java Heap above 4GB virtual address.
# This output file may be truncated or incomplete.
#
#  Out of Memory Error (os_windows.cpp:3769), pid=7564, tid=14048
#
# JRE version:  (17.0.6) (build )
# Java VM: OpenJDK 64-Bit Server VM (17.0.6+0-b2043.56-10027231, mixed mode, sharing, tiered, compressed oops, compressed class ptrs, g1 gc, windows-amd64)
# No core dump will be written. Minidumps are not enabled by default on client versions of Windows
#

---------------  S U M M A R Y ------------

Command Line: 

Host: Intel(R) Core(TM) i5-7300U CPU @ 2.60GHz, 2 cores, 7G,  Windows 10 , 64 bit Build 19041 (10.0.19041.3636)
Time: Mon Jan 22 20:47:28 2024 Pakistan Standard Time elapsed time: 0.075733 seconds (0d 0h 0m 0s)

---------------  T H R E A D  ---------------

Current thread (0x000001b296322010):  JavaThread "Unknown thread" [_thread_in_vm, id=14048, stack(0x0000006592500000,0x0000006592600000)]

Stack: [0x0000006592500000,0x0000006592600000]
Native frames: (J=compiled Java code, j=interpreted, Vv=VM code, C=native code)
V  [jvm.dll+0x683c9a]
V  [jvm.dll+0x8427a4]
V  [jvm.dll+0x843f9e]
V  [jvm.dll+0x844603]
V  [jvm.dll+0x249b75]
V  [jvm.dll+0x680b69]
V  [jvm.dll+0x67505a]
V  [jvm.dll+0x309acb]
V  [jvm.dll+0x310f86]
V  [jvm.dll+0x3608ee]
V  [jvm.dll+0x360b1f]
V  [jvm.dll+0x2dfbf8]
V  [jvm.dll+0x2e0b64]
V  [jvm.dll+0x814091]
V  [jvm.dll+0x36e6a1]
V  [jvm.dll+0x7f35cc]
V  [jvm.dll+0x3f0e8f]
V  [jvm.dll+0x3f29d1]
C  [jli.dll+0x526b]
C  [ucrtbase.dll+0x21bb2]
C  [KERNEL32.DLL+0x17344]
C  [ntdll.dll+0x526b1]


---------------  P R O C E S S  ---------------

Threads class SMR info:
_java_thread_list=0x00007ffbe250c058, length=0, elements={
}

Java Threads: ( => current thread )

Other Threads:
  0x000001b296379680 GCTaskThread "GC Thread#0" [stack: 0x0000006592600000,0x0000006592700000] [id=10704]
  0x000001b296389a00 ConcurrentGCThread "G1 Main Marker" [stack: 0x0000006592700000,0x0000006592800000] [id=7824]
  0x000001b29638a410 ConcurrentGCThread "G1 Conc#0" [stack: 0x0000006592800000,0x0000006592900000] [id=3348]

[error occurred during error reporting (printing all threads), id 0xc0000005, EXCEPTION_ACCESS_VIOLATION (0xc0000005) at pc=0x00007ffbe1cc0797]

VM state: not at safepoint (not fully initialized)

VM Mutex/Monitor currently owned by a thread:  ([mutex/lock_event])
[0x000001b29631e710] Heap_lock - owner thread: 0x000001b296322010

Heap address: 0x0000000085e00000, size: 1954 MB, Compressed Oops mode: 32-bit

CDS archive(s) mapped at: [0x0000000000000000-0x0000000000000000-0x0000000000000000), size 0, SharedBaseAddress: 0x0000000800000000, ArchiveRelocationMode: 0.
Narrow klass base: 0x0000000000000000, Narrow klass shift: 0, Narrow klass range: 0x0

GC Precious Log:
<Empty>

Heap:
 garbage-first heap   total 0K, used 0K [0x0000000085e00000, 0x0000000100000000)
  region size 1024K, 0 young (0K), 0 survivors (0K)

[error occurred during error reporting (printing heap information), id 0xc0000005, EXCEPTION_ACCESS_VIOLATION (0xc0000005) at pc=0x00007ffbe20ada89]

GC Heap History (0 events):
No events

Dll operation events (1 events):
Event: 0.047 Loaded shared library C:\Program Files\Android\Android Studio\jbr\bin\java.dll

Deoptimization events (0 events):
No events

Classes unloaded (0 events):
No events

Classes redefined (0 events):
No events

Internal exceptions (0 events):
No events

VM Operations (0 events):
No events

Events (0 events):
No events


Dynamic libraries:
0x00007ff606ef0000 - 0x00007ff606efa000 	C:\Program Files\Android\Android Studio\jbr\bin\java.EXE
0x00007ffc78670000 - 0x00007ffc78868000 	C:\WINDOWS\SYSTEM32\ntdll.dll
0x00007ffc76d30000 - 0x00007ffc76ded000 	C:\WINDOWS\System32\KERNEL32.DLL
0x00007ffc75e60000 - 0x00007ffc76156000 	C:\WINDOWS\System32\KERNELBASE.dll
0x00007ffc75d30000 - 0x00007ffc75e30000 	C:\WINDOWS\System32\ucrtbase.dll
0x00007ffbe5c10000 - 0x00007ffbe5c27000 	C:\Program Files\Android\Android Studio\jbr\bin\jli.dll
0x00007ffbe5bf0000 - 0x00007ffbe5c0b000 	C:\Program Files\Android\Android Studio\jbr\bin\VCRUNTIME140.dll
0x00007ffc77590000 - 0x00007ffc7772e000 	C:\WINDOWS\System32\USER32.dll
0x00007ffc765e0000 - 0x00007ffc76602000 	C:\WINDOWS\System32\win32u.dll
0x00007ffc76f30000 - 0x00007ffc76f5b000 	C:\WINDOWS\System32\GDI32.dll
0x00007ffc761b0000 - 0x00007ffc762c7000 	C:\WINDOWS\System32\gdi32full.dll
0x00007ffc76610000 - 0x00007ffc766ad000 	C:\WINDOWS\System32\msvcp_win.dll
0x00007ffc63f30000 - 0x00007ffc641ca000 	C:\WINDOWS\WinSxS\amd64_microsoft.windows.common-controls_6595b64144ccf1df_6.0.19041.3636_none_60b6a03d71f818d5\COMCTL32.dll
0x00007ffc769d0000 - 0x00007ffc76a6e000 	C:\WINDOWS\System32\msvcrt.dll
0x00007ffc78430000 - 0x00007ffc78462000 	C:\WINDOWS\System32\IMM32.DLL
0x00007ffc46720000 - 0x00007ffc4672c000 	C:\Program Files\Android\Android Studio\jbr\bin\vcruntime140_1.dll
0x00007ffbe5b60000 - 0x00007ffbe5bed000 	C:\Program Files\Android\Android Studio\jbr\bin\msvcp140.dll
0x00007ffbe19d0000 - 0x00007ffbe263e000 	C:\Program Files\Android\Android Studio\jbr\bin\server\jvm.dll
0x00007ffc766b0000 - 0x00007ffc76763000 	C:\WINDOWS\System32\ADVAPI32.dll
0x00007ffc77470000 - 0x00007ffc7750f000 	C:\WINDOWS\System32\sechost.dll
0x00007ffc76e00000 - 0x00007ffc76f26000 	C:\WINDOWS\System32\RPCRT4.dll
0x00007ffc75e30000 - 0x00007ffc75e57000 	C:\WINDOWS\System32\bcrypt.dll
0x00007ffc668a0000 - 0x00007ffc668a9000 	C:\WINDOWS\SYSTEM32\WSOCK32.dll
0x00007ffc5d040000 - 0x00007ffc5d067000 	C:\WINDOWS\SYSTEM32\WINMM.dll
0x00007ffc6adb0000 - 0x00007ffc6adba000 	C:\WINDOWS\SYSTEM32\VERSION.dll
0x00007ffc77020000 - 0x00007ffc7708b000 	C:\WINDOWS\System32\WS2_32.dll
0x00007ffc745c0000 - 0x00007ffc745d2000 	C:\WINDOWS\SYSTEM32\kernel.appcore.dll
0x00007ffc46640000 - 0x00007ffc4664a000 	C:\Program Files\Android\Android Studio\jbr\bin\jimage.dll
0x00007ffc73ac0000 - 0x00007ffc73ca4000 	C:\WINDOWS\SYSTEM32\DBGHELP.DLL
0x00007ffc5f5a0000 - 0x00007ffc5f5d4000 	C:\WINDOWS\SYSTEM32\dbgcore.DLL
0x00007ffc764a0000 - 0x00007ffc76522000 	C:\WINDOWS\System32\bcryptPrimitives.dll
0x00007ffbe5b30000 - 0x00007ffbe5b55000 	C:\Program Files\Android\Android Studio\jbr\bin\java.dll

dbghelp: loaded successfully - version: 4.0.5 - missing functions: none
symbol engine: initialized successfully - sym options: 0x614 - pdb path: .;C:\Program Files\Android\Android Studio\jbr\bin;C:\WINDOWS\SYSTEM32;C:\WINDOWS\WinSxS\amd64_microsoft.windows.common-controls_6595b64144ccf1df_6.0.19041.3636_none_60b6a03d71f818d5;C:\Program Files\Android\Android Studio\jbr\bin\server

VM Arguments:
java_command: <unknown>
java_class_path (initial): <not set>
Launcher Type: SUN_STANDARD

[Global flags]
     intx CICompilerCount                          = 2                                         {product} {ergonomic}
     uint ConcGCThreads                            = 1                                         {product} {ergonomic}
     uint G1ConcRefinementThreads                  = 2                                         {product} {ergonomic}
   size_t G1HeapRegionSize                         = 1048576                                   {product} {ergonomic}
    uintx GCDrainStackTargetSize                   = 64                                        {product} {ergonomic}
   size_t InitialHeapSize                          = 130023424                                 {product} {ergonomic}
   size_t MarkStackSize                            = 4194304                                   {product} {ergonomic}
   size_t MaxHeapSize                              = 2048917504                                {product} {ergonomic}
   size_t MinHeapDeltaBytes                        = 1048576                                   {product} {ergonomic}
   size_t MinHeapSize                              = 8388608                                   {product} {ergonomic}
    uintx NonNMethodCodeHeapSize                   = 5826188                                {pd product} {ergonomic}
    uintx NonProfiledCodeHeapSize                  = 122916026                              {pd product} {ergonomic}
    uintx ProfiledCodeHeapSize                     = 122916026                              {pd product} {ergonomic}
    uintx ReservedCodeCacheSize                    = 251658240                              {pd product} {ergonomic}
     bool SegmentedCodeCache                       = true                                      {product} {ergonomic}
   size_t SoftMaxHeapSize                          = 2048917504                             {manageable} {ergonomic}
     bool UseCompressedClassPointers               = true                           {product lp64_product} {ergonomic}
     bool UseCompressedOops                        = true                           {product lp64_product} {ergonomic}
     bool UseG1GC                                  = true                                      {product} {ergonomic}
     bool UseLargePagesIndividualAllocation        = false                                  {pd product} {ergonomic}

Logging:
Log output configuration:
 #0: stdout all=warning uptime,level,tags
 #1: stderr all=off uptime,level,tags

Environment Variables:
PATH=C:\Program Files\Microsoft MPI\Bin\;C:\Program Files\Python310\Scripts\;C:\Program Files\Python310\;C:\Program Files\Common Files\Oracle\Java\javapath;C:\WINDOWS\system32;C:\WINDOWS;C:\WINDOWS\System32\Wbem;C:\WINDOWS\System32\WindowsPowerShell\v1.0\;C:\WINDOWS\System32\OpenSSH\;C:\Program Files\Git\cmd;C:\Program Files\nodejs\;E:\Gradle\gradle-7.5\bin;C:\Users\DELL\AppData\Local\Microsoft\WindowsApps;C:\Users\DELL\AppData\Local\Programs\Microsoft VS Code\bin;C:\Program Files\Python310;E:\flutter\bin;C:\Users\DELL\AppData\Local\Android\Sdk\platform-tools;C:\Users\DELL\AppData\Local\Pub\Cache\bin;C:\Users\DELL\AppData\Local\Pub\Cache\bin;E:\dart\dartsdk-windows-x64-release\dart-sdk\bin;C:\Users\DELL\AppData\Roaming\npm;C:\MinGW\bin;C:\Program Files\Azure Data Studio\bin;C:\Kotlin\kotlin-compiler-1.9.10\kotlinc\bin;C:\Program Files\Python310\Scripts;;E:\flutter\bin\mingit\cmd;E:\flutter\bin\mingit\cmd
USERNAME=DELL
OS=Windows_NT
PROCESSOR_IDENTIFIER=Intel64 Family 6 Model 142 Stepping 9, GenuineIntel
TMP=C:\Users\DELL\AppData\Local\Temp
TEMP=C:\Users\DELL\AppData\Local\Temp


JNI global refs:

[error occurred during error reporting (JNI global references), id 0xc0000005, EXCEPTION_ACCESS_VIOLATION (0xc0000005) at pc=0x00007ffbe1a87a10]


---------------  S Y S T E M  ---------------

OS:
 Windows 10 , 64 bit Build 19041 (10.0.19041.3636)
OS uptime: 2 days 7:52 hours

CPU: total 2 (initial active 2) (2 cores per cpu, 2 threads per core) family 6 model 142 stepping 9 microcode 0xb4, cx8, cmov, fxsr, ht, mmx, 3dnowpref, sse, sse2, sse3, ssse3, sse4.1, sse4.2, popcnt, lzcnt, tsc, tscinvbit, avx, avx2, aes, erms, clmul, bmi1, bmi2, rtm, adx, fma, vzeroupper, clflush, clflushopt

Memory: 4k page, system-wide physical 7813M (315M free)
TotalPageFile size 14677M (AvailPageFile size 121M)
current process WorkingSet (physical memory assigned to process): 11M, peak: 11M
current process commit charge ("private bytes"): 47M, peak: 171M

vm_info: OpenJDK 64-Bit Server VM (17.0.6+0-b2043.56-10027231) for windows-amd64 JRE (17.0.6+0-b2043.56-10027231), built on Apr 28 2023 00:43:19 by "androidbuild" with MS VC++ 16.10 / 16.11 (VS2019)

END.
