#
# There is insufficient memory for the Java Runtime Environment to continue.
# Native memory allocation (malloc) failed to allocate 389328 bytes for Chunk::new
# Possible reasons:
#   The system is out of physical RAM or swap space
#   The process is running with CompressedOops enabled, and the Java Heap may be blocking the growth of the native heap
# Possible solutions:
#   Reduce memory load on the system
#   Increase physical memory or swap space
#   Check if swap backing store is full
#   Decrease Java heap size (-Xmx/-Xms)
#   Decrease number of Java threads
#   Decrease Java thread stack sizes (-Xss)
#   Set larger code cache with -XX:ReservedCodeCacheSize=
#   JVM is running with Unscaled Compressed Oops mode in which the Java heap is
#     placed in the first 4GB address space. The Java Heap base address is the
#     maximum limit for the native heap growth. Please use -XX:HeapBaseMinAddress
#     to set the Java Heap base and to place the Java Heap above 4GB virtual address.
# This output file may be truncated or incomplete.
#
#  Out of Memory Error (arena.cpp:189), pid=13536, tid=4124
#
# JRE version: OpenJDK Runtime Environment (17.0.6) (build 17.0.6+0-b2043.56-10027231)
# Java VM: OpenJDK 64-Bit Server VM (17.0.6+0-b2043.56-10027231, mixed mode, tiered, compressed oops, compressed class ptrs, g1 gc, windows-amd64)
# No core dump will be written. Minidumps are not enabled by default on client versions of Windows
#

---------------  S U M M A R Y ------------

Command Line: -Dorg.gradle.appname=gradlew org.gradle.wrapper.GradleWrapperMain -q -Ptarget-platform=android-arm64 -Ptarget=E:\talk_ai-v1.0.1\lib\main.dart -Pbase-application-name=android.app.Application -Pdart-defines=RkxVVFRFUl9XRUJfQVVUT19ERVRFQ1Q9dHJ1ZQ==,RkxVVFRFUl9XRUJfQ0FOVkFTS0lUX1VSTD1odHRwczovL3d3dy5nc3RhdGljLmNvbS9mbHV0dGVyLWNhbnZhc2tpdC8wNDgxN2M5OWM5ZmQ0OTU2ZjI3NTA1MjA0ZjdlMzQ0MzM1ODEwYWVkLw== -Pdart-obfuscation=false -Ptrack-widget-creation=true -Ptree-shake-icons=false -Pfilesystem-scheme=org-dartlang-root assembleDebug

Host: Intel(R) Core(TM) i5-7300U CPU @ 2.60GHz, 4 cores, 7G,  Windows 10 , 64 bit Build 19041 (10.0.19041.3636)
Time: Sun Mar 17 23:54:44 2024 Pakistan Standard Time elapsed time: 4.282987 seconds (0d 0h 0m 4s)

---------------  T H R E A D  ---------------

Current thread (0x000001a1ab164e50):  JavaThread "C2 CompilerThread0" daemon [_thread_in_native, id=4124, stack(0x000000189fa00000,0x000000189fb00000)]


Current CompileTask:
C2:   4283 1148 %     4       java.io.WinNTFileSystem::normalize @ 22 (143 bytes)

Stack: [0x000000189fa00000,0x000000189fb00000]
Native frames: (J=compiled Java code, j=interpreted, Vv=VM code, C=native code)
V  [jvm.dll+0x683c9a]
V  [jvm.dll+0x8427a4]
V  [jvm.dll+0x843f9e]
V  [jvm.dll+0x844603]
V  [jvm.dll+0x249b75]
V  [jvm.dll+0xabcac]
V  [jvm.dll+0xac27c]
V  [jvm.dll+0x368857]
V  [jvm.dll+0x1bd0b8]
V  [jvm.dll+0x21c359]
V  [jvm.dll+0x21b621]
V  [jvm.dll+0x1a4fdd]
V  [jvm.dll+0x22b098]
V  [jvm.dll+0x229159]
V  [jvm.dll+0x7f81ec]
V  [jvm.dll+0x7f274a]
V  [jvm.dll+0x682ad5]
C  [ucrtbase.dll+0x21bb2]
C  [KERNEL32.DLL+0x17344]
C  [ntdll.dll+0x526b1]


---------------  P R O C E S S  ---------------

Threads class SMR info:
_java_thread_list=0x000001a1ac6ad240, length=13, elements={
0x000001a191ecc440, 0x000001a1ab17b620, 0x000001a1ab17c420, 0x000001a1ab161810,
0x000001a1ab1630e0, 0x000001a1ab1639a0, 0x000001a1ab164260, 0x000001a1ab164e50,
0x000001a1abc2d630, 0x000001a1abc5e000, 0x000001a1abd9e7d0, 0x000001a1abdb1010,
0x000001a1ad24f670
}

Java Threads: ( => current thread )
  0x000001a191ecc440 JavaThread "main" [_thread_in_vm, id=4808, stack(0x000000189ec00000,0x000000189ed00000)]
  0x000001a1ab17b620 JavaThread "Reference Handler" daemon [_thread_blocked, id=11764, stack(0x000000189f300000,0x000000189f400000)]
  0x000001a1ab17c420 JavaThread "Finalizer" daemon [_thread_blocked, id=7216, stack(0x000000189f400000,0x000000189f500000)]
  0x000001a1ab161810 JavaThread "Signal Dispatcher" daemon [_thread_blocked, id=9392, stack(0x000000189f600000,0x000000189f700000)]
  0x000001a1ab1630e0 JavaThread "Attach Listener" daemon [_thread_blocked, id=8404, stack(0x000000189f700000,0x000000189f800000)]
  0x000001a1ab1639a0 JavaThread "Service Thread" daemon [_thread_blocked, id=3704, stack(0x000000189f800000,0x000000189f900000)]
  0x000001a1ab164260 JavaThread "Monitor Deflation Thread" daemon [_thread_blocked, id=3032, stack(0x000000189f900000,0x000000189fa00000)]
=>0x000001a1ab164e50 JavaThread "C2 CompilerThread0" daemon [_thread_in_native, id=4124, stack(0x000000189fa00000,0x000000189fb00000)]
  0x000001a1abc2d630 JavaThread "C1 CompilerThread0" daemon [_thread_blocked, id=6468, stack(0x000000189fb00000,0x000000189fc00000)]
  0x000001a1abc5e000 JavaThread "Sweeper thread" daemon [_thread_blocked, id=6600, stack(0x000000189fc00000,0x000000189fd00000)]
  0x000001a1abd9e7d0 JavaThread "Notification Thread" daemon [_thread_blocked, id=14284, stack(0x000000189fd00000,0x000000189fe00000)]
  0x000001a1abdb1010 JavaThread "Common-Cleaner" daemon [_thread_blocked, id=8916, stack(0x000000189ff00000,0x00000018a0000000)]
  0x000001a1ad24f670 JavaThread "pool-1-thread-1" [_thread_blocked, id=1744, stack(0x00000018a0300000,0x00000018a0400000)]

Other Threads:
  0x000001a1ab152620 VMThread "VM Thread" [stack: 0x000000189f200000,0x000000189f300000] [id=13524] _threads_hazard_ptr=0x000001a1ac6ad240
  0x000001a1abd9eca0 WatcherThread [stack: 0x000000189fe00000,0x000000189ff00000] [id=1204]
  0x000001a191f233c0 GCTaskThread "GC Thread#0" [stack: 0x000000189ed00000,0x000000189ee00000] [id=13528]
  0x000001a1ac13f300 GCTaskThread "GC Thread#1" [stack: 0x00000018a0000000,0x00000018a0100000] [id=8608]
  0x000001a1ac18c570 GCTaskThread "GC Thread#2" [stack: 0x00000018a0100000,0x00000018a0200000] [id=5436]
  0x000001a1ac18c820 GCTaskThread "GC Thread#3" [stack: 0x00000018a0200000,0x00000018a0300000] [id=7932]
  0x000001a191f33650 ConcurrentGCThread "G1 Main Marker" [stack: 0x000000189ee00000,0x000000189ef00000] [id=13020]
  0x000001a191f33f70 ConcurrentGCThread "G1 Conc#0" [stack: 0x000000189ef00000,0x000000189f000000] [id=1856]
  0x000001a191f8e430 ConcurrentGCThread "G1 Refine#0" [stack: 0x000000189f000000,0x000000189f100000] [id=10748]
  0x000001a1aaf940b0 ConcurrentGCThread "G1 Service" [stack: 0x000000189f100000,0x000000189f200000] [id=2784]

Threads with active compile tasks:
C2 CompilerThread0     5542 1148 %     4       java.io.WinNTFileSystem::normalize @ 22 (143 bytes)

VM state: synchronizing (normal execution)

VM Mutex/Monitor currently owned by a thread:  ([mutex/lock_event])
[0x000001a18fdcd340] Metaspace_lock - owner thread: 0x000001a191ecc440
[0x000001a191ec6ae0] Threads_lock - owner thread: 0x000001a1ab152620

Heap address: 0x0000000085e00000, size: 1954 MB, Compressed Oops mode: 32-bit

CDS archive(s) not mapped
Compressed class space mapped at: 0x0000000100000000-0x0000000140000000, reserved size: 1073741824
Narrow klass base: 0x0000000000000000, Narrow klass shift: 3, Narrow klass range: 0x140000000

GC Precious Log:
 CPUs: 4 total, 4 available
 Memory: 7813M
 Large Page Support: Disabled
 NUMA Support: Disabled
 Compressed Oops: Enabled (32-bit)
 Heap Region Size: 1M
 Heap Min Capacity: 8M
 Heap Initial Capacity: 124M
 Heap Max Capacity: 1954M
 Pre-touch: Disabled
 Parallel Workers: 4
 Concurrent Workers: 1
 Concurrent Refinement Workers: 4
 Periodic GC: Disabled

Heap:
 garbage-first heap   total 126976K, used 18994K [0x0000000085e00000, 0x0000000100000000)
  region size 1024K, 13 young (13312K), 3 survivors (3072K)
 Metaspace       used 15342K, committed 15488K, reserved 1064960K
  class space    used 1794K, committed 1856K, reserved 1048576K

Heap Regions: E=young(eden), S=young(survivor), O=old, HS=humongous(starts), HC=humongous(continues), CS=collection set, F=free, OA=open archive, CA=closed archive, TAMS=top-at-mark-start (previous, next)
|   0|0x0000000085e00000, 0x0000000085f00000, 0x0000000085f00000|100%|HS|  |TAMS 0x0000000085e00000, 0x0000000085e00000| Complete 
|   1|0x0000000085f00000, 0x0000000086000000, 0x0000000086000000|100%|HC|  |TAMS 0x0000000085f00000, 0x0000000085f00000| Complete 
|   2|0x0000000086000000, 0x0000000086100000, 0x0000000086100000|100%|HC|  |TAMS 0x0000000086000000, 0x0000000086000000| Complete 
|   3|0x0000000086100000, 0x0000000086200000, 0x0000000086200000|100%| O|  |TAMS 0x0000000086100000, 0x0000000086100000| Untracked 
|   4|0x0000000086200000, 0x0000000086300000, 0x0000000086300000|100%| O|  |TAMS 0x0000000086200000, 0x0000000086200000| Untracked 
|   5|0x0000000086300000, 0x0000000086400000, 0x0000000086400000|100%| O|  |TAMS 0x0000000086300000, 0x0000000086300000| Untracked 
|   6|0x0000000086400000, 0x000000008648ca00, 0x0000000086500000| 54%| O|  |TAMS 0x0000000086400000, 0x0000000086400000| Untracked 
|   7|0x0000000086500000, 0x0000000086500000, 0x0000000086600000|  0%| F|  |TAMS 0x0000000086500000, 0x0000000086500000| Untracked 
|   8|0x0000000086600000, 0x0000000086600000, 0x0000000086700000|  0%| F|  |TAMS 0x0000000086600000, 0x0000000086600000| Untracked 
|   9|0x0000000086700000, 0x0000000086700000, 0x0000000086800000|  0%| F|  |TAMS 0x0000000086700000, 0x0000000086700000| Untracked 
|  10|0x0000000086800000, 0x0000000086800000, 0x0000000086900000|  0%| F|  |TAMS 0x0000000086800000, 0x0000000086800000| Untracked 
|  11|0x0000000086900000, 0x0000000086900000, 0x0000000086a00000|  0%| F|  |TAMS 0x0000000086900000, 0x0000000086900000| Untracked 
|  12|0x0000000086a00000, 0x0000000086a00000, 0x0000000086b00000|  0%| F|  |TAMS 0x0000000086a00000, 0x0000000086a00000| Untracked 
|  13|0x0000000086b00000, 0x0000000086b00000, 0x0000000086c00000|  0%| F|  |TAMS 0x0000000086b00000, 0x0000000086b00000| Untracked 
|  14|0x0000000086c00000, 0x0000000086c00000, 0x0000000086d00000|  0%| F|  |TAMS 0x0000000086c00000, 0x0000000086c00000| Untracked 
|  15|0x0000000086d00000, 0x0000000086d00000, 0x0000000086e00000|  0%| F|  |TAMS 0x0000000086d00000, 0x0000000086d00000| Untracked 
|  16|0x0000000086e00000, 0x0000000086e00000, 0x0000000086f00000|  0%| F|  |TAMS 0x0000000086e00000, 0x0000000086e00000| Untracked 
|  17|0x0000000086f00000, 0x0000000086f00000, 0x0000000087000000|  0%| F|  |TAMS 0x0000000086f00000, 0x0000000086f00000| Untracked 
|  18|0x0000000087000000, 0x0000000087000000, 0x0000000087100000|  0%| F|  |TAMS 0x0000000087000000, 0x0000000087000000| Untracked 
|  19|0x0000000087100000, 0x0000000087100000, 0x0000000087200000|  0%| F|  |TAMS 0x0000000087100000, 0x0000000087100000| Untracked 
|  20|0x0000000087200000, 0x0000000087200000, 0x0000000087300000|  0%| F|  |TAMS 0x0000000087200000, 0x0000000087200000| Untracked 
|  21|0x0000000087300000, 0x0000000087300000, 0x0000000087400000|  0%| F|  |TAMS 0x0000000087300000, 0x0000000087300000| Untracked 
|  22|0x0000000087400000, 0x0000000087400000, 0x0000000087500000|  0%| F|  |TAMS 0x0000000087400000, 0x0000000087400000| Untracked 
|  23|0x0000000087500000, 0x0000000087500000, 0x0000000087600000|  0%| F|  |TAMS 0x0000000087500000, 0x0000000087500000| Untracked 
|  24|0x0000000087600000, 0x0000000087600000, 0x0000000087700000|  0%| F|  |TAMS 0x0000000087600000, 0x0000000087600000| Untracked 
|  25|0x0000000087700000, 0x0000000087700000, 0x0000000087800000|  0%| F|  |TAMS 0x0000000087700000, 0x0000000087700000| Untracked 
|  26|0x0000000087800000, 0x0000000087800000, 0x0000000087900000|  0%| F|  |TAMS 0x0000000087800000, 0x0000000087800000| Untracked 
|  27|0x0000000087900000, 0x0000000087900000, 0x0000000087a00000|  0%| F|  |TAMS 0x0000000087900000, 0x0000000087900000| Untracked 
|  28|0x0000000087a00000, 0x0000000087a00000, 0x0000000087b00000|  0%| F|  |TAMS 0x0000000087a00000, 0x0000000087a00000| Untracked 
|  29|0x0000000087b00000, 0x0000000087b00000, 0x0000000087c00000|  0%| F|  |TAMS 0x0000000087b00000, 0x0000000087b00000| Untracked 
|  30|0x0000000087c00000, 0x0000000087c00000, 0x0000000087d00000|  0%| F|  |TAMS 0x0000000087c00000, 0x0000000087c00000| Untracked 
|  31|0x0000000087d00000, 0x0000000087d00000, 0x0000000087e00000|  0%| F|  |TAMS 0x0000000087d00000, 0x0000000087d00000| Untracked 
|  32|0x0000000087e00000, 0x0000000087e00000, 0x0000000087f00000|  0%| F|  |TAMS 0x0000000087e00000, 0x0000000087e00000| Untracked 
|  33|0x0000000087f00000, 0x0000000087f00000, 0x0000000088000000|  0%| F|  |TAMS 0x0000000087f00000, 0x0000000087f00000| Untracked 
|  34|0x0000000088000000, 0x0000000088000000, 0x0000000088100000|  0%| F|  |TAMS 0x0000000088000000, 0x0000000088000000| Untracked 
|  35|0x0000000088100000, 0x0000000088100000, 0x0000000088200000|  0%| F|  |TAMS 0x0000000088100000, 0x0000000088100000| Untracked 
|  36|0x0000000088200000, 0x0000000088200000, 0x0000000088300000|  0%| F|  |TAMS 0x0000000088200000, 0x0000000088200000| Untracked 
|  37|0x0000000088300000, 0x0000000088300000, 0x0000000088400000|  0%| F|  |TAMS 0x0000000088300000, 0x0000000088300000| Untracked 
|  38|0x0000000088400000, 0x0000000088400000, 0x0000000088500000|  0%| F|  |TAMS 0x0000000088400000, 0x0000000088400000| Untracked 
|  39|0x0000000088500000, 0x0000000088500000, 0x0000000088600000|  0%| F|  |TAMS 0x0000000088500000, 0x0000000088500000| Untracked 
|  40|0x0000000088600000, 0x0000000088600000, 0x0000000088700000|  0%| F|  |TAMS 0x0000000088600000, 0x0000000088600000| Untracked 
|  41|0x0000000088700000, 0x0000000088700000, 0x0000000088800000|  0%| F|  |TAMS 0x0000000088700000, 0x0000000088700000| Untracked 
|  42|0x0000000088800000, 0x0000000088800000, 0x0000000088900000|  0%| F|  |TAMS 0x0000000088800000, 0x0000000088800000| Untracked 
|  43|0x0000000088900000, 0x0000000088900000, 0x0000000088a00000|  0%| F|  |TAMS 0x0000000088900000, 0x0000000088900000| Untracked 
|  44|0x0000000088a00000, 0x0000000088a00000, 0x0000000088b00000|  0%| F|  |TAMS 0x0000000088a00000, 0x0000000088a00000| Untracked 
|  45|0x0000000088b00000, 0x0000000088b00000, 0x0000000088c00000|  0%| F|  |TAMS 0x0000000088b00000, 0x0000000088b00000| Untracked 
|  46|0x0000000088c00000, 0x0000000088c00000, 0x0000000088d00000|  0%| F|  |TAMS 0x0000000088c00000, 0x0000000088c00000| Untracked 
|  47|0x0000000088d00000, 0x0000000088d00000, 0x0000000088e00000|  0%| F|  |TAMS 0x0000000088d00000, 0x0000000088d00000| Untracked 
|  48|0x0000000088e00000, 0x0000000088e00000, 0x0000000088f00000|  0%| F|  |TAMS 0x0000000088e00000, 0x0000000088e00000| Untracked 
|  49|0x0000000088f00000, 0x0000000088f00000, 0x0000000089000000|  0%| F|  |TAMS 0x0000000088f00000, 0x0000000088f00000| Untracked 
|  50|0x0000000089000000, 0x0000000089000000, 0x0000000089100000|  0%| F|  |TAMS 0x0000000089000000, 0x0000000089000000| Untracked 
|  51|0x0000000089100000, 0x0000000089100000, 0x0000000089200000|  0%| F|  |TAMS 0x0000000089100000, 0x0000000089100000| Untracked 
|  52|0x0000000089200000, 0x0000000089200000, 0x0000000089300000|  0%| F|  |TAMS 0x0000000089200000, 0x0000000089200000| Untracked 
|  53|0x0000000089300000, 0x0000000089300000, 0x0000000089400000|  0%| F|  |TAMS 0x0000000089300000, 0x0000000089300000| Untracked 
|  54|0x0000000089400000, 0x0000000089400000, 0x0000000089500000|  0%| F|  |TAMS 0x0000000089400000, 0x0000000089400000| Untracked 
|  55|0x0000000089500000, 0x0000000089500000, 0x0000000089600000|  0%| F|  |TAMS 0x0000000089500000, 0x0000000089500000| Untracked 
|  56|0x0000000089600000, 0x0000000089600000, 0x0000000089700000|  0%| F|  |TAMS 0x0000000089600000, 0x0000000089600000| Untracked 
|  57|0x0000000089700000, 0x0000000089700000, 0x0000000089800000|  0%| F|  |TAMS 0x0000000089700000, 0x0000000089700000| Untracked 
|  58|0x0000000089800000, 0x0000000089800000, 0x0000000089900000|  0%| F|  |TAMS 0x0000000089800000, 0x0000000089800000| Untracked 
|  59|0x0000000089900000, 0x0000000089900000, 0x0000000089a00000|  0%| F|  |TAMS 0x0000000089900000, 0x0000000089900000| Untracked 
|  60|0x0000000089a00000, 0x0000000089a00000, 0x0000000089b00000|  0%| F|  |TAMS 0x0000000089a00000, 0x0000000089a00000| Untracked 
|  61|0x0000000089b00000, 0x0000000089b00000, 0x0000000089c00000|  0%| F|  |TAMS 0x0000000089b00000, 0x0000000089b00000| Untracked 
|  62|0x0000000089c00000, 0x0000000089c00000, 0x0000000089d00000|  0%| F|  |TAMS 0x0000000089c00000, 0x0000000089c00000| Untracked 
|  63|0x0000000089d00000, 0x0000000089d00000, 0x0000000089e00000|  0%| F|  |TAMS 0x0000000089d00000, 0x0000000089d00000| Untracked 
|  64|0x0000000089e00000, 0x0000000089e00000, 0x0000000089f00000|  0%| F|  |TAMS 0x0000000089e00000, 0x0000000089e00000| Untracked 
|  65|0x0000000089f00000, 0x0000000089f00000, 0x000000008a000000|  0%| F|  |TAMS 0x0000000089f00000, 0x0000000089f00000| Untracked 
|  66|0x000000008a000000, 0x000000008a000000, 0x000000008a100000|  0%| F|  |TAMS 0x000000008a000000, 0x000000008a000000| Untracked 
|  67|0x000000008a100000, 0x000000008a100000, 0x000000008a200000|  0%| F|  |TAMS 0x000000008a100000, 0x000000008a100000| Untracked 
|  68|0x000000008a200000, 0x000000008a200000, 0x000000008a300000|  0%| F|  |TAMS 0x000000008a200000, 0x000000008a200000| Untracked 
|  69|0x000000008a300000, 0x000000008a300000, 0x000000008a400000|  0%| F|  |TAMS 0x000000008a300000, 0x000000008a300000| Untracked 
|  70|0x000000008a400000, 0x000000008a400000, 0x000000008a500000|  0%| F|  |TAMS 0x000000008a400000, 0x000000008a400000| Untracked 
|  71|0x000000008a500000, 0x000000008a500000, 0x000000008a600000|  0%| F|  |TAMS 0x000000008a500000, 0x000000008a500000| Untracked 
|  72|0x000000008a600000, 0x000000008a600000, 0x000000008a700000|  0%| F|  |TAMS 0x000000008a600000, 0x000000008a600000| Untracked 
|  73|0x000000008a700000, 0x000000008a700000, 0x000000008a800000|  0%| F|  |TAMS 0x000000008a700000, 0x000000008a700000| Untracked 
|  74|0x000000008a800000, 0x000000008a800000, 0x000000008a900000|  0%| F|  |TAMS 0x000000008a800000, 0x000000008a800000| Untracked 
|  75|0x000000008a900000, 0x000000008a900000, 0x000000008aa00000|  0%| F|  |TAMS 0x000000008a900000, 0x000000008a900000| Untracked 
|  76|0x000000008aa00000, 0x000000008aa00000, 0x000000008ab00000|  0%| F|  |TAMS 0x000000008aa00000, 0x000000008aa00000| Untracked 
|  77|0x000000008ab00000, 0x000000008ab00000, 0x000000008ac00000|  0%| F|  |TAMS 0x000000008ab00000, 0x000000008ab00000| Untracked 
|  78|0x000000008ac00000, 0x000000008ac00000, 0x000000008ad00000|  0%| F|  |TAMS 0x000000008ac00000, 0x000000008ac00000| Untracked 
|  79|0x000000008ad00000, 0x000000008ad00000, 0x000000008ae00000|  0%| F|  |TAMS 0x000000008ad00000, 0x000000008ad00000| Untracked 
|  80|0x000000008ae00000, 0x000000008ae00000, 0x000000008af00000|  0%| F|  |TAMS 0x000000008ae00000, 0x000000008ae00000| Untracked 
|  81|0x000000008af00000, 0x000000008af00000, 0x000000008b000000|  0%| F|  |TAMS 0x000000008af00000, 0x000000008af00000| Untracked 
|  82|0x000000008b000000, 0x000000008b000000, 0x000000008b100000|  0%| F|  |TAMS 0x000000008b000000, 0x000000008b000000| Untracked 
|  83|0x000000008b100000, 0x000000008b100000, 0x000000008b200000|  0%| F|  |TAMS 0x000000008b100000, 0x000000008b100000| Untracked 
|  84|0x000000008b200000, 0x000000008b200000, 0x000000008b300000|  0%| F|  |TAMS 0x000000008b200000, 0x000000008b200000| Untracked 
|  85|0x000000008b300000, 0x000000008b300000, 0x000000008b400000|  0%| F|  |TAMS 0x000000008b300000, 0x000000008b300000| Untracked 
|  86|0x000000008b400000, 0x000000008b400000, 0x000000008b500000|  0%| F|  |TAMS 0x000000008b400000, 0x000000008b400000| Untracked 
|  87|0x000000008b500000, 0x000000008b500000, 0x000000008b600000|  0%| F|  |TAMS 0x000000008b500000, 0x000000008b500000| Untracked 
|  88|0x000000008b600000, 0x000000008b600000, 0x000000008b700000|  0%| F|  |TAMS 0x000000008b600000, 0x000000008b600000| Untracked 
|  89|0x000000008b700000, 0x000000008b700000, 0x000000008b800000|  0%| F|  |TAMS 0x000000008b700000, 0x000000008b700000| Untracked 
|  90|0x000000008b800000, 0x000000008b800000, 0x000000008b900000|  0%| F|  |TAMS 0x000000008b800000, 0x000000008b800000| Untracked 
|  91|0x000000008b900000, 0x000000008b900000, 0x000000008ba00000|  0%| F|  |TAMS 0x000000008b900000, 0x000000008b900000| Untracked 
|  92|0x000000008ba00000, 0x000000008ba00000, 0x000000008bb00000|  0%| F|  |TAMS 0x000000008ba00000, 0x000000008ba00000| Untracked 
|  93|0x000000008bb00000, 0x000000008bb00000, 0x000000008bc00000|  0%| F|  |TAMS 0x000000008bb00000, 0x000000008bb00000| Untracked 
|  94|0x000000008bc00000, 0x000000008bc00000, 0x000000008bd00000|  0%| F|  |TAMS 0x000000008bc00000, 0x000000008bc00000| Untracked 
|  95|0x000000008bd00000, 0x000000008bd00000, 0x000000008be00000|  0%| F|  |TAMS 0x000000008bd00000, 0x000000008bd00000| Untracked 
|  96|0x000000008be00000, 0x000000008be00000, 0x000000008bf00000|  0%| F|  |TAMS 0x000000008be00000, 0x000000008be00000| Untracked 
|  97|0x000000008bf00000, 0x000000008bf00000, 0x000000008c000000|  0%| F|  |TAMS 0x000000008bf00000, 0x000000008bf00000| Untracked 
|  98|0x000000008c000000, 0x000000008c000000, 0x000000008c100000|  0%| F|  |TAMS 0x000000008c000000, 0x000000008c000000| Untracked 
|  99|0x000000008c100000, 0x000000008c100000, 0x000000008c200000|  0%| F|  |TAMS 0x000000008c100000, 0x000000008c100000| Untracked 
| 100|0x000000008c200000, 0x000000008c200000, 0x000000008c300000|  0%| F|  |TAMS 0x000000008c200000, 0x000000008c200000| Untracked 
| 101|0x000000008c300000, 0x000000008c300000, 0x000000008c400000|  0%| F|  |TAMS 0x000000008c300000, 0x000000008c300000| Untracked 
| 102|0x000000008c400000, 0x000000008c400000, 0x000000008c500000|  0%| F|  |TAMS 0x000000008c400000, 0x000000008c400000| Untracked 
| 103|0x000000008c500000, 0x000000008c500000, 0x000000008c600000|  0%| F|  |TAMS 0x000000008c500000, 0x000000008c500000| Untracked 
| 104|0x000000008c600000, 0x000000008c700000, 0x000000008c700000|100%| S|CS|TAMS 0x000000008c600000, 0x000000008c600000| Complete 
| 105|0x000000008c700000, 0x000000008c800000, 0x000000008c800000|100%| S|CS|TAMS 0x000000008c700000, 0x000000008c700000| Complete 
| 106|0x000000008c800000, 0x000000008c900000, 0x000000008c900000|100%| S|CS|TAMS 0x000000008c800000, 0x000000008c800000| Complete 
| 107|0x000000008c900000, 0x000000008c900000, 0x000000008ca00000|  0%| F|  |TAMS 0x000000008c900000, 0x000000008c900000| Untracked 
| 108|0x000000008ca00000, 0x000000008ca00000, 0x000000008cb00000|  0%| F|  |TAMS 0x000000008ca00000, 0x000000008ca00000| Untracked 
| 109|0x000000008cb00000, 0x000000008cb00000, 0x000000008cc00000|  0%| F|  |TAMS 0x000000008cb00000, 0x000000008cb00000| Untracked 
| 110|0x000000008cc00000, 0x000000008cc00000, 0x000000008cd00000|  0%| F|  |TAMS 0x000000008cc00000, 0x000000008cc00000| Untracked 
| 111|0x000000008cd00000, 0x000000008cd00000, 0x000000008ce00000|  0%| F|  |TAMS 0x000000008cd00000, 0x000000008cd00000| Untracked 
| 112|0x000000008ce00000, 0x000000008ce00000, 0x000000008cf00000|  0%| F|  |TAMS 0x000000008ce00000, 0x000000008ce00000| Untracked 
| 113|0x000000008cf00000, 0x000000008cf00000, 0x000000008d000000|  0%| F|  |TAMS 0x000000008cf00000, 0x000000008cf00000| Untracked 
| 114|0x000000008d000000, 0x000000008d083d48, 0x000000008d100000| 51%| E|  |TAMS 0x000000008d000000, 0x000000008d000000| Complete 
| 115|0x000000008d100000, 0x000000008d200000, 0x000000008d200000|100%| E|CS|TAMS 0x000000008d100000, 0x000000008d100000| Complete 
| 116|0x000000008d200000, 0x000000008d300000, 0x000000008d300000|100%| E|CS|TAMS 0x000000008d200000, 0x000000008d200000| Complete 
| 117|0x000000008d300000, 0x000000008d400000, 0x000000008d400000|100%| E|CS|TAMS 0x000000008d300000, 0x000000008d300000| Complete 
| 118|0x000000008d400000, 0x000000008d500000, 0x000000008d500000|100%| E|CS|TAMS 0x000000008d400000, 0x000000008d400000| Complete 
| 119|0x000000008d500000, 0x000000008d600000, 0x000000008d600000|100%| E|CS|TAMS 0x000000008d500000, 0x000000008d500000| Complete 
| 120|0x000000008d600000, 0x000000008d700000, 0x000000008d700000|100%| E|CS|TAMS 0x000000008d600000, 0x000000008d600000| Complete 
| 121|0x000000008d700000, 0x000000008d800000, 0x000000008d800000|100%| E|CS|TAMS 0x000000008d700000, 0x000000008d700000| Complete 
| 122|0x000000008d800000, 0x000000008d900000, 0x000000008d900000|100%| E|CS|TAMS 0x000000008d800000, 0x000000008d800000| Complete 
| 123|0x000000008d900000, 0x000000008da00000, 0x000000008da00000|100%| E|CS|TAMS 0x000000008d900000, 0x000000008d900000| Complete 

Card table byte_map: [0x000001a1a4770000,0x000001a1a4b50000] _byte_map_base: 0x000001a1a4341000

Marking Bits (Prev, Next): (CMBitMap*) 0x000001a191f238e0, (CMBitMap*) 0x000001a191f23920
 Prev Bits: [0x000001a1a4f30000, 0x000001a1a6db8000)
 Next Bits: [0x000001a1a6dc0000, 0x000001a1a8c48000)

Polling page: 0x000001a191690000

Metaspace:

Usage:
  Non-class:     13.23 MB used.
      Class:      1.75 MB used.
       Both:     14.98 MB used.

Virtual space:
  Non-class space:       16.00 MB reserved,      13.31 MB ( 83%) committed,  2 nodes.
      Class space:        1.00 GB reserved,       1.81 MB ( <1%) committed,  1 nodes.
             Both:        1.02 GB reserved,      15.12 MB (  1%) committed. 

Chunk freelists:
   Non-Class:  2.16 MB
       Class:  2.17 MB
        Both:  4.33 MB

MaxMetaspaceSize: unlimited
CompressedClassSpaceSize: 1.00 GB
Initial GC threshold: 21.00 MB
Current GC threshold: 21.00 MB
CDS: off
MetaspaceReclaimPolicy: balanced
 - commit_granule_bytes: 65536.
 - commit_granule_words: 8192.
 - virtual_space_node_default_size: 1048576.
 - enlarge_chunks_in_place: 1.
 - new_chunks_are_fully_committed: 0.
 - uncommit_free_chunks: 1.
 - use_allocation_guard: 0.
 - handle_deallocations: 1.


Internal statistics:

num_allocs_failed_limit: 0.
num_arena_births: 74.
num_arena_deaths: 0.
num_vsnodes_births: 3.
num_vsnodes_deaths: 0.
num_space_committed: 242.
num_space_uncommitted: 0.
num_chunks_returned_to_freelist: 0.
num_chunks_taken_from_freelist: 286.
num_chunk_merges: 0.
num_chunk_splits: 190.
num_chunks_enlarged: 156.
num_purges: 0.
num_inconsistent_stats: 0.

CodeHeap 'non-profiled nmethods': size=120000Kb used=462Kb max_used=462Kb free=119537Kb
 bounds [0x000001a19ce60000, 0x000001a19d0d0000, 0x000001a1a4390000]
CodeHeap 'profiled nmethods': size=120000Kb used=2256Kb max_used=2256Kb free=117743Kb
 bounds [0x000001a195390000, 0x000001a195600000, 0x000001a19c8c0000]
CodeHeap 'non-nmethods': size=5760Kb used=1156Kb max_used=1190Kb free=4603Kb
 bounds [0x000001a19c8c0000, 0x000001a19cb30000, 0x000001a19ce60000]
 total_blobs=1625 nmethods=1175 adapters=363
 compilation: enabled
              stopped_count=0, restarted_count=0
 full_count=0

Compilation events (20 events):
Event: 3.680 Thread 0x000001a1abc2d630 1169       3       java.lang.invoke.MemberName::getModifiers (8 bytes)
Event: 3.680 Thread 0x000001a1abc2d630 nmethod 1169 0x000001a1955bd590 code [0x000001a1955bd720, 0x000001a1955bd838]
Event: 3.680 Thread 0x000001a1abc2d630 1170       3       java.util.regex.Pattern::sequence (647 bytes)
Event: 3.684 Thread 0x000001a1abc2d630 nmethod 1170 0x000001a1955bd910 code [0x000001a1955bdf20, 0x000001a1955c1058]
Event: 3.685 Thread 0x000001a1abc2d630 1171       1       java.util.concurrent.locks.AbstractOwnableSynchronizer::setExclusiveOwnerThread (6 bytes)
Event: 3.685 Thread 0x000001a1abc2d630 nmethod 1171 0x000001a19ced3390 code [0x000001a19ced3520, 0x000001a19ced3638]
Event: 3.693 Thread 0x000001a1abc2d630 1172       1       org.gradle.internal.io.StreamByteBuffer::access$000 (5 bytes)
Event: 3.693 Thread 0x000001a1abc2d630 nmethod 1172 0x000001a19ced3690 code [0x000001a19ced3820, 0x000001a19ced38d8]
Event: 3.693 Thread 0x000001a1abc2d630 1175       3       org.gradle.internal.io.StreamByteBuffer::allocateSpace (73 bytes)
Event: 3.694 Thread 0x000001a1abc2d630 nmethod 1175 0x000001a1955c1e90 code [0x000001a1955c20a0, 0x000001a1955c27e8]
Event: 3.694 Thread 0x000001a1abc2d630 1173       3       org.gradle.internal.stream.EncodedStream::access$000 (4 bytes)
Event: 3.694 Thread 0x000001a1abc2d630 nmethod 1173 0x000001a1955c2a90 code [0x000001a1955c2c20, 0x000001a1955c2d18]
Event: 3.694 Thread 0x000001a1abc2d630 1174       3       org.gradle.internal.io.StreamByteBuffer$StreamByteBufferOutputStream::write (22 bytes)
Event: 3.695 Thread 0x000001a1abc2d630 nmethod 1174 0x000001a1955c2d90 code [0x000001a1955c2f40, 0x000001a1955c3118]
Event: 3.695 Thread 0x000001a1abc2d630 1176       3       org.gradle.internal.io.StreamByteBuffer$StreamByteBufferChunk::spaceLeft (10 bytes)
Event: 3.695 Thread 0x000001a1abc2d630 nmethod 1176 0x000001a1955c3290 code [0x000001a1955c3420, 0x000001a1955c3538]
Event: 3.695 Thread 0x000001a1abc2d630 1177       3       org.gradle.internal.io.StreamByteBuffer$StreamByteBufferChunk::write (32 bytes)
Event: 3.695 Thread 0x000001a1abc2d630 nmethod 1177 0x000001a1955c3610 code [0x000001a1955c37c0, 0x000001a1955c3978]
Event: 3.695 Thread 0x000001a1abc2d630 1178       3       org.gradle.internal.stream.EncodedStream$EncodedOutput::write (33 bytes)
Event: 3.695 Thread 0x000001a1abc2d630 nmethod 1178 0x000001a1955c3a90 code [0x000001a1955c3c60, 0x000001a1955c3ff8]

GC Heap History (4 events):
Event: 1.240 GC heap before
{Heap before GC invocations=0 (full 0):
 garbage-first heap   total 126976K, used 15360K [0x0000000085e00000, 0x0000000100000000)
  region size 1024K, 13 young (13312K), 0 survivors (0K)
 Metaspace       used 8374K, committed 8512K, reserved 1056768K
  class space    used 735K, committed 768K, reserved 1048576K
}
Event: 1.249 GC heap after
{Heap after GC invocations=1 (full 0):
 garbage-first heap   total 126976K, used 3216K [0x0000000085e00000, 0x0000000100000000)
  region size 1024K, 2 young (2048K), 2 survivors (2048K)
 Metaspace       used 8374K, committed 8512K, reserved 1056768K
  class space    used 735K, committed 768K, reserved 1048576K
}
Event: 2.743 GC heap before
{Heap before GC invocations=1 (full 0):
 garbage-first heap   total 126976K, used 21648K [0x0000000085e00000, 0x0000000100000000)
  region size 1024K, 17 young (17408K), 2 survivors (2048K)
 Metaspace       used 13064K, committed 13184K, reserved 1064960K
  class space    used 1473K, committed 1536K, reserved 1048576K
}
Event: 2.747 GC heap after
{Heap after GC invocations=2 (full 0):
 garbage-first heap   total 126976K, used 9778K [0x0000000085e00000, 0x0000000100000000)
  region size 1024K, 3 young (3072K), 3 survivors (3072K)
 Metaspace       used 13064K, committed 13184K, reserved 1064960K
  class space    used 1473K, committed 1536K, reserved 1048576K
}

Dll operation events (2 events):
Event: 0.021 Loaded shared library C:\Program Files\Android\Android Studio\jbr\bin\java.dll
Event: 0.266 Loaded shared library C:\Program Files\Android\Android Studio\jbr\bin\verify.dll

Deoptimization events (20 events):
Event: 3.406 Thread 0x000001a191ecc440 DEOPT PACKING pc=0x000001a19ce98c24 sp=0x000000189ecfc8f0
Event: 3.406 Thread 0x000001a191ecc440 DEOPT UNPACKING pc=0x000001a19c9169a3 sp=0x000000189ecfc870 mode 2
Event: 3.406 Thread 0x000001a191ecc440 Uncommon trap: trap_request=0xffffff45 fr.pc=0x000001a19ce963a4 relative=0x0000000000000664
Event: 3.406 Thread 0x000001a191ecc440 Uncommon trap: reason=unstable_if action=reinterpret pc=0x000001a19ce963a4 method=java.lang.AbstractStringBuilder.append(Ljava/lang/String;)Ljava/lang/AbstractStringBuilder; @ 1 c2
Event: 3.406 Thread 0x000001a191ecc440 DEOPT PACKING pc=0x000001a19ce963a4 sp=0x000000189ecfc890
Event: 3.406 Thread 0x000001a191ecc440 DEOPT UNPACKING pc=0x000001a19c9169a3 sp=0x000000189ecfc878 mode 2
Event: 3.528 Thread 0x000001a191ecc440 DEOPT PACKING pc=0x000001a1954b4bac sp=0x000000189ecfc480
Event: 3.528 Thread 0x000001a191ecc440 DEOPT UNPACKING pc=0x000001a19c917143 sp=0x000000189ecfb930 mode 0
Event: 3.589 Thread 0x000001a191ecc440 DEOPT PACKING pc=0x000001a1954468b7 sp=0x000000189ecfc810
Event: 3.591 Thread 0x000001a191ecc440 DEOPT UNPACKING pc=0x000001a19c917143 sp=0x000000189ecfbcd8 mode 0
Event: 3.594 Thread 0x000001a191ecc440 DEOPT PACKING pc=0x000001a1954468b7 sp=0x000000189ecfc810
Event: 3.594 Thread 0x000001a191ecc440 DEOPT UNPACKING pc=0x000001a19c917143 sp=0x000000189ecfbcd8 mode 0
Event: 3.596 Thread 0x000001a191ecc440 DEOPT PACKING pc=0x000001a1954468b7 sp=0x000000189ecfc810
Event: 3.596 Thread 0x000001a191ecc440 DEOPT UNPACKING pc=0x000001a19c917143 sp=0x000000189ecfbcd8 mode 0
Event: 3.622 Thread 0x000001a191ecc440 DEOPT PACKING pc=0x000001a1954468b7 sp=0x000000189ecfc810
Event: 3.623 Thread 0x000001a191ecc440 DEOPT UNPACKING pc=0x000001a19c917143 sp=0x000000189ecfbcd8 mode 0
Event: 3.629 Thread 0x000001a191ecc440 DEOPT PACKING pc=0x000001a1954468b7 sp=0x000000189ecfc810
Event: 3.629 Thread 0x000001a191ecc440 DEOPT UNPACKING pc=0x000001a19c917143 sp=0x000000189ecfbcd8 mode 0
Event: 3.633 Thread 0x000001a191ecc440 DEOPT PACKING pc=0x000001a1954468b7 sp=0x000000189ecfc810
Event: 3.633 Thread 0x000001a191ecc440 DEOPT UNPACKING pc=0x000001a19c917143 sp=0x000000189ecfbcd8 mode 0

Classes unloaded (0 events):
No events

Classes redefined (0 events):
No events

Internal exceptions (19 events):
Event: 0.794 Thread 0x000001a191ecc440 Exception <a 'java/lang/NoSuchMethodError'{0x000000008d6158b8}: 'int java.lang.invoke.DirectMethodHandle$Holder.invokeStaticInit(java.lang.Object, java.lang.Object)'> (0x000000008d6158b8) 
thrown [s\src\hotspot\share\interpreter\linkResolver.cpp, line 771]
Event: 2.247 Thread 0x000001a191ecc440 Exception <a 'java/lang/NoSuchMethodError'{0x000000008d2aefb8}: 'void java.lang.invoke.DirectMethodHandle$Holder.invokeStatic(java.lang.Object, java.lang.Object)'> (0x000000008d2aefb8) 
thrown [s\src\hotspot\share\interpreter\linkResolver.cpp, line 771]
Event: 2.283 Thread 0x000001a191ecc440 Exception <a 'java/lang/NoClassDefFoundError'{0x000000008d135640}: org/slf4j/impl/StaticMarkerBinder> (0x000000008d135640) 
thrown [s\src\hotspot\share\classfile\systemDictionary.cpp, line 245]
Event: 2.314 Thread 0x000001a191ecc440 Exception <a 'java/lang/NoSuchMethodError'{0x000000008d1d1530}: 'java.lang.Object java.lang.invoke.DirectMethodHandle$Holder.invokeVirtual(java.lang.Object, java.lang.Object, java.lang.Object, java.lang.Object, java.lang.Object, java.lang.Object, java.lang.Object)'> (0x000000008d1d1530) 
thrown [s\src\hotspot\share\interpreter\linkResolver.cpp, line 771]
Event: 2.317 Thread 0x000001a191ecc440 Exception <a 'java/lang/NoSuchMethodError'{0x000000008d1e2ab0}: 'java.lang.Object java.lang.invoke.Invokers$Holder.invoker(java.lang.Object, java.lang.Object, java.lang.Object)'> (0x000000008d1e2ab0) 
thrown [s\src\hotspot\share\interpreter\linkResolver.cpp, line 771]
Event: 2.323 Thread 0x000001a191ecc440 Exception <a 'java/lang/NoSuchMethodError'{0x000000008d1ebdb0}: 'java.lang.Object java.lang.invoke.DirectMethodHandle$Holder.invokeStatic(java.lang.Object, java.lang.Object, int)'> (0x000000008d1ebdb0) 
thrown [s\src\hotspot\share\interpreter\linkResolver.cpp, line 771]
Event: 2.329 Thread 0x000001a191ecc440 Exception <a 'java/lang/NoSuchMethodError'{0x000000008d1f7aa0}: 'void java.lang.invoke.DelegatingMethodHandle$Holder.delegate(java.lang.Object, java.lang.Object, int, java.lang.Object)'> (0x000000008d1f7aa0) 
thrown [s\src\hotspot\share\interpreter\linkResolver.cpp, line 771]
Event: 2.332 Thread 0x000001a191ecc440 Exception <a 'java/lang/NoSuchMethodError'{0x000000008d1fbbe8}: 'int java.lang.invoke.DirectMethodHandle$Holder.invokeSpecial(java.lang.Object, java.lang.Object, java.lang.Object)'> (0x000000008d1fbbe8) 
thrown [s\src\hotspot\share\interpreter\linkResolver.cpp, line 771]
Event: 2.340 Thread 0x000001a191ecc440 Exception <a 'java/lang/NoSuchMethodError'{0x000000008d00f410}: 'java.lang.Object java.lang.invoke.Invokers$Holder.invokeExact_MT(java.lang.Object, java.lang.Object, java.lang.Object, java.lang.Object)'> (0x000000008d00f410) 
thrown [s\src\hotspot\share\interpreter\linkResolver.cpp, line 771]
Event: 2.641 Thread 0x000001a191ecc440 Exception <a 'java/lang/NoSuchMethodError'{0x000000008ca0a8e8}: 'java.lang.Object java.lang.invoke.DirectMethodHandle$Holder.invokeInterface(java.lang.Object, java.lang.Object, java.lang.Object)'> (0x000000008ca0a8e8) 
thrown [s\src\hotspot\share\interpreter\linkResolver.cpp, line 771]
Event: 2.648 Thread 0x000001a191ecc440 Exception <a 'java/lang/NoSuchMethodError'{0x000000008ca2c1f8}: 'void java.lang.invoke.DirectMethodHandle$Holder.invokeSpecial(java.lang.Object, java.lang.Object, java.lang.Object)'> (0x000000008ca2c1f8) 
thrown [s\src\hotspot\share\interpreter\linkResolver.cpp, line 771]
Event: 2.667 Thread 0x000001a191ecc440 Implicit null exception at 0x000001a19ceaf693 to 0x000001a19ceafaec
Event: 2.667 Thread 0x000001a191ecc440 Implicit null exception at 0x000001a19ce9b511 to 0x000001a19ce9b948
Event: 2.707 Thread 0x000001a191ecc440 Exception <a 'java/lang/NoSuchMethodError'{0x000000008c9c8dd8}: 'java.lang.Object java.lang.invoke.DirectMethodHandle$Holder.invokeStaticInit(java.lang.Object)'> (0x000000008c9c8dd8) 
thrown [s\src\hotspot\share\interpreter\linkResolver.cpp, line 771]
Event: 2.906 Thread 0x000001a191ecc440 Exception <a 'java/lang/NoSuchMethodError'{0x000000008d6e1958}: 'java.lang.Object java.lang.invoke.DirectMethodHandle$Holder.invokeStaticInit(java.lang.Object, int, int, int, int)'> (0x000000008d6e1958) 
thrown [s\src\hotspot\share\interpreter\linkResolver.cpp, line 771]
Event: 2.962 Thread 0x000001a191ecc440 Exception <a 'java/lang/NoSuchMethodError'{0x000000008d514200}: 'java.lang.Object java.lang.invoke.DirectMethodHandle$Holder.invokeStaticInit(java.lang.Object, java.lang.Object, int, int, int, int)'> (0x000000008d514200) 
thrown [s\src\hotspot\share\interpreter\linkResolver.cpp, line 771]
Event: 3.355 Thread 0x000001a191ecc440 Exception <a 'java/lang/NoSuchMethodError'{0x000000008d5411a0}: 'void java.lang.invoke.DirectMethodHandle$Holder.invokeStatic(java.lang.Object, java.lang.Object, java.lang.Object)'> (0x000000008d5411a0) 
thrown [s\src\hotspot\share\interpreter\linkResolver.cpp, line 771]
Event: 3.406 Thread 0x000001a191ecc440 Implicit null exception at 0x000001a19ce985f2 to 0x000001a19ce98c0c
Event: 3.406 Thread 0x000001a191ecc440 Implicit null exception at 0x000001a19ce95d72 to 0x000001a19ce9638c

VM Operations (16 events):
Event: 0.250 Executing VM operation: HandshakeAllThreads
Event: 0.251 Executing VM operation: HandshakeAllThreads done
Event: 1.239 Executing VM operation: G1CollectForAllocation
Event: 1.249 Executing VM operation: G1CollectForAllocation done
Event: 2.080 Executing VM operation: HandshakeAllThreads
Event: 2.080 Executing VM operation: HandshakeAllThreads done
Event: 2.322 Executing VM operation: HandshakeAllThreads
Event: 2.322 Executing VM operation: HandshakeAllThreads done
Event: 2.322 Executing VM operation: Cleanup
Event: 2.322 Executing VM operation: Cleanup done
Event: 2.742 Executing VM operation: G1CollectForAllocation
Event: 2.747 Executing VM operation: G1CollectForAllocation done
Event: 2.821 Executing VM operation: HandshakeAllThreads
Event: 2.821 Executing VM operation: HandshakeAllThreads done
Event: 2.955 Executing VM operation: HandshakeAllThreads
Event: 2.955 Executing VM operation: HandshakeAllThreads done

Events (20 events):
Event: 3.362 loading class sun/nio/ch/ExtendedSocketOption$1
Event: 3.362 loading class sun/nio/ch/ExtendedSocketOption$1 done
Event: 3.373 loading class java/nio/channels/OverlappingFileLockException
Event: 3.373 loading class java/nio/channels/OverlappingFileLockException done
Event: 3.373 loading class java/io/EOFException
Event: 3.373 loading class java/io/EOFException done
Event: 3.389 loading class java/io/DataInputStream
Event: 3.389 loading class java/io/DataInputStream done
Event: 3.423 loading class java/io/DataOutputStream
Event: 3.424 loading class java/io/DataOutputStream done
Event: 3.430 loading class java/io/FileOutputStream$1
Event: 3.430 loading class java/io/FileOutputStream$1 done
Event: 3.432 loading class java/util/Arrays$LegacyMergeSort
Event: 3.433 loading class java/util/Arrays$LegacyMergeSort done
Event: 3.433 loading class java/util/TimSort
Event: 3.433 loading class java/util/TimSort done
Event: 3.685 loading class java/nio/charset/CharacterCodingException
Event: 3.685 loading class java/nio/charset/CharacterCodingException done
Event: 3.722 loading class java/util/ArrayList$SubList$1
Event: 3.722 loading class java/util/ArrayList$SubList$1 done


Dynamic libraries:
0x00007ff7773a0000 - 0x00007ff7773aa000 	C:\Program Files\Android\Android Studio\jbr\bin\java.exe
0x00007ffd8e4d0000 - 0x00007ffd8e6c8000 	C:\WINDOWS\SYSTEM32\ntdll.dll
0x00007ffd8d7a0000 - 0x00007ffd8d85d000 	C:\WINDOWS\System32\KERNEL32.DLL
0x00007ffd8c020000 - 0x00007ffd8c316000 	C:\WINDOWS\System32\KERNELBASE.dll
0x00007ffd8beb0000 - 0x00007ffd8bfb0000 	C:\WINDOWS\System32\ucrtbase.dll
0x00007ffd5dbc0000 - 0x00007ffd5dbd7000 	C:\Program Files\Android\Android Studio\jbr\bin\jli.dll
0x00007ffd8c9a0000 - 0x00007ffd8cb3f000 	C:\WINDOWS\System32\USER32.dll
0x00007ffd8c320000 - 0x00007ffd8c342000 	C:\WINDOWS\System32\win32u.dll
0x00007ffd8e300000 - 0x00007ffd8e32b000 	C:\WINDOWS\System32\GDI32.dll
0x00007ffd8bd90000 - 0x00007ffd8bea7000 	C:\WINDOWS\System32\gdi32full.dll
0x00007ffd8bc30000 - 0x00007ffd8bccd000 	C:\WINDOWS\System32\msvcp_win.dll
0x00007ffd5dba0000 - 0x00007ffd5dbbb000 	C:\Program Files\Android\Android Studio\jbr\bin\VCRUNTIME140.dll
0x00007ffd79500000 - 0x00007ffd7979a000 	C:\WINDOWS\WinSxS\amd64_microsoft.windows.common-controls_6595b64144ccf1df_6.0.19041.3636_none_60b6a03d71f818d5\COMCTL32.dll
0x00007ffd8d700000 - 0x00007ffd8d79e000 	C:\WINDOWS\System32\msvcrt.dll
0x00007ffd8d5f0000 - 0x00007ffd8d622000 	C:\WINDOWS\System32\IMM32.DLL
0x00007ffd68b80000 - 0x00007ffd68b8c000 	C:\Program Files\Android\Android Studio\jbr\bin\vcruntime140_1.dll
0x00007ffd48240000 - 0x00007ffd482cd000 	C:\Program Files\Android\Android Studio\jbr\bin\msvcp140.dll
0x00007ffd14710000 - 0x00007ffd1537e000 	C:\Program Files\Android\Android Studio\jbr\bin\server\jvm.dll
0x00007ffd8db30000 - 0x00007ffd8dbe0000 	C:\WINDOWS\System32\ADVAPI32.dll
0x00007ffd8d4c0000 - 0x00007ffd8d560000 	C:\WINDOWS\System32\sechost.dll
0x00007ffd8c870000 - 0x00007ffd8c995000 	C:\WINDOWS\System32\RPCRT4.dll
0x00007ffd8bcd0000 - 0x00007ffd8bcf7000 	C:\WINDOWS\System32\bcrypt.dll
0x00007ffd84af0000 - 0x00007ffd84af9000 	C:\WINDOWS\SYSTEM32\WSOCK32.dll
0x00007ffd8d310000 - 0x00007ffd8d37b000 	C:\WINDOWS\System32\WS2_32.dll
0x00007ffd74320000 - 0x00007ffd74347000 	C:\WINDOWS\SYSTEM32\WINMM.dll
0x00007ffd87130000 - 0x00007ffd8713a000 	C:\WINDOWS\SYSTEM32\VERSION.dll
0x00007ffd8a3c0000 - 0x00007ffd8a3d2000 	C:\WINDOWS\SYSTEM32\kernel.appcore.dll
0x00007ffd68970000 - 0x00007ffd6897a000 	C:\Program Files\Android\Android Studio\jbr\bin\jimage.dll
0x00007ffd89910000 - 0x00007ffd89af4000 	C:\WINDOWS\SYSTEM32\DBGHELP.DLL
0x00007ffd772e0000 - 0x00007ffd77314000 	C:\WINDOWS\SYSTEM32\dbgcore.DLL
0x00007ffd8bd00000 - 0x00007ffd8bd82000 	C:\WINDOWS\System32\bcryptPrimitives.dll
0x00007ffd48210000 - 0x00007ffd48235000 	C:\Program Files\Android\Android Studio\jbr\bin\java.dll
0x00007ffd481f0000 - 0x00007ffd48208000 	C:\Program Files\Android\Android Studio\jbr\bin\zip.dll
0x00007ffd8cba0000 - 0x00007ffd8d30b000 	C:\WINDOWS\System32\SHELL32.dll
0x00007ffd89b00000 - 0x00007ffd8a29e000 	C:\WINDOWS\SYSTEM32\windows.storage.dll
0x00007ffd8c500000 - 0x00007ffd8c853000 	C:\WINDOWS\System32\combase.dll
0x00007ffd8b4e0000 - 0x00007ffd8b50e000 	C:\WINDOWS\SYSTEM32\Wldp.dll
0x00007ffd8d630000 - 0x00007ffd8d6fd000 	C:\WINDOWS\System32\OLEAUT32.dll
0x00007ffd8e330000 - 0x00007ffd8e3dd000 	C:\WINDOWS\System32\SHCORE.dll
0x00007ffd8d380000 - 0x00007ffd8d3d5000 	C:\WINDOWS\System32\shlwapi.dll
0x00007ffd8bab0000 - 0x00007ffd8bad3000 	C:\WINDOWS\SYSTEM32\profapi.dll
0x00007ffd481d0000 - 0x00007ffd481e9000 	C:\Program Files\Android\Android Studio\jbr\bin\net.dll
0x00007ffd79ce0000 - 0x00007ffd79dea000 	C:\WINDOWS\SYSTEM32\WINHTTP.dll
0x00007ffd8b240000 - 0x00007ffd8b2aa000 	C:\WINDOWS\system32\mswsock.dll
0x00007ffd481b0000 - 0x00007ffd481c6000 	C:\Program Files\Android\Android Studio\jbr\bin\nio.dll
0x00007ffd74350000 - 0x00007ffd74360000 	C:\Program Files\Android\Android Studio\jbr\bin\verify.dll
0x00007ffd583d0000 - 0x00007ffd583f7000 	E:\Gradle\gradle-7.5\native\e1d6ef7f7dcc3fd88c89a11ec53ec762bb8ba0a96d01ffa2cd45eb1d1d8dd5c5\windows-amd64\native-platform.dll
0x00007ffd65c90000 - 0x00007ffd65c99000 	C:\Program Files\Android\Android Studio\jbr\bin\management.dll
0x00007ffd63a50000 - 0x00007ffd63a5b000 	C:\Program Files\Android\Android Studio\jbr\bin\management_ext.dll
0x00007ffd8c860000 - 0x00007ffd8c868000 	C:\WINDOWS\System32\PSAPI.DLL
0x00007ffd8b430000 - 0x00007ffd8b448000 	C:\WINDOWS\SYSTEM32\CRYPTSP.dll
0x00007ffd8ab70000 - 0x00007ffd8aba4000 	C:\WINDOWS\system32\rsaenh.dll
0x00007ffd8ba70000 - 0x00007ffd8ba9e000 	C:\WINDOWS\SYSTEM32\USERENV.dll
0x00007ffd8b450000 - 0x00007ffd8b45c000 	C:\WINDOWS\SYSTEM32\CRYPTBASE.dll
0x00007ffd8af30000 - 0x00007ffd8af6b000 	C:\WINDOWS\SYSTEM32\IPHLPAPI.DLL
0x00007ffd8da00000 - 0x00007ffd8da08000 	C:\WINDOWS\System32\NSI.dll
0x00007ffd7a6f0000 - 0x00007ffd7a707000 	C:\WINDOWS\SYSTEM32\dhcpcsvc6.DLL
0x00007ffd80690000 - 0x00007ffd806ad000 	C:\WINDOWS\SYSTEM32\dhcpcsvc.DLL
0x00007ffd8af70000 - 0x00007ffd8b03b000 	C:\WINDOWS\SYSTEM32\DNSAPI.dll

dbghelp: loaded successfully - version: 4.0.5 - missing functions: none
symbol engine: initialized successfully - sym options: 0x614 - pdb path: .;C:\Program Files\Android\Android Studio\jbr\bin;C:\WINDOWS\SYSTEM32;C:\WINDOWS\WinSxS\amd64_microsoft.windows.common-controls_6595b64144ccf1df_6.0.19041.3636_none_60b6a03d71f818d5;C:\Program Files\Android\Android Studio\jbr\bin\server;E:\Gradle\gradle-7.5\native\e1d6ef7f7dcc3fd88c89a11ec53ec762bb8ba0a96d01ffa2cd45eb1d1d8dd5c5\windows-amd64

VM Arguments:
jvm_args: -Dorg.gradle.appname=gradlew 
java_command: org.gradle.wrapper.GradleWrapperMain -q -Ptarget-platform=android-arm64 -Ptarget=E:\talk_ai-v1.0.1\lib\main.dart -Pbase-application-name=android.app.Application -Pdart-defines=RkxVVFRFUl9XRUJfQVVUT19ERVRFQ1Q9dHJ1ZQ==,RkxVVFRFUl9XRUJfQ0FOVkFTS0lUX1VSTD1odHRwczovL3d3dy5nc3RhdGljLmNvbS9mbHV0dGVyLWNhbnZhc2tpdC8wNDgxN2M5OWM5ZmQ0OTU2ZjI3NTA1MjA0ZjdlMzQ0MzM1ODEwYWVkLw== -Pdart-obfuscation=false -Ptrack-widget-creation=true -Ptree-shake-icons=false -Pfilesystem-scheme=org-dartlang-root assembleDebug
java_class_path (initial): E:\talk_ai-v1.0.1\android\\gradle\wrapper\gradle-wrapper.jar
Launcher Type: SUN_STANDARD

[Global flags]
     intx CICompilerCount                          = 3                                         {product} {ergonomic}
     uint ConcGCThreads                            = 1                                         {product} {ergonomic}
     uint G1ConcRefinementThreads                  = 4                                         {product} {ergonomic}
   size_t G1HeapRegionSize                         = 1048576                                   {product} {ergonomic}
    uintx GCDrainStackTargetSize                   = 64                                        {product} {ergonomic}
   size_t InitialHeapSize                          = 130023424                                 {product} {ergonomic}
   size_t MarkStackSize                            = 4194304                                   {product} {ergonomic}
   size_t MaxHeapSize                              = 2048917504                                {product} {ergonomic}
   size_t MaxNewSize                               = 1228931072                                {product} {ergonomic}
   size_t MinHeapDeltaBytes                        = 1048576                                   {product} {ergonomic}
   size_t MinHeapSize                              = 8388608                                   {product} {ergonomic}
    uintx NonNMethodCodeHeapSize                   = 5832780                                {pd product} {ergonomic}
    uintx NonProfiledCodeHeapSize                  = 122912730                              {pd product} {ergonomic}
    uintx ProfiledCodeHeapSize                     = 122912730                              {pd product} {ergonomic}
    uintx ReservedCodeCacheSize                    = 251658240                              {pd product} {ergonomic}
     bool SegmentedCodeCache                       = true                                      {product} {ergonomic}
   size_t SoftMaxHeapSize                          = 2048917504                             {manageable} {ergonomic}
     bool UseCompressedClassPointers               = true                           {product lp64_product} {ergonomic}
     bool UseCompressedOops                        = true                           {product lp64_product} {ergonomic}
     bool UseG1GC                                  = true                                      {product} {ergonomic}
     bool UseLargePagesIndividualAllocation        = false                                  {pd product} {ergonomic}

Logging:
Log output configuration:
 #0: stdout all=warning uptime,level,tags
 #1: stderr all=off uptime,level,tags

Environment Variables:
JAVA_HOME=C:\Program Files\Android\Android Studio\jbr
CLASSPATH=E:\talk_ai-v1.0.1\android\\gradle\wrapper\gradle-wrapper.jar
PATH=C:\Program Files\Android\Android Studio\jbr\bin;C:\Program Files\Microsoft MPI\Bin\;C:\Program Files\Python310\Scripts\;C:\Program Files\Python310\;C:\Program Files\Common Files\Oracle\Java\javapath;C:\WINDOWS\system32;C:\WINDOWS;C:\WINDOWS\System32\Wbem;C:\WINDOWS\System32\WindowsPowerShell\v1.0\;C:\WINDOWS\System32\OpenSSH\;C:\Program Files\Git\cmd;C:\Program Files\nodejs\;E:\Gradle\gradle-7.5\bin;C:\Program Files\MySQL\MySQL Server 8.0\bin;E:\flutter_windows_3.19.0-stable\flutter\bin;C:\Program Files\MySQL\MySQL Shell 8.0\bin\;C:\Users\DELL\AppData\Local\Microsoft\WindowsApps;C:\Users\DELL\AppData\Local\Programs\Microsoft VS Code\bin;C:\Program Files\Python310;C:\Users\DELL\AppData\Local\Android\Sdk\platform-tools;C:\Users\DELL\AppData\Local\Pub\Cache\bin;C:\Users\DELL\AppData\Local\Pub\Cache\bin;E:\dart\dartsdk-windows-x64-release\dart-sdk\bin;C:\Users\DELL\AppData\Roaming\npm;C:\MinGW\bin;C:\Program Files\Azure Data Studio\bin;C:\Kotlin\kotlin-compiler-1.9.10\kotlinc\bin;C:\Program Files\Python310\Scripts;;E:\flutter_windows_3.19.0-stable\flutter\bin\mingit\cmd;E:\flutter_windows_3.19.0-stable\flutter\bin\mingit\cmd
USERNAME=DELL
OS=Windows_NT
PROCESSOR_IDENTIFIER=Intel64 Family 6 Model 142 Stepping 9, GenuineIntel
TMP=C:\Users\DELL\AppData\Local\Temp
TEMP=C:\Users\DELL\AppData\Local\Temp


JNI global refs:
JNI global refs: 18, weak refs: 0

JNI global refs memory usage: 843, weak refs: 841


---------------  S Y S T E M  ---------------

OS:
 Windows 10 , 64 bit Build 19041 (10.0.19041.3636)
OS uptime: 1 days 0:04 hours

CPU: total 4 (initial active 4) (2 cores per cpu, 2 threads per core) family 6 model 142 stepping 9 microcode 0xb4, cx8, cmov, fxsr, ht, mmx, 3dnowpref, sse, sse2, sse3, ssse3, sse4.1, sse4.2, popcnt, lzcnt, tsc, tscinvbit, avx, avx2, aes, erms, clmul, bmi1, bmi2, rtm, adx, fma, vzeroupper, clflush, clflushopt

Memory: 4k page, system-wide physical 7813M (612M free)
TotalPageFile size 13057M (AvailPageFile size 8M)
current process WorkingSet (physical memory assigned to process): 88M, peak: 88M
current process commit charge ("private bytes"): 218M, peak: 218M

vm_info: OpenJDK 64-Bit Server VM (17.0.6+0-b2043.56-10027231) for windows-amd64 JRE (17.0.6+0-b2043.56-10027231), built on Apr 28 2023 00:43:19 by "androidbuild" with MS VC++ 16.10 / 16.11 (VS2019)

END.
